10:23:20| ****************************************
10:23:20| Part 1
10:23:20| 
10:23:20| File: ./mazes/very-small.bmp
10:23:20| Drawing commands to solve = 50
10:23:25| Found path has length     = 0
10:23:25| 
10:23:25| File: ./mazes/very-small-loops.bmp
10:23:25| Drawing commands to solve = 170
10:23:26| Found path has length     = 0
10:23:26| 
10:23:26| File: ./mazes/small.bmp
10:23:26| Drawing commands to solve = 1090
10:23:27| Found path has length     = 0
10:23:27| 
10:23:27| File: ./mazes/small-loops.bmp
10:23:27| Drawing commands to solve = 1090
10:23:27| Found path has length     = 0
10:23:27| 
10:23:27| File: ./mazes/small-odd.bmp
10:23:27| Drawing commands to solve = 1090
10:23:28| Found path has length     = 0
10:23:28| 
10:23:28| File: ./mazes/small-open.bmp
10:23:28| Drawing commands to solve = 1090
10:23:28| Found path has length     = 0
10:23:28| 
10:23:28| File: ./mazes/large.bmp
10:23:28| Drawing commands to solve = 16642
10:23:29| Found path has length     = 0
10:23:29| 
10:23:29| File: ./mazes/large-loops.bmp
10:23:29| Drawing commands to solve = 16642
10:23:30| Found path has length     = 0
10:23:30| ****************************************
