10:23:25| ****************************************
10:23:25| Part 1
10:23:25| 
10:23:25| File: ./mazes/very-small.bmp
10:23:25| Drawing commands to solve = 86
10:23:28| Found path has length     = 11
10:23:28| 
10:23:28| File: ./mazes/very-small-loops.bmp
10:23:28| Drawing commands to solve = 342
10:23:39| Found path has length     = 39
10:23:39| 
10:23:39| File: ./mazes/small.bmp
10:23:39| Drawing commands to solve = 2386
10:24:08| Found path has length     = 79
10:24:08| 
10:24:08| File: ./mazes/small-loops.bmp
10:24:08| Drawing commands to solve = 1950
10:24:12| Found path has length     = 199
10:24:12| 
10:24:12| File: ./mazes/small-odd.bmp
10:24:12| Drawing commands to solve = 2274
10:24:15| Found path has length     = 83
10:24:15| 
10:24:15| File: ./mazes/small-open.bmp
10:24:15| Drawing commands to solve = 2466
10:24:19| Found path has length     = 323
10:24:19| 
10:24:19| File: ./mazes/large.bmp
10:24:33| Drawing commands to solve = 43194
10:25:28| Found path has length     = 1299
10:25:28| 
10:25:28| File: ./mazes/large-loops.bmp
10:25:37| Drawing commands to solve = 30838
10:26:07| Found path has length     = 1575
10:26:07| ****************************************
