10:20:08| ****************************************
10:20:08| Part 1
10:20:08| 
10:20:08| File: ./mazes/very-small.bmp
10:20:08| Drawing commands to solve = 60
10:20:09| Found path has length     = 6
10:20:09| 
10:20:09| File: ./mazes/very-small-loops.bmp
10:20:09| Drawing commands to solve = 246
10:20:12| Found path has length     = 39
10:20:12| 
10:20:12| File: ./mazes/small.bmp
10:20:12| Drawing commands to solve = 1096
10:20:12| Found path has length     = 4
10:20:12| 
10:20:12| File: ./mazes/small-loops.bmp
10:20:12| Drawing commands to solve = 1130
10:20:12| Found path has length     = 21
10:20:12| 
10:20:12| File: ./mazes/small-odd.bmp
10:20:13| Drawing commands to solve = 1094
10:20:13| Found path has length     = 3
10:20:13| 
10:20:13| File: ./mazes/small-open.bmp
10:20:13| Drawing commands to solve = 1170
10:20:13| Found path has length     = 41
10:20:13| 
10:20:13| File: ./mazes/large.bmp
10:20:13| Drawing commands to solve = 16684
10:20:14| Found path has length     = 22
10:20:14| 
10:20:14| File: ./mazes/large-loops.bmp
10:20:14| Drawing commands to solve = 16706
10:20:14| Found path has length     = 33
10:20:14| ****************************************
