10:22:15| ****************************************
10:22:15| Part 1
10:22:15| 
10:22:15| File: ./mazes/very-small.bmp
10:22:15| Drawing commands to solve = 102
10:22:23| Found path has length     = 1
10:22:23| 
10:22:23| File: ./mazes/very-small-loops.bmp
10:22:23| Drawing commands to solve = 178
10:22:26| Found path has length     = 1
10:22:26| 
10:22:26| File: ./mazes/small.bmp
10:22:26| Drawing commands to solve = 1098
10:22:27| Found path has length     = 1
10:22:27| 
10:22:27| File: ./mazes/small-loops.bmp
10:22:27| Drawing commands to solve = 1154
10:22:32| Found path has length     = 1
10:22:32| 
10:22:32| File: ./mazes/small-odd.bmp
10:22:32| Drawing commands to solve = 1106
10:22:33| Found path has length     = 1
10:22:33| 
10:22:33| File: ./mazes/small-open.bmp
10:22:33| Drawing commands to solve = 1098
10:22:34| Found path has length     = 1
10:22:34| 
10:22:34| File: ./mazes/large.bmp
10:22:34| Drawing commands to solve = 16710
10:22:40| Found path has length     = 1
10:22:40| 
10:22:40| File: ./mazes/large-loops.bmp
10:22:40| Drawing commands to solve = 16650
10:22:41| Found path has length     = 1
10:22:41| ****************************************
