11:44:29| 0 cars have been created. = 0.00000180
11:44:29| Factories      : 1
11:44:29| Dealerships    : 1
11:44:29| Run Time       : 0.0000
11:44:29| Max queue size : 0
11:44:29| Factory Stats  : Made = 0 @ []
11:44:29| Dealer Stats   : Sold = 0 @ [0]
11:44:29| 
11:44:29| 0 cars have been created. = 0.00000370
11:44:29| Factories      : 1
11:44:29| Dealerships    : 2
11:44:29| Run Time       : 0.0000
11:44:29| Max queue size : 0
11:44:29| Factory Stats  : Made = 0 @ []
11:44:29| Dealer Stats   : Sold = 0 @ [0, 0]
11:44:29| 
11:44:29| 0 cars have been created. = 0.00000120
11:44:29| Factories      : 2
11:44:29| Dealerships    : 1
11:44:29| Run Time       : 0.0000
11:44:29| Max queue size : 0
11:44:29| Factory Stats  : Made = 0 @ []
11:44:29| Dealer Stats   : Sold = 0 @ [0]
11:44:29| 
11:44:29| 0 cars have been created. = 0.00000120
11:44:29| Factories      : 2
11:44:29| Dealerships    : 2
11:44:29| Run Time       : 0.0000
11:44:29| Max queue size : 0
11:44:29| Factory Stats  : Made = 0 @ []
11:44:29| Dealer Stats   : Sold = 0 @ [0, 0]
11:44:29| 
11:44:29| 0 cars have been created. = 0.00000560
11:44:29| Factories      : 2
11:44:29| Dealerships    : 5
11:44:29| Run Time       : 0.0000
11:44:29| Max queue size : 0
11:44:29| Factory Stats  : Made = 0 @ []
11:44:29| Dealer Stats   : Sold = 0 @ [0, 0, 0, 0, 0]
11:44:29| 
11:44:29| 0 cars have been created. = 0.00000180
11:44:29| Factories      : 5
11:44:29| Dealerships    : 2
11:44:29| Run Time       : 0.0000
11:44:29| Max queue size : 0
11:44:29| Factory Stats  : Made = 0 @ []
11:44:29| Dealer Stats   : Sold = 0 @ [0, 0]
11:44:29| 
11:44:29| 0 cars have been created. = 0.00000130
11:44:29| Factories      : 10
11:44:29| Dealerships    : 10
11:44:29| Run Time       : 0.0000
11:44:29| Max queue size : 0
11:44:29| Factory Stats  : Made = 0 @ []
11:44:29| Dealer Stats   : Sold = 0 @ [0, 0, 0, 0, 0, 0, 0, 0, 0, 0]
11:44:29| 
