10:08:58| 0 cars have been created. = 0.00000600
10:08:58| Factories      : 1
10:08:58| Dealerships    : 1
10:08:58| Run Time       : 0.0000
10:08:58| Max queue size : 0
10:08:58| Factory Stats  : Made = 0 @ []
10:08:58| Dealer Stats   : Sold = 0 @ [0]
10:08:58| 
10:08:58| 0 cars have been created. = 0.00000110
10:08:58| Factories      : 1
10:08:58| Dealerships    : 2
10:08:58| Run Time       : 0.0000
10:08:58| Max queue size : 0
10:08:58| Factory Stats  : Made = 0 @ []
10:08:58| Dealer Stats   : Sold = 0 @ [0, 0]
10:08:58| 
10:08:58| 0 cars have been created. = 0.00000100
10:08:58| Factories      : 2
10:08:58| Dealerships    : 1
10:08:58| Run Time       : 0.0000
10:08:58| Max queue size : 0
10:08:58| Factory Stats  : Made = 0 @ []
10:08:58| Dealer Stats   : Sold = 0 @ [0]
10:08:58| 
10:08:58| 0 cars have been created. = 0.00000150
10:08:58| Factories      : 2
10:08:58| Dealerships    : 2
10:08:58| Run Time       : 0.0000
10:08:58| Max queue size : 0
10:08:58| Factory Stats  : Made = 0 @ []
10:08:58| Dealer Stats   : Sold = 0 @ [0, 0]
10:08:58| 
10:08:58| 0 cars have been created. = 0.00000110
10:08:58| Factories      : 2
10:08:58| Dealerships    : 5
10:08:58| Run Time       : 0.0000
10:08:58| Max queue size : 0
10:08:58| Factory Stats  : Made = 0 @ []
10:08:58| Dealer Stats   : Sold = 0 @ [0, 0, 0, 0, 0]
10:08:58| 
10:08:58| 0 cars have been created. = 0.00000110
10:08:58| Factories      : 5
10:08:58| Dealerships    : 2
10:08:58| Run Time       : 0.0000
10:08:58| Max queue size : 0
10:08:58| Factory Stats  : Made = 0 @ []
10:08:58| Dealer Stats   : Sold = 0 @ [0, 0]
10:08:58| 
10:08:58| 0 cars have been created. = 0.00000180
10:08:58| Factories      : 10
10:08:58| Dealerships    : 10
10:08:58| Run Time       : 0.0000
10:08:58| Max queue size : 0
10:08:58| Factory Stats  : Made = 0 @ []
10:08:58| Dealer Stats   : Sold = 0 @ [0, 0, 0, 0, 0, 0, 0, 0, 0, 0]
10:08:58| 
