10:13:08| 0 cars have been created. = 2.41078310
10:13:08| Factories      : 1
10:13:08| Dealerships    : 1
10:13:08| Run Time       : 2.4108
10:13:08| Max queue size : 6
10:13:08| Factory Stats  : Made = 0 @ []
10:13:08| Dealer Stats   : Sold = 0 @ [0]
10:13:08| 
10:13:11| 0 cars have been created. = 2.70329890
10:13:11| Factories      : 1
10:13:11| Dealerships    : 2
10:13:11| Run Time       : 2.7033
10:13:11| Max queue size : 5
10:13:11| Factory Stats  : Made = 0 @ []
10:13:11| Dealer Stats   : Sold = 0 @ [0, 0]
10:13:11| 
10:13:14| 0 cars have been created. = 3.10804190
10:13:14| Factories      : 2
10:13:14| Dealerships    : 1
10:13:14| Run Time       : 3.1080
10:13:14| Max queue size : 8
10:13:14| Factory Stats  : Made = 0 @ []
10:13:14| Dealer Stats   : Sold = 0 @ [0]
10:13:14| 
10:13:17| 0 cars have been created. = 3.00234520
10:13:17| Factories      : 2
10:13:17| Dealerships    : 2
10:13:17| Run Time       : 3.0023
10:13:17| Max queue size : 8
10:13:17| Factory Stats  : Made = 0 @ []
10:13:17| Dealer Stats   : Sold = 0 @ [0, 0]
10:13:17| 
10:13:20| 0 cars have been created. = 2.85136360
10:13:20| Factories      : 2
10:13:20| Dealerships    : 5
10:13:20| Run Time       : 2.8514
10:13:20| Max queue size : 5
10:13:20| Factory Stats  : Made = 0 @ []
10:13:20| Dealer Stats   : Sold = 0 @ [0, 0, 0, 0, 0]
10:13:20| 
10:13:23| 0 cars have been created. = 3.19547480
10:13:23| Factories      : 5
10:13:23| Dealerships    : 2
10:13:23| Run Time       : 3.1955
10:13:23| Max queue size : 9
10:13:23| Factory Stats  : Made = 0 @ []
10:13:23| Dealer Stats   : Sold = 0 @ [0, 0]
10:13:23| 
10:13:27| 0 cars have been created. = 3.51684350
10:13:27| Factories      : 10
10:13:27| Dealerships    : 10
10:13:27| Run Time       : 3.5168
10:13:27| Max queue size : 8
10:13:27| Factory Stats  : Made = 0 @ []
10:13:27| Dealer Stats   : Sold = 0 @ [0, 0, 0, 0, 0, 0, 0, 0, 0, 0]
10:13:27| 
