10:50:26| --------------------------------------------------------------------------------
10:50:26| Primes: 0
10:50:26|  
10:50:26| --------------------------------------------------------------------------------
10:50:26| Words: 0
10:50:26|  
10:50:26| --------------------------------------------------------------------------------
10:50:26| Uppercase: 0
10:50:26|  
10:50:26| --------------------------------------------------------------------------------
10:50:26| Sums: 0
10:50:26|  
10:50:26| --------------------------------------------------------------------------------
10:50:26| Names: 0
10:50:26|  
10:50:26| Number of Primes tasks: 0
10:50:26| Number of Words tasks: 0
10:50:26| Number of Uppercase tasks: 0
10:50:26| Number of Sums tasks: 0
10:50:26| Number of Names tasks: 0
10:50:26| Total time to process 5 tasks = 0.01279460
