12:27:28| --------------------------------------------------------------------------------
12:27:28| Primes: 1
12:27:28| 4 is not prime
12:27:28|  
12:27:28| --------------------------------------------------------------------------------
12:27:28| Words: 1
12:27:28| 3 not found
12:27:28|  
12:27:28| --------------------------------------------------------------------------------
12:27:28| Uppercase: 0
12:27:28|  
12:27:28| --------------------------------------------------------------------------------
12:27:28| Sums: 0
12:27:28|  
12:27:28| --------------------------------------------------------------------------------
12:27:28| Names: 1
12:27:28| 2
12:27:28|  
12:27:28| Number of Primes tasks: 1
12:27:28| Number of Words tasks: 1
12:27:28| Number of Uppercase tasks: 0
12:27:28| Number of Sums tasks: 0
12:27:28| Number of Names tasks: 1
12:27:28| Total time to process 5 tasks = 35.08293310
