11:44:51| --------------------------------------------------------------------------------
11:44:51| Primes: 1000
11:44:51| True
11:44:51| True
11:44:51| True
11:44:51| False
11:44:51| True
11:44:51| False
11:44:51| True
11:44:51| False
11:44:51| False
11:44:51| True
11:44:51| False
11:44:51| True
11:44:51| False
11:44:51| True
11:44:51| True
11:44:51| True
11:44:51| False
11:44:51| False
11:44:51| True
11:44:51| True
11:44:51| False
11:44:51| True
11:44:51| False
11:44:51| False
11:44:51| True
11:44:51| False
11:44:51| False
11:44:51| True
11:44:51| False
11:44:51| True
11:44:51| False
11:44:51| True
11:44:51| False
11:44:51| False
11:44:51| True
11:44:51| True
11:44:51| True
11:44:51| False
11:44:51| False
11:44:51| True
11:44:51| False
11:44:51| False
11:44:51| True
11:44:51| False
11:44:51| True
11:44:51| False
11:44:51| True
11:44:51| False
11:44:51| False
11:44:51| False
11:44:51| True
11:44:51| False
11:44:51| True
11:44:51| True
11:44:51| True
11:44:51| True
11:44:51| True
11:44:51| True
11:44:51| True
11:44:51| False
11:44:51| True
11:44:51| True
11:44:51| False
11:44:51| False
11:44:51| False
11:44:51| True
11:44:51| True
11:44:51| False
11:44:51| True
11:44:51| True
11:44:51| False
11:44:51| True
11:44:51| False
11:44:51| True
11:44:51| False
11:44:51| True
11:44:51| False
11:44:51| True
11:44:51| False
11:44:51| True
11:44:51| True
11:44:51| True
11:44:51| True
11:44:51| False
11:44:51| True
11:44:51| True
11:44:51| True
11:44:51| True
11:44:51| False
11:44:51| True
11:44:51| False
11:44:51| False
11:44:51| False
11:44:51| True
11:44:51| False
11:44:51| True
11:44:51| False
11:44:51| False
11:44:51| True
11:44:51| False
11:44:51| True
11:44:51| True
11:44:51| False
11:44:51| False
11:44:51| True
11:44:51| False
11:44:51| True
11:44:51| True
11:44:51| True
11:44:51| True
11:44:51| False
11:44:51| False
11:44:51| True
11:44:51| False
11:44:51| True
11:44:51| False
11:44:51| False
11:44:51| False
11:44:51| True
11:44:51| True
11:44:51| False
11:44:51| True
11:44:51| True
11:44:51| False
11:44:51| True
11:44:51| False
11:44:51| False
11:44:51| False
11:44:51| True
11:44:51| False
11:44:51| False
11:44:51| True
11:44:51| False
11:44:51| True
11:44:51| True
11:44:51| False
11:44:51| True
11:44:51| False
11:44:51| True
11:44:51| True
11:44:51| True
11:44:51| False
11:44:51| False
11:44:51| True
11:44:51| False
11:44:51| False
11:44:51| True
11:44:51| True
11:44:51| False
11:44:51| True
11:44:51| False
11:44:51| False
11:44:51| True
11:44:51| False
11:44:51| True
11:44:51| False
11:44:51| False
11:44:51| False
11:44:51| True
11:44:51| True
11:44:51| False
11:44:51| True
11:44:51| False
11:44:51| True
11:44:51| True
11:44:51| True
11:44:51| False
11:44:51| True
11:44:51| False
11:44:51| False
11:44:51| False
11:44:51| True
11:44:51| False
11:44:51| True
11:44:51| False
11:44:51| True
11:44:51| True
11:44:51| False
11:44:51| True
11:44:51| False
11:44:51| True
11:44:51| False
11:44:51| False
11:44:51| True
11:44:51| False
11:44:51| True
11:44:51| False
11:44:51| False
11:44:51| True
11:44:51| False
11:44:51| False
11:44:51| True
11:44:51| True
11:44:51| True
11:44:51| True
11:44:51| False
11:44:51| True
11:44:51| False
11:44:51| False
11:44:51| True
11:44:51| True
11:44:51| True
11:44:51| True
11:44:51| True
11:44:51| True
11:44:51| True
11:44:51| True
11:44:51| False
11:44:51| False
11:44:51| False
11:44:51| True
11:44:51| True
11:44:51| False
11:44:51| True
11:44:51| False
11:44:51| False
11:44:51| True
11:44:51| False
11:44:51| False
11:44:51| True
11:44:51| True
11:44:51| True
11:44:51| False
11:44:51| False
11:44:51| True
11:44:51| False
11:44:51| False
11:44:51| True
11:44:51| False
11:44:51| False
11:44:51| True
11:44:51| False
11:44:51| False
11:44:51| True
11:44:51| False
11:44:51| True
11:44:51| False
11:44:51| False
11:44:51| False
11:44:51| False
11:44:51| False
11:44:51| True
11:44:51| True
11:44:51| False
11:44:51| True
11:44:51| False
11:44:51| False
11:44:51| False
11:44:51| False
11:44:51| True
11:44:51| False
11:44:51| False
11:44:51| True
11:44:51| False
11:44:51| False
11:44:51| True
11:44:51| False
11:44:51| True
11:44:51| True
11:44:51| True
11:44:51| True
11:44:51| True
11:44:51| False
11:44:51| True
11:44:51| False
11:44:51| False
11:44:51| False
11:44:51| True
11:44:51| True
11:44:51| False
11:44:51| True
11:44:51| True
11:44:51| False
11:44:51| True
11:44:51| False
11:44:51| False
11:44:51| False
11:44:51| False
11:44:51| False
11:44:51| False
11:44:51| False
11:44:51| True
11:44:51| False
11:44:51| False
11:44:51| True
11:44:51| False
11:44:51| False
11:44:51| True
11:44:51| False
11:44:51| True
11:44:51| False
11:44:51| False
11:44:51| True
11:44:51| False
11:44:51| False
11:44:51| True
11:44:51| False
11:44:51| False
11:44:51| True
11:44:51| False
11:44:51| True
11:44:51| True
11:44:51| True
11:44:51| False
11:44:51| False
11:44:51| True
11:44:51| False
11:44:51| True
11:44:51| False
11:44:51| True
11:44:51| False
11:44:51| True
11:44:51| False
11:44:51| False
11:44:51| True
11:44:51| True
11:44:51| True
11:44:51| True
11:44:51| False
11:44:51| False
11:44:51| False
11:44:51| False
11:44:51| False
11:44:51| False
11:44:51| True
11:44:51| False
11:44:51| True
11:44:51| True
11:44:51| False
11:44:51| True
11:44:51| False
11:44:51| True
11:44:51| False
11:44:51| False
11:44:51| False
11:44:51| False
11:44:51| False
11:44:51| True
11:44:51| False
11:44:51| True
11:44:51| True
11:44:51| True
11:44:51| True
11:44:51| True
11:44:51| False
11:44:51| True
11:44:51| False
11:44:51| False
11:44:51| False
11:44:51| True
11:44:51| True
11:44:51| False
11:44:51| False
11:44:51| True
11:44:51| False
11:44:51| True
11:44:51| True
11:44:51| True
11:44:51| True
11:44:51| True
11:44:51| False
11:44:51| True
11:44:51| False
11:44:51| True
11:44:51| False
11:44:51| False
11:44:51| True
11:44:51| True
11:44:51| False
11:44:51| False
11:44:51| False
11:44:51| True
11:44:51| False
11:44:51| True
11:44:51| False
11:44:51| False
11:44:51| True
11:44:51| True
11:44:51| True
11:44:51| False
11:44:51| True
11:44:51| False
11:44:51| True
11:44:51| False
11:44:51| True
11:44:51| False
11:44:51| True
11:44:51| False
11:44:51| True
11:44:51| True
11:44:51| False
11:44:51| False
11:44:51| True
11:44:51| True
11:44:51| False
11:44:51| False
11:44:51| True
11:44:51| False
11:44:51| True
11:44:51| True
11:44:51| True
11:44:51| True
11:44:51| False
11:44:51| False
11:44:51| True
11:44:51| False
11:44:51| False
11:44:51| True
11:44:51| True
11:44:51| False
11:44:51| False
11:44:51| False
11:44:51| True
11:44:51| True
11:44:51| True
11:44:51| False
11:44:51| True
11:44:51| True
11:44:51| False
11:44:51| False
11:44:51| True
11:44:51| True
11:44:51| False
11:44:51| True
11:44:51| False
11:44:51| True
11:44:51| True
11:44:51| True
11:44:51| True
11:44:51| False
11:44:51| True
11:44:51| False
11:44:51| True
11:44:51| True
11:44:51| False
11:44:51| False
11:44:51| False
11:44:51| True
11:44:51| False
11:44:51| False
11:44:51| True
11:44:51| True
11:44:51| True
11:44:51| False
11:44:51| False
11:44:51| False
11:44:51| True
11:44:51| True
11:44:51| True
11:44:51| True
11:44:51| False
11:44:51| True
11:44:51| False
11:44:51| False
11:44:51| True
11:44:51| False
11:44:51| True
11:44:51| True
11:44:51| False
11:44:51| False
11:44:51| True
11:44:51| False
11:44:51| True
11:44:51| False
11:44:51| False
11:44:51| True
11:44:51| False
11:44:51| False
11:44:51| True
11:44:51| False
11:44:51| True
11:44:51| False
11:44:51| False
11:44:51| False
11:44:51| True
11:44:51| True
11:44:51| True
11:44:51| False
11:44:51| True
11:44:51| False
11:44:51| False
11:44:51| True
11:44:51| False
11:44:51| True
11:44:51| True
11:44:51| True
11:44:51| True
11:44:51| False
11:44:51| True
11:44:51| True
11:44:51| False
11:44:51| True
11:44:51| False
11:44:51| False
11:44:51| True
11:44:51| True
11:44:51| False
11:44:51| False
11:44:51| True
11:44:51| True
11:44:51| True
11:44:51| False
11:44:51| False
11:44:51| True
11:44:51| False
11:44:51| True
11:44:51| True
11:44:51| False
11:44:51| False
11:44:51| True
11:44:51| False
11:44:51| True
11:44:51| True
11:44:51| True
11:44:51| False
11:44:51| True
11:44:51| False
11:44:51| True
11:44:51| True
11:44:51| False
11:44:51| True
11:44:51| False
11:44:51| False
11:44:51| False
11:44:51| True
11:44:51| True
11:44:51| True
11:44:51| True
11:44:51| False
11:44:51| True
11:44:51| False
11:44:51| True
11:44:51| False
11:44:51| False
11:44:51| False
11:44:51| False
11:44:51| False
11:44:51| False
11:44:51| True
11:44:51| True
11:44:51| True
11:44:51| False
11:44:51| True
11:44:51| True
11:44:51| True
11:44:51| False
11:44:51| True
11:44:51| False
11:44:51| False
11:44:51| True
11:44:51| True
11:44:51| False
11:44:51| True
11:44:51| False
11:44:51| False
11:44:51| True
11:44:51| True
11:44:51| True
11:44:51| False
11:44:51| True
11:44:51| True
11:44:51| False
11:44:51| True
11:44:51| True
11:44:51| False
11:44:51| False
11:44:51| False
11:44:51| True
11:44:51| True
11:44:51| False
11:44:51| True
11:44:51| True
11:44:51| True
11:44:51| False
11:44:51| False
11:44:51| False
11:44:51| False
11:44:51| True
11:44:51| True
11:44:51| True
11:44:51| False
11:44:51| False
11:44:51| False
11:44:51| True
11:44:51| False
11:44:51| True
11:44:51| False
11:44:51| False
11:44:51| True
11:44:51| False
11:44:51| True
11:44:51| True
11:44:51| True
11:44:51| False
11:44:51| False
11:44:51| False
11:44:51| True
11:44:51| True
11:44:51| False
11:44:51| False
11:44:51| False
11:44:51| True
11:44:51| True
11:44:51| True
11:44:51| False
11:44:51| False
11:44:51| True
11:44:51| False
11:44:51| True
11:44:51| True
11:44:51| True
11:44:51| False
11:44:51| True
11:44:51| False
11:44:51| False
11:44:51| False
11:44:51| False
11:44:51| False
11:44:51| False
11:44:51| False
11:44:51| True
11:44:51| False
11:44:51| True
11:44:51| False
11:44:51| True
11:44:51| False
11:44:51| True
11:44:51| False
11:44:51| True
11:44:51| False
11:44:51| False
11:44:51| False
11:44:51| True
11:44:51| True
11:44:51| False
11:44:51| True
11:44:51| False
11:44:51| True
11:44:51| False
11:44:51| True
11:44:51| True
11:44:51| False
11:44:51| True
11:44:51| False
11:44:51| True
11:44:51| False
11:44:51| True
11:44:51| True
11:44:51| False
11:44:51| True
11:44:51| True
11:44:51| True
11:44:51| True
11:44:51| True
11:44:51| False
11:44:51| False
11:44:51| False
11:44:51| False
11:44:51| True
11:44:51| True
11:44:51| True
11:44:51| False
11:44:51| False
11:44:51| False
11:44:51| True
11:44:51| False
11:44:51| True
11:44:51| True
11:44:51| False
11:44:51| False
11:44:51| True
11:44:51| True
11:44:51| False
11:44:51| False
11:44:51| False
11:44:51| True
11:44:51| True
11:44:51| False
11:44:51| False
11:44:51| True
11:44:51| False
11:44:51| True
11:44:51| False
11:44:51| True
11:44:51| False
11:44:51| False
11:44:51| True
11:44:51| False
11:44:51| False
11:44:51| False
11:44:51| True
11:44:51| True
11:44:51| False
11:44:51| True
11:44:51| True
11:44:51| False
11:44:51| True
11:44:51| True
11:44:51| False
11:44:51| True
11:44:51| False
11:44:51| True
11:44:51| True
11:44:51| False
11:44:51| False
11:44:51| True
11:44:51| False
11:44:51| True
11:44:51| False
11:44:51| True
11:44:51| True
11:44:51| True
11:44:51| True
11:44:51| True
11:44:51| False
11:44:51| False
11:44:51| False
11:44:51| False
11:44:51| False
11:44:51| True
11:44:51| False
11:44:51| True
11:44:51| False
11:44:51| False
11:44:51| False
11:44:51| True
11:44:51| False
11:44:51| True
11:44:51| False
11:44:51| False
11:44:51| False
11:44:51| True
11:44:51| True
11:44:51| False
11:44:51| False
11:44:51| True
11:44:51| True
11:44:51| True
11:44:51| True
11:44:51| True
11:44:51| False
11:44:51| True
11:44:51| False
11:44:51| False
11:44:51| False
11:44:51| True
11:44:51| True
11:44:51| True
11:44:51| False
11:44:51| False
11:44:51| True
11:44:51| True
11:44:51| False
11:44:51| False
11:44:51| True
11:44:51| True
11:44:51| True
11:44:51| True
11:44:51| False
11:44:51| True
11:44:51| True
11:44:51| False
11:44:51| True
11:44:51| False
11:44:51| False
11:44:51| True
11:44:51| False
11:44:51| False
11:44:51| True
11:44:51| True
11:44:51| True
11:44:51| True
11:44:51| True
11:44:51| False
11:44:51| False
11:44:51| True
11:44:51| True
11:44:51| False
11:44:51| True
11:44:51| False
11:44:51| True
11:44:51| True
11:44:51| True
11:44:51| False
11:44:51| True
11:44:51| True
11:44:51| False
11:44:51| True
11:44:51| True
11:44:51| False
11:44:51| False
11:44:51| True
11:44:51| True
11:44:51| True
11:44:51| False
11:44:51| False
11:44:51| True
11:44:51| False
11:44:51| False
11:44:51| True
11:44:51| True
11:44:51| True
11:44:51| False
11:44:51| True
11:44:51| False
11:44:51| True
11:44:51| False
11:44:51| True
11:44:51| True
11:44:51| True
11:44:51| True
11:44:51| True
11:44:51| False
11:44:51| False
11:44:51| True
11:44:51| False
11:44:51| False
11:44:51| True
11:44:51| True
11:44:51| True
11:44:51| True
11:44:51| False
11:44:51| False
11:44:51| True
11:44:51| False
11:44:51| True
11:44:51| True
11:44:51| True
11:44:51| True
11:44:51| True
11:44:51| False
11:44:51| True
11:44:51| False
11:44:51| False
11:44:51| False
11:44:51| True
11:44:51| True
11:44:51| True
11:44:51| False
11:44:51| True
11:44:51| False
11:44:51| True
11:44:51| False
11:44:51| True
11:44:51| True
11:44:51| True
11:44:51| False
11:44:51| True
11:44:51| True
11:44:51| True
11:44:51| True
11:44:51| True
11:44:51| True
11:44:51| False
11:44:51| False
11:44:51| True
11:44:51| False
11:44:51| False
11:44:51| False
11:44:51| False
11:44:51| True
11:44:51| True
11:44:51| True
11:44:51| False
11:44:51| True
11:44:51| True
11:44:51| True
11:44:51| False
11:44:51| True
11:44:51| True
11:44:51| True
11:44:51| True
11:44:51| False
11:44:51| False
11:44:51| False
11:44:51| True
11:44:51| False
11:44:51| False
11:44:51| True
11:44:51| False
11:44:51| False
11:44:51| False
11:44:51| False
11:44:51| True
11:44:51| True
11:44:51| False
11:44:51| True
11:44:51| False
11:44:51| True
11:44:51| True
11:44:51| True
11:44:51| True
11:44:51| True
11:44:51| False
11:44:51| False
11:44:51| True
11:44:51| True
11:44:51| False
11:44:51| False
11:44:51| True
11:44:51| True
11:44:51| True
11:44:51| False
11:44:51| True
11:44:51| True
11:44:51| False
11:44:51| True
11:44:51| False
11:44:51| True
11:44:51| False
11:44:51| True
11:44:51| True
11:44:51| True
11:44:51| True
11:44:51| False
11:44:51| False
11:44:51| True
11:44:51| False
11:44:51| True
11:44:51| False
11:44:51| True
11:44:51| True
11:44:51| False
11:44:51| False
11:44:51| True
11:44:51| False
11:44:51| False
11:44:51| True
11:44:51| False
11:44:51| False
11:44:51| True
11:44:51| False
11:44:51| True
11:44:51| True
11:44:51| False
11:44:51| True
11:44:51| False
11:44:51| True
11:44:51| False
11:44:51| True
11:44:51| False
11:44:51| True
11:44:51| True
11:44:51| True
11:44:51| True
11:44:51| True
11:44:51| False
11:44:51| False
11:44:51| False
11:44:51| True
11:44:51| False
11:44:51| True
11:44:51| True
11:44:51| False
11:44:51| True
11:44:51| False
11:44:51| True
11:44:51| True
11:44:51| False
11:44:51| True
11:44:51| True
11:44:51| False
11:44:51| False
11:44:51| True
11:44:51| False
11:44:51| False
11:44:51| True
11:44:51| False
11:44:51| False
11:44:51| False
11:44:51| True
11:44:51| False
11:44:51| True
11:44:51| False
11:44:51| True
11:44:51| False
11:44:51| False
11:44:51| False
11:44:51| True
11:44:51| True
11:44:51| False
11:44:51| True
11:44:51| False
11:44:51| False
11:44:51| True
11:44:51| False
11:44:51| False
11:44:51| False
11:44:51| True
11:44:51| True
11:44:51| True
11:44:51| True
11:44:51| True
11:44:51| True
11:44:51| True
11:44:51| False
11:44:51| True
11:44:51| False
11:44:51| True
11:44:51| False
11:44:51|  
11:44:51| --------------------------------------------------------------------------------
11:44:51| Words: 1000
11:44:51| False
11:44:51| False
11:44:51| False
11:44:51| False
11:44:51| False
11:44:51| False
11:44:51| False
11:44:51| False
11:44:51| False
11:44:51| False
11:44:51| False
11:44:51| False
11:44:51| False
11:44:51| False
11:44:51| False
11:44:51| False
11:44:51| False
11:44:51| False
11:44:51| False
11:44:51| False
11:44:51| False
11:44:51| False
11:44:51| False
11:44:51| False
11:44:51| False
11:44:51| False
11:44:51| False
11:44:51| False
11:44:51| False
11:44:51| False
11:44:51| False
11:44:51| False
11:44:51| False
11:44:51| False
11:44:51| False
11:44:51| False
11:44:51| False
11:44:51| False
11:44:51| False
11:44:51| False
11:44:51| False
11:44:51| False
11:44:51| False
11:44:51| False
11:44:51| False
11:44:51| False
11:44:51| False
11:44:51| False
11:44:51| False
11:44:51| False
11:44:51| False
11:44:51| False
11:44:51| False
11:44:51| False
11:44:51| False
11:44:51| False
11:44:51| False
11:44:51| False
11:44:51| False
11:44:51| False
11:44:51| False
11:44:51| False
11:44:51| False
11:44:51| False
11:44:51| False
11:44:51| False
11:44:51| False
11:44:51| False
11:44:51| False
11:44:51| False
11:44:51| False
11:44:51| False
11:44:51| False
11:44:51| False
11:44:51| False
11:44:51| False
11:44:51| False
11:44:51| False
11:44:51| False
11:44:51| False
11:44:51| False
11:44:51| False
11:44:51| False
11:44:51| False
11:44:51| False
11:44:51| False
11:44:51| False
11:44:51| False
11:44:51| False
11:44:51| False
11:44:51| False
11:44:51| False
11:44:51| False
11:44:51| False
11:44:51| False
11:44:51| False
11:44:51| False
11:44:51| False
11:44:51| False
11:44:51| False
11:44:51| False
11:44:51| False
11:44:51| False
11:44:51| False
11:44:51| False
11:44:51| False
11:44:51| False
11:44:51| False
11:44:51| False
11:44:51| False
11:44:51| False
11:44:51| False
11:44:51| False
11:44:51| False
11:44:51| False
11:44:51| False
11:44:51| False
11:44:51| False
11:44:51| False
11:44:51| False
11:44:51| False
11:44:51| False
11:44:51| False
11:44:51| False
11:44:51| False
11:44:51| False
11:44:51| False
11:44:51| False
11:44:51| False
11:44:51| False
11:44:51| False
11:44:51| False
11:44:51| False
11:44:51| False
11:44:51| False
11:44:51| False
11:44:51| False
11:44:51| False
11:44:51| False
11:44:51| False
11:44:51| False
11:44:51| False
11:44:51| False
11:44:51| False
11:44:51| False
11:44:51| False
11:44:51| False
11:44:51| False
11:44:51| False
11:44:51| False
11:44:51| False
11:44:51| False
11:44:51| False
11:44:51| False
11:44:51| False
11:44:51| False
11:44:51| False
11:44:51| False
11:44:51| False
11:44:51| False
11:44:51| False
11:44:51| False
11:44:51| False
11:44:51| False
11:44:51| False
11:44:51| False
11:44:51| False
11:44:51| False
11:44:51| False
11:44:51| False
11:44:51| False
11:44:51| False
11:44:51| False
11:44:51| False
11:44:51| False
11:44:51| False
11:44:51| False
11:44:51| False
11:44:51| False
11:44:51| False
11:44:51| False
11:44:51| False
11:44:51| False
11:44:51| False
11:44:51| False
11:44:51| False
11:44:51| False
11:44:51| False
11:44:51| False
11:44:51| False
11:44:51| False
11:44:51| False
11:44:51| False
11:44:51| False
11:44:51| False
11:44:51| False
11:44:51| False
11:44:51| False
11:44:51| False
11:44:51| False
11:44:51| False
11:44:51| False
11:44:51| False
11:44:51| False
11:44:51| False
11:44:51| False
11:44:51| False
11:44:51| False
11:44:51| False
11:44:51| False
11:44:51| False
11:44:51| False
11:44:51| False
11:44:51| False
11:44:51| False
11:44:51| False
11:44:51| False
11:44:51| False
11:44:51| False
11:44:51| False
11:44:51| False
11:44:51| False
11:44:51| False
11:44:51| False
11:44:51| False
11:44:51| False
11:44:51| False
11:44:51| False
11:44:51| False
11:44:51| False
11:44:51| False
11:44:51| False
11:44:51| False
11:44:51| False
11:44:51| False
11:44:51| False
11:44:51| False
11:44:51| False
11:44:51| False
11:44:51| False
11:44:51| False
11:44:51| False
11:44:51| False
11:44:51| False
11:44:51| False
11:44:51| False
11:44:51| False
11:44:51| False
11:44:51| False
11:44:51| False
11:44:51| False
11:44:51| False
11:44:51| False
11:44:51| False
11:44:51| False
11:44:51| False
11:44:51| False
11:44:51| False
11:44:51| False
11:44:51| False
11:44:51| False
11:44:51| False
11:44:51| False
11:44:51| False
11:44:51| False
11:44:51| False
11:44:51| False
11:44:51| False
11:44:51| False
11:44:51| False
11:44:51| False
11:44:51| False
11:44:51| False
11:44:51| False
11:44:51| False
11:44:51| False
11:44:51| False
11:44:51| False
11:44:51| False
11:44:51| False
11:44:51| False
11:44:51| False
11:44:51| False
11:44:51| False
11:44:51| False
11:44:51| False
11:44:51| False
11:44:51| False
11:44:51| False
11:44:51| False
11:44:51| False
11:44:51| False
11:44:51| False
11:44:51| False
11:44:51| False
11:44:51| False
11:44:51| False
11:44:51| False
11:44:51| False
11:44:51| False
11:44:51| False
11:44:51| False
11:44:51| False
11:44:51| False
11:44:51| False
11:44:51| False
11:44:51| False
11:44:51| False
11:44:51| False
11:44:51| False
11:44:51| False
11:44:51| False
11:44:51| False
11:44:51| False
11:44:51| False
11:44:51| False
11:44:51| False
11:44:51| False
11:44:51| False
11:44:51| False
11:44:51| False
11:44:51| False
11:44:51| False
11:44:51| False
11:44:51| False
11:44:51| False
11:44:51| False
11:44:51| False
11:44:51| False
11:44:51| False
11:44:51| False
11:44:51| False
11:44:51| False
11:44:51| False
11:44:51| False
11:44:51| False
11:44:51| False
11:44:51| False
11:44:51| False
11:44:51| False
11:44:51| False
11:44:51| False
11:44:51| False
11:44:51| False
11:44:51| False
11:44:51| False
11:44:51| False
11:44:51| False
11:44:51| False
11:44:51| False
11:44:51| False
11:44:51| False
11:44:51| False
11:44:51| False
11:44:51| False
11:44:51| False
11:44:51| False
11:44:51| False
11:44:51| False
11:44:51| False
11:44:51| False
11:44:51| False
11:44:51| False
11:44:51| False
11:44:51| False
11:44:51| False
11:44:51| False
11:44:51| False
11:44:51| False
11:44:51| False
11:44:51| False
11:44:51| False
11:44:51| False
11:44:51| False
11:44:51| False
11:44:51| False
11:44:51| False
11:44:51| False
11:44:51| False
11:44:51| False
11:44:51| False
11:44:51| False
11:44:51| False
11:44:51| False
11:44:51| False
11:44:51| False
11:44:51| False
11:44:51| False
11:44:51| False
11:44:51| False
11:44:51| False
11:44:51| False
11:44:51| False
11:44:51| False
11:44:51| False
11:44:51| False
11:44:51| False
11:44:51| False
11:44:51| False
11:44:51| False
11:44:51| False
11:44:51| False
11:44:51| False
11:44:51| False
11:44:51| False
11:44:51| False
11:44:51| False
11:44:51| False
11:44:51| False
11:44:51| False
11:44:51| False
11:44:51| False
11:44:51| False
11:44:51| False
11:44:51| False
11:44:51| False
11:44:51| False
11:44:51| False
11:44:51| False
11:44:51| False
11:44:51| False
11:44:51| False
11:44:51| False
11:44:51| False
11:44:51| False
11:44:51| False
11:44:51| False
11:44:51| False
11:44:51| False
11:44:51| False
11:44:51| False
11:44:51| False
11:44:51| False
11:44:51| False
11:44:51| False
11:44:51| False
11:44:51| False
11:44:51| False
11:44:51| False
11:44:51| False
11:44:51| False
11:44:51| False
11:44:51| False
11:44:51| False
11:44:51| False
11:44:51| False
11:44:51| False
11:44:51| False
11:44:51| False
11:44:51| False
11:44:51| False
11:44:51| False
11:44:51| False
11:44:51| False
11:44:51| False
11:44:51| False
11:44:51| False
11:44:51| False
11:44:51| False
11:44:51| False
11:44:51| False
11:44:51| False
11:44:51| False
11:44:51| False
11:44:51| False
11:44:51| False
11:44:51| False
11:44:51| False
11:44:51| False
11:44:51| False
11:44:51| False
11:44:51| False
11:44:51| False
11:44:51| False
11:44:51| False
11:44:51| False
11:44:51| False
11:44:51| False
11:44:51| False
11:44:51| False
11:44:51| False
11:44:51| False
11:44:51| False
11:44:51| False
11:44:51| False
11:44:51| False
11:44:51| False
11:44:51| False
11:44:51| False
11:44:51| False
11:44:51| False
11:44:51| False
11:44:51| False
11:44:51| False
11:44:51| False
11:44:51| False
11:44:51| False
11:44:51| False
11:44:51| False
11:44:51| False
11:44:51| False
11:44:51| False
11:44:51| False
11:44:51| False
11:44:51| False
11:44:51| False
11:44:51| False
11:44:51| False
11:44:51| False
11:44:51| False
11:44:51| False
11:44:51| False
11:44:51| False
11:44:51| False
11:44:51| False
11:44:51| False
11:44:51| False
11:44:51| False
11:44:51| False
11:44:51| False
11:44:51| False
11:44:51| False
11:44:51| False
11:44:51| False
11:44:51| False
11:44:51| False
11:44:51| False
11:44:51| False
11:44:51| False
11:44:51| False
11:44:51| False
11:44:51| False
11:44:51| False
11:44:51| False
11:44:51| False
11:44:51| False
11:44:51| False
11:44:51| False
11:44:51| False
11:44:51| False
11:44:51| False
11:44:51| False
11:44:51| False
11:44:51| False
11:44:51| False
11:44:51| False
11:44:51| False
11:44:51| False
11:44:51| False
11:44:51| False
11:44:51| False
11:44:51| False
11:44:51| False
11:44:51| False
11:44:51| False
11:44:51| False
11:44:51| False
11:44:51| False
11:44:51| False
11:44:51| False
11:44:51| False
11:44:51| False
11:44:51| False
11:44:51| False
11:44:51| False
11:44:51| False
11:44:51| False
11:44:51| False
11:44:51| False
11:44:51| False
11:44:51| False
11:44:51| False
11:44:51| False
11:44:51| False
11:44:51| False
11:44:51| False
11:44:51| False
11:44:51| False
11:44:51| False
11:44:51| False
11:44:51| False
11:44:51| False
11:44:51| False
11:44:51| False
11:44:51| False
11:44:51| False
11:44:51| False
11:44:51| False
11:44:51| False
11:44:51| False
11:44:51| False
11:44:51| False
11:44:51| False
11:44:51| False
11:44:51| False
11:44:51| False
11:44:51| False
11:44:51| False
11:44:51| False
11:44:51| False
11:44:51| False
11:44:51| False
11:44:51| False
11:44:51| False
11:44:51| False
11:44:51| False
11:44:51| False
11:44:51| False
11:44:51| False
11:44:51| False
11:44:51| False
11:44:51| False
11:44:51| False
11:44:51| False
11:44:51| False
11:44:51| False
11:44:51| False
11:44:51| False
11:44:51| False
11:44:51| False
11:44:51| False
11:44:51| False
11:44:51| False
11:44:51| False
11:44:51| False
11:44:51| False
11:44:51| False
11:44:51| False
11:44:51| False
11:44:51| False
11:44:51| False
11:44:51| False
11:44:51| False
11:44:51| False
11:44:51| False
11:44:51| False
11:44:51| False
11:44:51| False
11:44:51| False
11:44:51| False
11:44:51| False
11:44:51| False
11:44:51| False
11:44:51| False
11:44:51| False
11:44:51| False
11:44:51| False
11:44:51| False
11:44:51| False
11:44:51| False
11:44:51| False
11:44:51| False
11:44:51| False
11:44:51| False
11:44:51| False
11:44:51| False
11:44:51| False
11:44:51| False
11:44:51| False
11:44:51| False
11:44:51| False
11:44:51| False
11:44:51| False
11:44:51| False
11:44:51| False
11:44:51| False
11:44:51| False
11:44:51| False
11:44:51| False
11:44:51| False
11:44:51| False
11:44:51| False
11:44:51| False
11:44:51| False
11:44:51| False
11:44:51| False
11:44:51| False
11:44:51| False
11:44:51| False
11:44:51| False
11:44:51| False
11:44:51| False
11:44:51| False
11:44:51| False
11:44:51| False
11:44:51| False
11:44:51| False
11:44:51| False
11:44:51| False
11:44:51| False
11:44:51| False
11:44:51| False
11:44:51| False
11:44:51| False
11:44:51| False
11:44:51| False
11:44:51| False
11:44:51| False
11:44:51| False
11:44:51| False
11:44:51| False
11:44:51| False
11:44:51| False
11:44:51| False
11:44:51| False
11:44:51| False
11:44:51| False
11:44:51| False
11:44:51| False
11:44:51| False
11:44:51| False
11:44:51| False
11:44:51| False
11:44:51| False
11:44:51| False
11:44:51| False
11:44:51| False
11:44:51| False
11:44:51| False
11:44:51| False
11:44:51| False
11:44:51| False
11:44:51| False
11:44:51| False
11:44:51| False
11:44:51| False
11:44:51| False
11:44:51| False
11:44:51| False
11:44:51| False
11:44:51| False
11:44:51| False
11:44:51| False
11:44:51| False
11:44:51| False
11:44:51| False
11:44:51| False
11:44:51| False
11:44:51| False
11:44:51| False
11:44:51| False
11:44:51| False
11:44:51| False
11:44:51| False
11:44:51| False
11:44:51| False
11:44:51| False
11:44:51| False
11:44:51| False
11:44:51| False
11:44:51| False
11:44:51| False
11:44:51| False
11:44:51| False
11:44:51| False
11:44:51| False
11:44:51| False
11:44:51| False
11:44:51| False
11:44:51| False
11:44:51| False
11:44:51| False
11:44:51| False
11:44:51| False
11:44:51| False
11:44:51| False
11:44:51| False
11:44:51| False
11:44:51| False
11:44:51| False
11:44:51| False
11:44:51| False
11:44:51| False
11:44:51| False
11:44:51| False
11:44:51| False
11:44:51| False
11:44:51| False
11:44:51| False
11:44:51| False
11:44:51| False
11:44:51| False
11:44:51| False
11:44:51| False
11:44:51| False
11:44:51| False
11:44:51| False
11:44:51| False
11:44:51| False
11:44:51| False
11:44:51| False
11:44:51| False
11:44:51| False
11:44:51| False
11:44:51| False
11:44:51| False
11:44:51| False
11:44:51| False
11:44:51| False
11:44:51| False
11:44:51| False
11:44:51| False
11:44:51| False
11:44:51| False
11:44:51| False
11:44:51| False
11:44:51| False
11:44:51| False
11:44:51| False
11:44:51| False
11:44:51| False
11:44:51| False
11:44:51| False
11:44:51| False
11:44:51| False
11:44:51| False
11:44:51| False
11:44:51| False
11:44:51| False
11:44:51| False
11:44:51| False
11:44:51| False
11:44:51| False
11:44:51| False
11:44:51| False
11:44:51| False
11:44:51| False
11:44:51| False
11:44:51| False
11:44:51| False
11:44:51| False
11:44:51| False
11:44:51| False
11:44:51| False
11:44:51| False
11:44:51| False
11:44:51| False
11:44:51| False
11:44:51| False
11:44:51| False
11:44:51| False
11:44:51| False
11:44:51| False
11:44:51| False
11:44:51| False
11:44:51| False
11:44:51| False
11:44:51| False
11:44:51| False
11:44:51| False
11:44:51| False
11:44:51| False
11:44:51| False
11:44:51| False
11:44:51| False
11:44:51| False
11:44:51| False
11:44:51| False
11:44:51| False
11:44:51| False
11:44:51| False
11:44:51| False
11:44:51| False
11:44:51| False
11:44:51| False
11:44:51| False
11:44:51| False
11:44:51| False
11:44:51| False
11:44:51| False
11:44:51| False
11:44:51| False
11:44:51| False
11:44:51| False
11:44:51| False
11:44:51| False
11:44:51| False
11:44:51| False
11:44:51| False
11:44:51| False
11:44:51| False
11:44:51| False
11:44:51| False
11:44:51| False
11:44:51| False
11:44:51| False
11:44:51| False
11:44:51| False
11:44:51| False
11:44:51| False
11:44:51| False
11:44:51| False
11:44:51| False
11:44:51| False
11:44:51| False
11:44:51| False
11:44:51| False
11:44:51| False
11:44:51| False
11:44:51| False
11:44:51| False
11:44:51| False
11:44:51| False
11:44:51| False
11:44:51| False
11:44:51| False
11:44:51| False
11:44:51| False
11:44:51| False
11:44:51| False
11:44:51| False
11:44:51| False
11:44:51| False
11:44:51| False
11:44:51| False
11:44:51| False
11:44:51| False
11:44:51| False
11:44:51| False
11:44:51| False
11:44:51| False
11:44:51| False
11:44:51| False
11:44:51| False
11:44:51| False
11:44:51| False
11:44:51| False
11:44:51| False
11:44:51| False
11:44:51| False
11:44:51| False
11:44:51| False
11:44:51| False
11:44:51| False
11:44:51| False
11:44:51| False
11:44:51| False
11:44:51| False
11:44:51| False
11:44:51| False
11:44:51| False
11:44:51| False
11:44:51| False
11:44:51| False
11:44:51| False
11:44:51| False
11:44:51| False
11:44:51| False
11:44:51| False
11:44:51| False
11:44:51| False
11:44:51| False
11:44:51| False
11:44:51| False
11:44:51| False
11:44:51| False
11:44:51| False
11:44:51| False
11:44:51| False
11:44:51| False
11:44:51| False
11:44:51| False
11:44:51| False
11:44:51| False
11:44:51| False
11:44:51| False
11:44:51| False
11:44:51| False
11:44:51| False
11:44:51| False
11:44:51| False
11:44:51| False
11:44:51| False
11:44:51| False
11:44:51| False
11:44:51| False
11:44:51| False
11:44:51| False
11:44:51| False
11:44:51| False
11:44:51| False
11:44:51| False
11:44:51| False
11:44:51| False
11:44:51| False
11:44:51| False
11:44:51| False
11:44:51| False
11:44:51| False
11:44:51| False
11:44:51| False
11:44:51| False
11:44:51| False
11:44:51| False
11:44:51| False
11:44:51| False
11:44:51| False
11:44:51| False
11:44:51| False
11:44:51| False
11:44:51|  
11:44:51| --------------------------------------------------------------------------------
11:44:51| Uppercase: 0
11:44:51|  
11:44:51| --------------------------------------------------------------------------------
11:44:51| Sums: 0
11:44:51|  
11:44:51| --------------------------------------------------------------------------------
11:44:51| Names: 34
11:44:51| 392
11:44:51| 504
11:44:51| 571
11:44:51| 579
11:44:51| 581
11:44:51| 650
11:44:51| 684
11:44:51| 795
11:44:51| 1136
11:44:51| 1509
11:44:51| 1780
11:44:51| 1975
11:44:51| 2001
11:44:51| 2064
11:44:51| 2142
11:44:51| 2148
11:44:51| 2150
11:44:51| 2320
11:44:51| 2341
11:44:51| 2391
11:44:51| 2407
11:44:51| 2700
11:44:51| 2969
11:44:51| 3180
11:44:51| 3333
11:44:51| 3565
11:44:51| 3600
11:44:51| 3625
11:44:51| 3737
11:44:51| 3808
11:44:51| 3902
11:44:51| 3964
11:44:51| 3976
11:44:51| 4006
11:44:51|  
11:44:51| Number of Primes tasks: 1000
11:44:51| Number of Words tasks: 1000
11:44:51| Number of Uppercase tasks: 0
11:44:51| Number of Sums tasks: 0
11:44:51| Number of Names tasks: 34
11:44:51| Total time to process 4034 tasks = 17.94134910
