12:02:57| --------------------------------------------------------------------------------
12:02:57| Primes: 1
12:02:57| 4 is not prime
12:02:57|  
12:02:57| --------------------------------------------------------------------------------
12:02:57| Words: 1
12:02:57| 3 not found
12:02:57|  
12:02:57| --------------------------------------------------------------------------------
12:02:57| Uppercase: 0
12:02:57|  
12:02:57| --------------------------------------------------------------------------------
12:02:57| Sums: 0
12:02:57|  
12:02:57| --------------------------------------------------------------------------------
12:02:57| Names: 1
12:02:57| 2
12:02:57|  
12:02:57| Number of Primes tasks: 1
12:02:57| Number of Words tasks: 1
12:02:57| Number of Uppercase tasks: 0
12:02:57| Number of Sums tasks: 0
12:02:57| Number of Names tasks: 1
12:02:57| Total time to process 5 tasks = 1.52189510
