11:41:49| --------------------------------------------------------------------------------
11:41:49| Primes: 1
11:41:49| True
11:41:49|  
11:41:49| --------------------------------------------------------------------------------
11:41:49| Words: 1
11:41:49| False
11:41:49|  
11:41:49| --------------------------------------------------------------------------------
11:41:49| Uppercase: 0
11:41:49|  
11:41:49| --------------------------------------------------------------------------------
11:41:49| Sums: 0
11:41:49|  
11:41:49| --------------------------------------------------------------------------------
11:41:49| Names: 1
11:41:49| 2
11:41:49|  
11:41:49| Number of Primes tasks: 1
11:41:49| Number of Words tasks: 1
11:41:49| Number of Uppercase tasks: 0
11:41:49| Number of Sums tasks: 0
11:41:49| Number of Names tasks: 1
11:41:49| Total time to process 5 tasks = 0.84272610
