12:13:38| --------------------------------------------------------------------------------
12:13:38| Primes: 1
12:13:38| 4 is not prime
12:13:38|  
12:13:38| --------------------------------------------------------------------------------
12:13:38| Words: 1
12:13:38| 3 not found
12:13:38|  
12:13:38| --------------------------------------------------------------------------------
12:13:38| Uppercase: 0
12:13:38|  
12:13:38| --------------------------------------------------------------------------------
12:13:38| Sums: 0
12:13:38|  
12:13:38| --------------------------------------------------------------------------------
12:13:39| Names: 1
12:13:39| 2
12:13:39|  
12:13:39| Number of Primes tasks: 1
12:13:39| Number of Words tasks: 1
12:13:39| Number of Uppercase tasks: 0
12:13:39| Number of Sums tasks: 0
12:13:39| Number of Names tasks: 1
12:13:39| Total time to process 5 tasks = 1.55937030
