11:52:11| --------------------------------------------------------------------------------
11:52:11| Primes: 1000
11:52:11| True
11:52:11| True
11:52:11| True
11:52:11| False
11:52:11| True
11:52:11| False
11:52:11| True
11:52:11| False
11:52:11| False
11:52:11| True
11:52:11| False
11:52:11| True
11:52:11| False
11:52:11| True
11:52:11| True
11:52:11| True
11:52:11| False
11:52:11| False
11:52:11| True
11:52:11| True
11:52:11| False
11:52:11| True
11:52:11| False
11:52:11| False
11:52:11| True
11:52:11| False
11:52:11| False
11:52:11| True
11:52:11| False
11:52:11| True
11:52:11| False
11:52:11| True
11:52:11| False
11:52:11| False
11:52:11| True
11:52:11| True
11:52:11| True
11:52:11| False
11:52:11| False
11:52:11| True
11:52:11| False
11:52:11| False
11:52:11| True
11:52:11| False
11:52:11| True
11:52:11| False
11:52:11| True
11:52:11| False
11:52:11| False
11:52:11| False
11:52:11| True
11:52:11| False
11:52:11| True
11:52:11| True
11:52:11| True
11:52:11| True
11:52:11| True
11:52:11| True
11:52:11| True
11:52:11| False
11:52:11| True
11:52:11| True
11:52:11| False
11:52:11| False
11:52:11| False
11:52:11| True
11:52:11| True
11:52:11| False
11:52:11| True
11:52:11| True
11:52:11| False
11:52:11| True
11:52:11| False
11:52:11| True
11:52:11| False
11:52:11| True
11:52:11| False
11:52:11| True
11:52:11| False
11:52:11| True
11:52:11| True
11:52:11| True
11:52:11| True
11:52:11| False
11:52:11| True
11:52:11| True
11:52:11| True
11:52:11| True
11:52:11| False
11:52:11| True
11:52:11| False
11:52:11| False
11:52:11| False
11:52:11| True
11:52:11| False
11:52:11| True
11:52:11| False
11:52:11| False
11:52:11| True
11:52:11| False
11:52:11| True
11:52:11| True
11:52:11| False
11:52:11| False
11:52:11| True
11:52:11| False
11:52:11| True
11:52:11| True
11:52:11| True
11:52:11| True
11:52:11| False
11:52:11| False
11:52:11| True
11:52:11| False
11:52:11| True
11:52:11| False
11:52:11| False
11:52:11| False
11:52:11| True
11:52:11| True
11:52:11| False
11:52:11| True
11:52:11| True
11:52:11| False
11:52:11| True
11:52:11| False
11:52:11| False
11:52:11| False
11:52:11| True
11:52:11| False
11:52:11| False
11:52:11| True
11:52:11| False
11:52:11| True
11:52:11| True
11:52:11| False
11:52:11| True
11:52:11| False
11:52:11| True
11:52:11| True
11:52:11| True
11:52:11| False
11:52:11| False
11:52:11| True
11:52:11| False
11:52:11| False
11:52:11| True
11:52:11| True
11:52:11| False
11:52:11| True
11:52:11| False
11:52:11| False
11:52:11| True
11:52:11| False
11:52:11| True
11:52:11| False
11:52:11| False
11:52:11| False
11:52:11| True
11:52:11| True
11:52:11| False
11:52:11| True
11:52:11| False
11:52:11| True
11:52:11| True
11:52:11| True
11:52:11| False
11:52:11| True
11:52:11| False
11:52:11| False
11:52:11| False
11:52:11| True
11:52:11| False
11:52:11| True
11:52:11| False
11:52:11| True
11:52:11| True
11:52:11| False
11:52:11| True
11:52:11| False
11:52:11| True
11:52:11| False
11:52:11| False
11:52:11| True
11:52:11| False
11:52:11| True
11:52:11| False
11:52:11| False
11:52:11| True
11:52:11| False
11:52:11| False
11:52:11| True
11:52:11| True
11:52:11| True
11:52:11| True
11:52:11| False
11:52:11| True
11:52:11| False
11:52:11| False
11:52:11| True
11:52:11| True
11:52:11| True
11:52:11| True
11:52:11| True
11:52:11| True
11:52:11| True
11:52:11| True
11:52:11| False
11:52:11| False
11:52:11| False
11:52:11| True
11:52:11| True
11:52:11| False
11:52:11| True
11:52:11| False
11:52:11| False
11:52:11| True
11:52:11| False
11:52:11| False
11:52:11| True
11:52:11| True
11:52:11| True
11:52:11| False
11:52:11| False
11:52:11| True
11:52:11| False
11:52:11| False
11:52:11| True
11:52:11| False
11:52:11| False
11:52:11| True
11:52:11| False
11:52:11| False
11:52:11| True
11:52:11| False
11:52:11| True
11:52:11| False
11:52:11| False
11:52:11| False
11:52:11| False
11:52:11| False
11:52:11| True
11:52:11| True
11:52:11| False
11:52:11| True
11:52:11| False
11:52:11| False
11:52:11| False
11:52:11| False
11:52:11| True
11:52:11| False
11:52:11| False
11:52:11| True
11:52:11| False
11:52:11| False
11:52:11| True
11:52:11| False
11:52:11| True
11:52:11| True
11:52:11| True
11:52:11| True
11:52:11| True
11:52:11| False
11:52:11| True
11:52:11| False
11:52:11| False
11:52:11| False
11:52:11| True
11:52:11| True
11:52:11| False
11:52:11| True
11:52:11| True
11:52:11| False
11:52:11| True
11:52:11| False
11:52:11| False
11:52:11| False
11:52:11| False
11:52:11| False
11:52:11| False
11:52:11| False
11:52:11| True
11:52:11| False
11:52:11| False
11:52:11| True
11:52:11| False
11:52:11| False
11:52:11| True
11:52:11| False
11:52:11| True
11:52:11| False
11:52:11| False
11:52:11| True
11:52:11| False
11:52:11| False
11:52:11| True
11:52:11| False
11:52:11| False
11:52:11| True
11:52:11| False
11:52:11| True
11:52:11| True
11:52:11| True
11:52:11| False
11:52:11| False
11:52:11| True
11:52:11| False
11:52:11| True
11:52:11| False
11:52:11| True
11:52:11| False
11:52:11| True
11:52:11| False
11:52:11| False
11:52:11| True
11:52:11| True
11:52:11| True
11:52:11| True
11:52:11| False
11:52:11| False
11:52:11| False
11:52:11| False
11:52:11| False
11:52:11| False
11:52:11| True
11:52:11| False
11:52:11| True
11:52:11| True
11:52:11| False
11:52:11| True
11:52:11| False
11:52:11| True
11:52:11| False
11:52:11| False
11:52:11| False
11:52:11| False
11:52:11| False
11:52:11| True
11:52:11| False
11:52:11| True
11:52:11| True
11:52:11| True
11:52:11| True
11:52:11| True
11:52:11| False
11:52:11| True
11:52:11| False
11:52:11| False
11:52:11| False
11:52:11| True
11:52:11| True
11:52:11| False
11:52:11| False
11:52:11| True
11:52:11| False
11:52:11| True
11:52:11| True
11:52:11| True
11:52:11| True
11:52:11| True
11:52:11| False
11:52:11| True
11:52:11| False
11:52:11| True
11:52:11| False
11:52:11| False
11:52:11| True
11:52:11| True
11:52:11| False
11:52:11| False
11:52:11| False
11:52:11| True
11:52:11| False
11:52:11| True
11:52:11| False
11:52:11| False
11:52:11| True
11:52:11| True
11:52:11| True
11:52:11| False
11:52:11| True
11:52:11| False
11:52:11| True
11:52:11| False
11:52:11| True
11:52:11| False
11:52:11| True
11:52:11| False
11:52:11| True
11:52:11| True
11:52:11| False
11:52:11| False
11:52:11| True
11:52:11| True
11:52:11| False
11:52:11| False
11:52:11| True
11:52:11| False
11:52:11| True
11:52:11| True
11:52:11| True
11:52:11| True
11:52:11| False
11:52:11| False
11:52:11| True
11:52:11| False
11:52:11| False
11:52:11| True
11:52:11| True
11:52:11| False
11:52:11| False
11:52:11| False
11:52:11| True
11:52:11| True
11:52:11| True
11:52:11| False
11:52:11| True
11:52:11| True
11:52:11| False
11:52:11| False
11:52:11| True
11:52:11| True
11:52:11| False
11:52:11| True
11:52:11| False
11:52:11| True
11:52:11| True
11:52:11| True
11:52:11| True
11:52:11| False
11:52:11| True
11:52:11| False
11:52:11| True
11:52:11| True
11:52:11| False
11:52:11| False
11:52:11| False
11:52:11| True
11:52:11| False
11:52:11| False
11:52:11| True
11:52:11| True
11:52:11| True
11:52:11| False
11:52:11| False
11:52:11| False
11:52:11| True
11:52:11| True
11:52:11| True
11:52:11| True
11:52:11| False
11:52:11| True
11:52:11| False
11:52:11| False
11:52:11| True
11:52:11| False
11:52:11| True
11:52:11| True
11:52:11| False
11:52:11| False
11:52:11| True
11:52:11| False
11:52:11| True
11:52:11| False
11:52:11| False
11:52:11| True
11:52:11| False
11:52:11| False
11:52:11| True
11:52:11| False
11:52:11| True
11:52:11| False
11:52:11| False
11:52:11| False
11:52:11| True
11:52:11| True
11:52:11| True
11:52:11| False
11:52:11| True
11:52:11| False
11:52:11| False
11:52:11| True
11:52:11| False
11:52:11| True
11:52:11| True
11:52:11| True
11:52:11| True
11:52:11| False
11:52:11| True
11:52:11| True
11:52:11| False
11:52:11| True
11:52:11| False
11:52:11| False
11:52:11| True
11:52:11| True
11:52:11| False
11:52:11| False
11:52:11| True
11:52:11| True
11:52:11| True
11:52:11| False
11:52:11| False
11:52:11| True
11:52:11| False
11:52:11| True
11:52:11| True
11:52:11| False
11:52:11| False
11:52:11| True
11:52:11| False
11:52:11| True
11:52:11| True
11:52:11| True
11:52:11| False
11:52:11| True
11:52:11| False
11:52:11| True
11:52:11| True
11:52:11| False
11:52:11| True
11:52:11| False
11:52:11| False
11:52:11| False
11:52:11| True
11:52:11| True
11:52:11| True
11:52:11| True
11:52:11| False
11:52:11| True
11:52:11| False
11:52:11| True
11:52:11| False
11:52:11| False
11:52:11| False
11:52:11| False
11:52:11| False
11:52:11| False
11:52:11| True
11:52:11| True
11:52:11| True
11:52:11| False
11:52:11| True
11:52:11| True
11:52:11| True
11:52:11| False
11:52:11| True
11:52:11| False
11:52:11| False
11:52:11| True
11:52:11| True
11:52:11| False
11:52:11| True
11:52:11| False
11:52:11| False
11:52:11| True
11:52:11| True
11:52:11| True
11:52:11| False
11:52:11| True
11:52:11| True
11:52:11| False
11:52:11| True
11:52:11| True
11:52:11| False
11:52:11| False
11:52:11| False
11:52:11| True
11:52:11| True
11:52:11| False
11:52:11| True
11:52:11| True
11:52:11| True
11:52:11| False
11:52:11| False
11:52:11| False
11:52:11| False
11:52:11| True
11:52:11| True
11:52:11| True
11:52:11| False
11:52:11| False
11:52:11| False
11:52:11| True
11:52:11| False
11:52:11| True
11:52:11| False
11:52:11| False
11:52:11| True
11:52:11| False
11:52:11| True
11:52:11| True
11:52:11| True
11:52:11| False
11:52:11| False
11:52:11| False
11:52:11| True
11:52:11| True
11:52:11| False
11:52:11| False
11:52:11| False
11:52:11| True
11:52:11| True
11:52:11| True
11:52:11| False
11:52:11| False
11:52:11| True
11:52:11| False
11:52:11| True
11:52:11| True
11:52:11| True
11:52:11| False
11:52:11| True
11:52:11| False
11:52:11| False
11:52:11| False
11:52:11| False
11:52:11| False
11:52:11| False
11:52:11| False
11:52:11| True
11:52:11| False
11:52:11| True
11:52:11| False
11:52:11| True
11:52:11| False
11:52:11| True
11:52:11| False
11:52:11| True
11:52:11| False
11:52:11| False
11:52:11| False
11:52:11| True
11:52:11| True
11:52:11| False
11:52:11| True
11:52:11| False
11:52:11| True
11:52:11| False
11:52:11| True
11:52:11| True
11:52:11| False
11:52:11| True
11:52:11| False
11:52:11| True
11:52:11| False
11:52:11| True
11:52:11| True
11:52:11| False
11:52:11| True
11:52:11| True
11:52:11| True
11:52:11| True
11:52:11| True
11:52:11| False
11:52:11| False
11:52:11| False
11:52:11| False
11:52:11| True
11:52:11| True
11:52:11| True
11:52:11| False
11:52:11| False
11:52:11| False
11:52:11| True
11:52:11| False
11:52:11| True
11:52:11| True
11:52:11| False
11:52:11| False
11:52:11| True
11:52:11| True
11:52:11| False
11:52:11| False
11:52:11| False
11:52:11| True
11:52:11| True
11:52:11| False
11:52:11| False
11:52:11| True
11:52:11| False
11:52:11| True
11:52:11| False
11:52:11| True
11:52:11| False
11:52:11| False
11:52:11| True
11:52:11| False
11:52:11| False
11:52:11| False
11:52:11| True
11:52:11| True
11:52:11| False
11:52:11| True
11:52:11| True
11:52:11| False
11:52:11| True
11:52:11| True
11:52:11| False
11:52:11| True
11:52:11| False
11:52:11| True
11:52:11| True
11:52:11| False
11:52:11| False
11:52:11| True
11:52:11| False
11:52:11| True
11:52:11| False
11:52:11| True
11:52:11| True
11:52:11| True
11:52:11| True
11:52:11| True
11:52:11| False
11:52:11| False
11:52:11| False
11:52:11| False
11:52:11| False
11:52:11| True
11:52:11| False
11:52:11| True
11:52:11| False
11:52:11| False
11:52:11| False
11:52:11| True
11:52:11| False
11:52:11| True
11:52:11| False
11:52:11| False
11:52:11| False
11:52:11| True
11:52:11| True
11:52:11| False
11:52:11| False
11:52:11| True
11:52:11| True
11:52:11| True
11:52:11| True
11:52:11| True
11:52:11| False
11:52:11| True
11:52:11| False
11:52:11| False
11:52:11| False
11:52:11| True
11:52:11| True
11:52:11| True
11:52:11| False
11:52:11| False
11:52:11| True
11:52:11| True
11:52:11| False
11:52:11| False
11:52:11| True
11:52:11| True
11:52:11| True
11:52:11| True
11:52:11| False
11:52:11| True
11:52:11| True
11:52:11| False
11:52:11| True
11:52:11| False
11:52:11| False
11:52:11| True
11:52:11| False
11:52:11| False
11:52:11| True
11:52:11| True
11:52:11| True
11:52:11| True
11:52:11| True
11:52:11| False
11:52:11| False
11:52:11| True
11:52:11| True
11:52:11| False
11:52:11| True
11:52:11| False
11:52:11| True
11:52:11| True
11:52:11| True
11:52:11| False
11:52:11| True
11:52:11| True
11:52:11| False
11:52:11| True
11:52:11| True
11:52:11| False
11:52:11| False
11:52:11| True
11:52:11| True
11:52:11| True
11:52:11| False
11:52:11| False
11:52:11| True
11:52:11| False
11:52:11| False
11:52:11| True
11:52:11| True
11:52:11| True
11:52:11| False
11:52:11| True
11:52:11| False
11:52:11| True
11:52:11| False
11:52:11| True
11:52:11| True
11:52:11| True
11:52:11| True
11:52:11| True
11:52:11| False
11:52:11| False
11:52:11| True
11:52:11| False
11:52:11| False
11:52:11| True
11:52:11| True
11:52:11| True
11:52:11| True
11:52:11| False
11:52:11| False
11:52:11| True
11:52:11| False
11:52:11| True
11:52:11| True
11:52:11| True
11:52:11| True
11:52:11| True
11:52:11| False
11:52:11| True
11:52:11| False
11:52:11| False
11:52:11| False
11:52:11| True
11:52:11| True
11:52:11| True
11:52:11| False
11:52:11| True
11:52:11| False
11:52:11| True
11:52:11| False
11:52:11| True
11:52:11| True
11:52:11| True
11:52:11| False
11:52:11| True
11:52:11| True
11:52:11| True
11:52:11| True
11:52:11| True
11:52:11| True
11:52:11| False
11:52:11| False
11:52:11| True
11:52:11| False
11:52:11| False
11:52:11| False
11:52:11| False
11:52:11| True
11:52:11| True
11:52:11| True
11:52:11| False
11:52:11| True
11:52:11| True
11:52:11| True
11:52:11| False
11:52:11| True
11:52:11| True
11:52:11| True
11:52:11| True
11:52:11| False
11:52:11| False
11:52:11| False
11:52:11| True
11:52:11| False
11:52:11| False
11:52:11| True
11:52:11| False
11:52:11| False
11:52:11| False
11:52:11| False
11:52:11| True
11:52:11| True
11:52:11| False
11:52:11| True
11:52:11| False
11:52:11| True
11:52:11| True
11:52:11| True
11:52:11| True
11:52:11| True
11:52:11| False
11:52:11| False
11:52:11| True
11:52:11| True
11:52:11| False
11:52:11| False
11:52:11| True
11:52:11| True
11:52:11| True
11:52:11| False
11:52:11| True
11:52:11| True
11:52:11| False
11:52:11| True
11:52:11| False
11:52:11| True
11:52:11| False
11:52:11| True
11:52:11| True
11:52:11| True
11:52:11| True
11:52:11| False
11:52:11| False
11:52:11| True
11:52:11| False
11:52:11| True
11:52:11| False
11:52:11| True
11:52:11| True
11:52:11| False
11:52:11| False
11:52:11| True
11:52:11| False
11:52:11| False
11:52:11| True
11:52:11| False
11:52:11| False
11:52:11| True
11:52:11| False
11:52:11| True
11:52:11| True
11:52:11| False
11:52:11| True
11:52:11| False
11:52:11| True
11:52:11| False
11:52:11| True
11:52:11| False
11:52:11| True
11:52:11| True
11:52:11| True
11:52:11| True
11:52:11| True
11:52:11| False
11:52:11| False
11:52:11| False
11:52:11| True
11:52:11| False
11:52:11| True
11:52:11| True
11:52:11| False
11:52:11| True
11:52:11| False
11:52:11| True
11:52:11| True
11:52:11| False
11:52:11| True
11:52:11| True
11:52:11| False
11:52:11| False
11:52:11| True
11:52:11| False
11:52:11| False
11:52:11| True
11:52:11| False
11:52:11| False
11:52:11| False
11:52:11| True
11:52:11| False
11:52:11| True
11:52:11| False
11:52:11| True
11:52:11| False
11:52:11| False
11:52:11| False
11:52:11| True
11:52:11| True
11:52:11| False
11:52:11| True
11:52:11| False
11:52:11| False
11:52:11| True
11:52:11| False
11:52:11| False
11:52:11| False
11:52:11| True
11:52:11| True
11:52:11| True
11:52:11| True
11:52:11| True
11:52:11| True
11:52:11| True
11:52:11| False
11:52:11| True
11:52:11| False
11:52:11| True
11:52:11| False
11:52:11|  
11:52:11| --------------------------------------------------------------------------------
11:52:11| Words: 1000
11:52:11| False
11:52:11| False
11:52:11| False
11:52:11| False
11:52:11| False
11:52:11| False
11:52:11| False
11:52:11| False
11:52:11| False
11:52:11| False
11:52:11| False
11:52:11| False
11:52:11| False
11:52:11| False
11:52:11| False
11:52:11| False
11:52:11| False
11:52:11| False
11:52:11| False
11:52:11| False
11:52:11| False
11:52:11| False
11:52:11| False
11:52:11| False
11:52:11| False
11:52:11| False
11:52:11| False
11:52:11| False
11:52:11| False
11:52:11| False
11:52:11| False
11:52:11| False
11:52:11| False
11:52:11| False
11:52:11| False
11:52:11| False
11:52:11| False
11:52:11| False
11:52:11| False
11:52:11| False
11:52:11| False
11:52:11| False
11:52:11| False
11:52:11| False
11:52:11| False
11:52:11| False
11:52:11| False
11:52:11| False
11:52:11| False
11:52:11| False
11:52:11| False
11:52:11| False
11:52:11| False
11:52:11| False
11:52:11| False
11:52:11| False
11:52:11| False
11:52:11| False
11:52:11| False
11:52:11| False
11:52:11| False
11:52:11| False
11:52:11| False
11:52:11| False
11:52:11| False
11:52:11| False
11:52:11| False
11:52:11| False
11:52:11| False
11:52:11| False
11:52:11| False
11:52:11| False
11:52:11| False
11:52:11| False
11:52:11| False
11:52:11| False
11:52:11| False
11:52:11| False
11:52:11| False
11:52:11| False
11:52:11| False
11:52:11| False
11:52:11| False
11:52:11| False
11:52:11| False
11:52:11| False
11:52:11| False
11:52:11| False
11:52:11| False
11:52:11| False
11:52:11| False
11:52:11| False
11:52:11| False
11:52:11| False
11:52:11| False
11:52:11| False
11:52:11| False
11:52:11| False
11:52:11| False
11:52:11| False
11:52:11| False
11:52:11| False
11:52:11| False
11:52:11| False
11:52:11| False
11:52:11| False
11:52:11| False
11:52:11| False
11:52:11| False
11:52:11| False
11:52:11| False
11:52:11| False
11:52:11| False
11:52:11| False
11:52:11| False
11:52:11| False
11:52:11| False
11:52:11| False
11:52:11| False
11:52:11| False
11:52:11| False
11:52:11| False
11:52:11| False
11:52:11| False
11:52:11| False
11:52:11| False
11:52:11| False
11:52:11| False
11:52:11| False
11:52:11| False
11:52:11| False
11:52:11| False
11:52:11| False
11:52:11| False
11:52:11| False
11:52:11| False
11:52:11| False
11:52:11| False
11:52:11| False
11:52:11| False
11:52:11| False
11:52:11| False
11:52:11| False
11:52:11| False
11:52:11| False
11:52:11| False
11:52:11| False
11:52:11| False
11:52:11| False
11:52:11| False
11:52:11| False
11:52:11| False
11:52:11| False
11:52:11| False
11:52:11| False
11:52:11| False
11:52:11| False
11:52:11| False
11:52:11| False
11:52:11| False
11:52:11| False
11:52:11| False
11:52:11| False
11:52:11| False
11:52:11| False
11:52:11| False
11:52:11| False
11:52:11| False
11:52:11| False
11:52:11| False
11:52:11| False
11:52:11| False
11:52:11| False
11:52:11| False
11:52:11| False
11:52:11| False
11:52:11| False
11:52:11| False
11:52:11| False
11:52:11| False
11:52:11| False
11:52:11| False
11:52:11| False
11:52:11| False
11:52:11| False
11:52:11| False
11:52:11| False
11:52:11| False
11:52:11| False
11:52:11| False
11:52:11| False
11:52:11| False
11:52:11| False
11:52:11| False
11:52:11| False
11:52:11| False
11:52:11| False
11:52:11| False
11:52:11| False
11:52:11| False
11:52:11| False
11:52:11| False
11:52:11| False
11:52:11| False
11:52:11| False
11:52:11| False
11:52:11| False
11:52:11| False
11:52:11| False
11:52:11| False
11:52:11| False
11:52:11| False
11:52:11| False
11:52:11| False
11:52:11| False
11:52:11| False
11:52:11| False
11:52:11| False
11:52:11| False
11:52:11| False
11:52:11| False
11:52:11| False
11:52:11| False
11:52:11| False
11:52:11| False
11:52:11| False
11:52:11| False
11:52:11| False
11:52:11| False
11:52:11| False
11:52:11| False
11:52:11| False
11:52:11| False
11:52:11| False
11:52:11| False
11:52:11| False
11:52:11| False
11:52:11| False
11:52:11| False
11:52:11| False
11:52:11| False
11:52:11| False
11:52:11| False
11:52:11| False
11:52:11| False
11:52:11| False
11:52:11| False
11:52:11| False
11:52:11| False
11:52:11| False
11:52:11| False
11:52:11| False
11:52:11| False
11:52:11| False
11:52:11| False
11:52:11| False
11:52:11| False
11:52:11| False
11:52:11| False
11:52:11| False
11:52:11| False
11:52:11| False
11:52:11| False
11:52:12| False
11:52:12| False
11:52:12| False
11:52:12| False
11:52:12| False
11:52:12| False
11:52:12| False
11:52:12| False
11:52:12| False
11:52:12| False
11:52:12| False
11:52:12| False
11:52:12| False
11:52:12| False
11:52:12| False
11:52:12| False
11:52:12| False
11:52:12| False
11:52:12| False
11:52:12| False
11:52:12| False
11:52:12| False
11:52:12| False
11:52:12| False
11:52:12| False
11:52:12| False
11:52:12| False
11:52:12| False
11:52:12| False
11:52:12| False
11:52:12| False
11:52:12| False
11:52:12| False
11:52:12| False
11:52:12| False
11:52:12| False
11:52:12| False
11:52:12| False
11:52:12| False
11:52:12| False
11:52:12| False
11:52:12| False
11:52:12| False
11:52:12| False
11:52:12| False
11:52:12| False
11:52:12| False
11:52:12| False
11:52:12| False
11:52:12| False
11:52:12| False
11:52:12| False
11:52:12| False
11:52:12| False
11:52:12| False
11:52:12| False
11:52:12| False
11:52:12| False
11:52:12| False
11:52:12| False
11:52:12| False
11:52:12| False
11:52:12| False
11:52:12| False
11:52:12| False
11:52:12| False
11:52:12| False
11:52:12| False
11:52:12| False
11:52:12| False
11:52:12| False
11:52:12| False
11:52:12| False
11:52:12| False
11:52:12| False
11:52:12| False
11:52:12| False
11:52:12| False
11:52:12| False
11:52:12| False
11:52:12| False
11:52:12| False
11:52:12| False
11:52:12| False
11:52:12| False
11:52:12| False
11:52:12| False
11:52:12| False
11:52:12| False
11:52:12| False
11:52:12| False
11:52:12| False
11:52:12| False
11:52:12| False
11:52:12| False
11:52:12| False
11:52:12| False
11:52:12| False
11:52:12| False
11:52:12| False
11:52:12| False
11:52:12| False
11:52:12| False
11:52:12| False
11:52:12| False
11:52:12| False
11:52:12| False
11:52:12| False
11:52:12| False
11:52:12| False
11:52:12| False
11:52:12| False
11:52:12| False
11:52:12| False
11:52:12| False
11:52:12| False
11:52:12| False
11:52:12| False
11:52:12| False
11:52:12| False
11:52:12| False
11:52:12| False
11:52:12| False
11:52:12| False
11:52:12| False
11:52:12| False
11:52:12| False
11:52:12| False
11:52:12| False
11:52:12| False
11:52:12| False
11:52:12| False
11:52:12| False
11:52:12| False
11:52:12| False
11:52:12| False
11:52:12| False
11:52:12| False
11:52:12| False
11:52:12| False
11:52:12| False
11:52:12| False
11:52:12| False
11:52:12| False
11:52:12| False
11:52:12| False
11:52:12| False
11:52:12| False
11:52:12| False
11:52:12| False
11:52:12| False
11:52:12| False
11:52:12| False
11:52:12| False
11:52:12| False
11:52:12| False
11:52:12| False
11:52:12| False
11:52:12| False
11:52:12| False
11:52:12| False
11:52:12| False
11:52:12| False
11:52:12| False
11:52:12| False
11:52:12| False
11:52:12| False
11:52:12| False
11:52:12| False
11:52:12| False
11:52:12| False
11:52:12| False
11:52:12| False
11:52:12| False
11:52:12| False
11:52:12| False
11:52:12| False
11:52:12| False
11:52:12| False
11:52:12| False
11:52:12| False
11:52:12| False
11:52:12| False
11:52:12| False
11:52:12| False
11:52:12| False
11:52:12| False
11:52:12| False
11:52:12| False
11:52:12| False
11:52:12| False
11:52:12| False
11:52:12| False
11:52:12| False
11:52:12| False
11:52:12| False
11:52:12| False
11:52:12| False
11:52:12| False
11:52:12| False
11:52:12| False
11:52:12| False
11:52:12| False
11:52:12| False
11:52:12| False
11:52:12| False
11:52:12| False
11:52:12| False
11:52:12| False
11:52:12| False
11:52:12| False
11:52:12| False
11:52:12| False
11:52:12| False
11:52:12| False
11:52:12| False
11:52:12| False
11:52:12| False
11:52:12| False
11:52:12| False
11:52:12| False
11:52:12| False
11:52:12| False
11:52:12| False
11:52:12| False
11:52:12| False
11:52:12| False
11:52:12| False
11:52:12| False
11:52:12| False
11:52:12| False
11:52:12| False
11:52:12| False
11:52:12| False
11:52:12| False
11:52:12| False
11:52:12| False
11:52:12| False
11:52:12| False
11:52:12| False
11:52:12| False
11:52:12| False
11:52:12| False
11:52:12| False
11:52:12| False
11:52:12| False
11:52:12| False
11:52:12| False
11:52:12| False
11:52:12| False
11:52:12| False
11:52:12| False
11:52:12| False
11:52:12| False
11:52:12| False
11:52:12| False
11:52:12| False
11:52:12| False
11:52:12| False
11:52:12| False
11:52:12| False
11:52:12| False
11:52:12| False
11:52:12| False
11:52:12| False
11:52:12| False
11:52:12| False
11:52:12| False
11:52:12| False
11:52:12| False
11:52:12| False
11:52:12| False
11:52:12| False
11:52:12| False
11:52:12| False
11:52:12| False
11:52:12| False
11:52:12| False
11:52:12| False
11:52:12| False
11:52:12| False
11:52:12| False
11:52:12| False
11:52:12| False
11:52:12| False
11:52:12| False
11:52:12| False
11:52:12| False
11:52:12| False
11:52:12| False
11:52:12| False
11:52:12| False
11:52:12| False
11:52:12| False
11:52:12| False
11:52:12| False
11:52:12| False
11:52:12| False
11:52:12| False
11:52:12| False
11:52:12| False
11:52:12| False
11:52:12| False
11:52:12| False
11:52:12| False
11:52:12| False
11:52:12| False
11:52:12| False
11:52:12| False
11:52:12| False
11:52:12| False
11:52:12| False
11:52:12| False
11:52:12| False
11:52:12| False
11:52:12| False
11:52:12| False
11:52:12| False
11:52:12| False
11:52:12| False
11:52:12| False
11:52:12| False
11:52:12| False
11:52:12| False
11:52:12| False
11:52:12| False
11:52:12| False
11:52:12| False
11:52:12| False
11:52:12| False
11:52:12| False
11:52:12| False
11:52:12| False
11:52:12| False
11:52:12| False
11:52:12| False
11:52:12| False
11:52:12| False
11:52:12| False
11:52:12| False
11:52:12| False
11:52:12| False
11:52:12| False
11:52:12| False
11:52:12| False
11:52:12| False
11:52:12| False
11:52:12| False
11:52:12| False
11:52:12| False
11:52:12| False
11:52:12| False
11:52:12| False
11:52:12| False
11:52:12| False
11:52:12| False
11:52:12| False
11:52:12| False
11:52:12| False
11:52:12| False
11:52:12| False
11:52:12| False
11:52:12| False
11:52:12| False
11:52:12| False
11:52:12| False
11:52:12| False
11:52:12| False
11:52:12| False
11:52:12| False
11:52:12| False
11:52:12| False
11:52:12| False
11:52:12| False
11:52:12| False
11:52:12| False
11:52:12| False
11:52:12| False
11:52:12| False
11:52:12| False
11:52:12| False
11:52:12| False
11:52:12| False
11:52:12| False
11:52:12| False
11:52:12| False
11:52:12| False
11:52:12| False
11:52:12| False
11:52:12| False
11:52:12| False
11:52:12| False
11:52:12| False
11:52:12| False
11:52:12| False
11:52:12| False
11:52:12| False
11:52:12| False
11:52:12| False
11:52:12| False
11:52:12| False
11:52:12| False
11:52:12| False
11:52:12| False
11:52:12| False
11:52:12| False
11:52:12| False
11:52:12| False
11:52:12| False
11:52:12| False
11:52:12| False
11:52:12| False
11:52:12| False
11:52:12| False
11:52:12| False
11:52:12| False
11:52:12| False
11:52:12| False
11:52:12| False
11:52:12| False
11:52:12| False
11:52:12| False
11:52:12| False
11:52:12| False
11:52:12| False
11:52:12| False
11:52:12| False
11:52:12| False
11:52:12| False
11:52:12| False
11:52:12| False
11:52:12| False
11:52:12| False
11:52:12| False
11:52:12| False
11:52:12| False
11:52:12| False
11:52:12| False
11:52:12| False
11:52:12| False
11:52:12| False
11:52:12| False
11:52:12| False
11:52:12| False
11:52:12| False
11:52:12| False
11:52:12| False
11:52:12| False
11:52:12| False
11:52:12| False
11:52:12| False
11:52:12| False
11:52:12| False
11:52:12| False
11:52:12| False
11:52:12| False
11:52:12| False
11:52:12| False
11:52:12| False
11:52:12| False
11:52:12| False
11:52:12| False
11:52:12| False
11:52:12| False
11:52:12| False
11:52:12| False
11:52:12| False
11:52:12| False
11:52:12| False
11:52:12| False
11:52:12| False
11:52:12| False
11:52:12| False
11:52:12| False
11:52:12| False
11:52:12| False
11:52:12| False
11:52:12| False
11:52:12| False
11:52:12| False
11:52:12| False
11:52:12| False
11:52:12| False
11:52:12| False
11:52:12| False
11:52:12| False
11:52:12| False
11:52:12| False
11:52:12| False
11:52:12| False
11:52:12| False
11:52:12| False
11:52:12| False
11:52:12| False
11:52:12| False
11:52:12| False
11:52:12| False
11:52:12| False
11:52:12| False
11:52:12| False
11:52:12| False
11:52:12| False
11:52:12| False
11:52:12| False
11:52:12| False
11:52:12| False
11:52:12| False
11:52:12| False
11:52:12| False
11:52:12| False
11:52:12| False
11:52:12| False
11:52:12| False
11:52:12| False
11:52:12| False
11:52:12| False
11:52:12| False
11:52:12| False
11:52:12| False
11:52:12| False
11:52:12| False
11:52:12| False
11:52:12| False
11:52:12| False
11:52:12| False
11:52:12| False
11:52:12| False
11:52:12| False
11:52:12| False
11:52:12| False
11:52:12| False
11:52:12| False
11:52:12| False
11:52:12| False
11:52:12| False
11:52:12| False
11:52:12| False
11:52:12| False
11:52:12| False
11:52:12| False
11:52:12| False
11:52:12| False
11:52:12| False
11:52:12| False
11:52:12| False
11:52:12| False
11:52:12| False
11:52:12| False
11:52:12| False
11:52:12| False
11:52:12| False
11:52:12| False
11:52:12| False
11:52:12| False
11:52:12| False
11:52:12| False
11:52:12| False
11:52:12| False
11:52:12| False
11:52:12| False
11:52:12| False
11:52:12| False
11:52:12| False
11:52:12| False
11:52:12| False
11:52:12| False
11:52:12| False
11:52:12| False
11:52:12| False
11:52:12| False
11:52:12| False
11:52:12| False
11:52:12| False
11:52:12| False
11:52:12| False
11:52:12| False
11:52:12| False
11:52:12| False
11:52:12| False
11:52:12| False
11:52:12| False
11:52:12| False
11:52:12| False
11:52:12| False
11:52:12| False
11:52:12| False
11:52:12| False
11:52:12| False
11:52:12| False
11:52:12| False
11:52:12| False
11:52:12| False
11:52:12| False
11:52:12| False
11:52:12| False
11:52:12| False
11:52:12| False
11:52:12| False
11:52:12| False
11:52:12| False
11:52:12| False
11:52:12| False
11:52:12| False
11:52:12| False
11:52:12| False
11:52:12| False
11:52:12| False
11:52:12| False
11:52:12| False
11:52:12| False
11:52:12| False
11:52:12| False
11:52:12| False
11:52:12| False
11:52:12| False
11:52:12| False
11:52:12| False
11:52:12| False
11:52:12| False
11:52:12| False
11:52:12| False
11:52:12| False
11:52:12| False
11:52:12| False
11:52:12| False
11:52:12| False
11:52:12| False
11:52:12| False
11:52:12| False
11:52:12| False
11:52:12| False
11:52:12| False
11:52:12| False
11:52:12| False
11:52:12| False
11:52:12| False
11:52:12| False
11:52:12| False
11:52:12| False
11:52:12| False
11:52:12| False
11:52:12| False
11:52:12| False
11:52:12| False
11:52:12| False
11:52:12| False
11:52:12| False
11:52:12| False
11:52:12| False
11:52:12| False
11:52:12| False
11:52:12| False
11:52:12| False
11:52:12| False
11:52:12| False
11:52:12| False
11:52:12| False
11:52:12| False
11:52:12| False
11:52:12| False
11:52:12| False
11:52:12| False
11:52:12| False
11:52:12| False
11:52:12| False
11:52:12| False
11:52:12| False
11:52:12| False
11:52:12| False
11:52:12| False
11:52:12| False
11:52:12| False
11:52:12| False
11:52:12| False
11:52:12| False
11:52:12| False
11:52:12| False
11:52:12| False
11:52:12| False
11:52:12| False
11:52:12| False
11:52:12| False
11:52:12| False
11:52:12| False
11:52:12| False
11:52:12| False
11:52:12| False
11:52:12| False
11:52:12| False
11:52:12| False
11:52:12| False
11:52:12| False
11:52:12| False
11:52:12| False
11:52:12| False
11:52:12| False
11:52:12| False
11:52:12| False
11:52:12| False
11:52:12| False
11:52:12| False
11:52:12| False
11:52:12| False
11:52:12| False
11:52:12| False
11:52:12| False
11:52:12| False
11:52:12| False
11:52:12| False
11:52:12| False
11:52:12| False
11:52:12| False
11:52:12| False
11:52:12| False
11:52:12| False
11:52:12| False
11:52:12| False
11:52:12| False
11:52:12| False
11:52:12| False
11:52:12| False
11:52:12| False
11:52:12| False
11:52:12| False
11:52:12| False
11:52:12| False
11:52:12| False
11:52:12| False
11:52:12| False
11:52:12| False
11:52:12| False
11:52:12| False
11:52:12| False
11:52:12| False
11:52:12| False
11:52:12| False
11:52:12| False
11:52:12|  
11:52:12| --------------------------------------------------------------------------------
11:52:12| Uppercase: 0
11:52:12|  
11:52:12| --------------------------------------------------------------------------------
11:52:12| Sums: 0
11:52:12|  
11:52:12| --------------------------------------------------------------------------------
11:52:12| Names: 34
11:52:12| 392
11:52:12| 504
11:52:12| 571
11:52:12| 579
11:52:12| 581
11:52:12| 650
11:52:12| 684
11:52:12| 795
11:52:12| 1136
11:52:12| 1509
11:52:12| 1780
11:52:12| 1975
11:52:12| 2001
11:52:12| 2064
11:52:12| 2142
11:52:12| 2148
11:52:12| 2150
11:52:12| 2320
11:52:12| 2341
11:52:12| 2391
11:52:12| 2407
11:52:12| 2700
11:52:12| 2969
11:52:12| 3180
11:52:12| 3333
11:52:12| 3565
11:52:12| 3600
11:52:12| 3625
11:52:12| 3737
11:52:12| 3808
11:52:12| 3902
11:52:12| 3964
11:52:12| 3976
11:52:12| 4006
11:52:12|  
11:52:12| Number of Primes tasks: 1000
11:52:12| Number of Words tasks: 1000
11:52:12| Number of Uppercase tasks: 0
11:52:12| Number of Sums tasks: 0
11:52:12| Number of Names tasks: 34
11:52:12| Total time to process 4034 tasks = 16.70743880
