10:41:54| --------------------------------------------------------------------------------
10:41:54| Primes: 0
10:41:54|  
10:41:54| --------------------------------------------------------------------------------
10:41:54| Words: 0
10:41:54|  
10:41:54| --------------------------------------------------------------------------------
10:41:54| Uppercase: 0
10:41:54|  
10:41:54| --------------------------------------------------------------------------------
10:41:54| Sums: 0
10:41:54|  
10:41:54| --------------------------------------------------------------------------------
10:41:54| Names: 0
10:41:54|  
10:41:54| Number of Primes tasks: 0
10:41:54| Number of Words tasks: 0
10:41:54| Number of Uppercase tasks: 0
10:41:54| Number of Sums tasks: 0
10:41:54| Number of Names tasks: 0
10:41:54| Total time to process 5 tasks = 0.00474880
