12:06:40| --------------------------------------------------------------------------------
12:06:40| Primes: 1
12:06:40| 4 is not prime
12:06:40|  
12:06:40| --------------------------------------------------------------------------------
12:06:40| Words: 1
12:06:40| 3 not found
12:06:40|  
12:06:40| --------------------------------------------------------------------------------
12:06:40| Uppercase: 0
12:06:40|  
12:06:40| --------------------------------------------------------------------------------
12:06:40| Sums: 0
12:06:40|  
12:06:40| --------------------------------------------------------------------------------
12:06:40| Names: 1
12:06:40| 2
12:06:40|  
12:06:40| Number of Primes tasks: 1
12:06:40| Number of Words tasks: 1
12:06:40| Number of Uppercase tasks: 0
12:06:40| Number of Sums tasks: 0
12:06:40| Number of Names tasks: 1
12:06:40| Total time to process 5 tasks = 1.75741430
