11:46:54| --------------------------------------------------------------------------------
11:46:54| Primes: 1000
11:46:54| True
11:46:54| True
11:46:54| True
11:46:54| False
11:46:54| True
11:46:54| False
11:46:54| True
11:46:54| False
11:46:54| False
11:46:54| True
11:46:54| False
11:46:54| True
11:46:54| False
11:46:54| True
11:46:54| True
11:46:54| True
11:46:54| False
11:46:54| False
11:46:54| True
11:46:54| True
11:46:54| False
11:46:54| True
11:46:54| False
11:46:54| False
11:46:54| True
11:46:54| False
11:46:54| False
11:46:54| True
11:46:54| False
11:46:54| True
11:46:54| False
11:46:54| True
11:46:54| False
11:46:54| False
11:46:54| True
11:46:54| True
11:46:54| True
11:46:54| False
11:46:54| False
11:46:54| True
11:46:54| False
11:46:54| False
11:46:54| True
11:46:54| False
11:46:54| True
11:46:54| False
11:46:54| True
11:46:54| False
11:46:54| False
11:46:54| False
11:46:54| True
11:46:54| False
11:46:54| True
11:46:54| True
11:46:54| True
11:46:54| True
11:46:54| True
11:46:54| True
11:46:54| True
11:46:54| False
11:46:54| True
11:46:54| True
11:46:54| False
11:46:54| False
11:46:54| False
11:46:54| True
11:46:54| True
11:46:54| False
11:46:54| True
11:46:54| True
11:46:54| False
11:46:54| True
11:46:54| False
11:46:54| True
11:46:54| False
11:46:54| True
11:46:54| False
11:46:54| True
11:46:54| False
11:46:54| True
11:46:54| True
11:46:54| True
11:46:54| True
11:46:54| False
11:46:54| True
11:46:54| True
11:46:54| True
11:46:54| True
11:46:54| False
11:46:54| True
11:46:54| False
11:46:54| False
11:46:54| False
11:46:54| True
11:46:54| False
11:46:54| True
11:46:54| False
11:46:54| False
11:46:54| True
11:46:54| False
11:46:54| True
11:46:54| True
11:46:54| False
11:46:54| False
11:46:54| True
11:46:54| False
11:46:54| True
11:46:54| True
11:46:54| True
11:46:54| True
11:46:54| False
11:46:54| False
11:46:54| True
11:46:54| False
11:46:54| True
11:46:54| False
11:46:54| False
11:46:54| False
11:46:54| True
11:46:54| True
11:46:54| False
11:46:54| True
11:46:54| True
11:46:54| False
11:46:54| True
11:46:54| False
11:46:54| False
11:46:54| False
11:46:54| True
11:46:54| False
11:46:54| False
11:46:54| True
11:46:54| False
11:46:54| True
11:46:54| True
11:46:54| False
11:46:54| True
11:46:54| False
11:46:54| True
11:46:54| True
11:46:54| True
11:46:54| False
11:46:54| False
11:46:54| True
11:46:54| False
11:46:54| False
11:46:54| True
11:46:54| True
11:46:54| False
11:46:54| True
11:46:54| False
11:46:54| False
11:46:54| True
11:46:54| False
11:46:54| True
11:46:54| False
11:46:54| False
11:46:54| False
11:46:54| True
11:46:54| True
11:46:54| False
11:46:54| True
11:46:54| False
11:46:54| True
11:46:54| True
11:46:54| True
11:46:54| False
11:46:54| True
11:46:54| False
11:46:54| False
11:46:54| False
11:46:54| True
11:46:54| False
11:46:54| True
11:46:54| False
11:46:54| True
11:46:54| True
11:46:54| False
11:46:54| True
11:46:54| False
11:46:54| True
11:46:54| False
11:46:54| False
11:46:54| True
11:46:54| False
11:46:54| True
11:46:54| False
11:46:54| False
11:46:54| True
11:46:54| False
11:46:54| False
11:46:54| True
11:46:54| True
11:46:54| True
11:46:54| True
11:46:54| False
11:46:54| True
11:46:54| False
11:46:54| False
11:46:54| True
11:46:54| True
11:46:54| True
11:46:54| True
11:46:54| True
11:46:54| True
11:46:54| True
11:46:54| True
11:46:54| False
11:46:54| False
11:46:54| False
11:46:54| True
11:46:54| True
11:46:54| False
11:46:54| True
11:46:54| False
11:46:54| False
11:46:54| True
11:46:54| False
11:46:54| False
11:46:54| True
11:46:54| True
11:46:54| True
11:46:54| False
11:46:54| False
11:46:54| True
11:46:54| False
11:46:54| False
11:46:54| True
11:46:54| False
11:46:54| False
11:46:54| True
11:46:54| False
11:46:54| False
11:46:54| True
11:46:54| False
11:46:54| True
11:46:54| False
11:46:54| False
11:46:54| False
11:46:54| False
11:46:54| False
11:46:54| True
11:46:54| True
11:46:54| False
11:46:54| True
11:46:54| False
11:46:54| False
11:46:54| False
11:46:54| False
11:46:54| True
11:46:54| False
11:46:54| False
11:46:54| True
11:46:54| False
11:46:54| False
11:46:54| True
11:46:54| False
11:46:54| True
11:46:54| True
11:46:54| True
11:46:54| True
11:46:54| True
11:46:54| False
11:46:54| True
11:46:54| False
11:46:54| False
11:46:54| False
11:46:54| True
11:46:54| True
11:46:54| False
11:46:54| True
11:46:54| True
11:46:54| False
11:46:54| True
11:46:54| False
11:46:54| False
11:46:54| False
11:46:54| False
11:46:54| False
11:46:54| False
11:46:54| False
11:46:54| True
11:46:54| False
11:46:54| False
11:46:54| True
11:46:54| False
11:46:54| False
11:46:54| True
11:46:54| False
11:46:54| True
11:46:54| False
11:46:54| False
11:46:54| True
11:46:54| False
11:46:54| False
11:46:54| True
11:46:54| False
11:46:54| False
11:46:54| True
11:46:54| False
11:46:54| True
11:46:54| True
11:46:54| True
11:46:54| False
11:46:54| False
11:46:54| True
11:46:54| False
11:46:54| True
11:46:54| False
11:46:54| True
11:46:54| False
11:46:54| True
11:46:54| False
11:46:54| False
11:46:54| True
11:46:54| True
11:46:54| True
11:46:54| True
11:46:54| False
11:46:54| False
11:46:54| False
11:46:54| False
11:46:54| False
11:46:54| False
11:46:54| True
11:46:54| False
11:46:54| True
11:46:54| True
11:46:54| False
11:46:54| True
11:46:54| False
11:46:54| True
11:46:54| False
11:46:54| False
11:46:54| False
11:46:54| False
11:46:54| False
11:46:54| True
11:46:54| False
11:46:54| True
11:46:54| True
11:46:54| True
11:46:54| True
11:46:54| True
11:46:54| False
11:46:54| True
11:46:54| False
11:46:54| False
11:46:54| False
11:46:54| True
11:46:54| True
11:46:54| False
11:46:54| False
11:46:54| True
11:46:54| False
11:46:54| True
11:46:54| True
11:46:54| True
11:46:54| True
11:46:54| True
11:46:54| False
11:46:54| True
11:46:54| False
11:46:54| True
11:46:54| False
11:46:54| False
11:46:54| True
11:46:54| True
11:46:54| False
11:46:54| False
11:46:54| False
11:46:54| True
11:46:54| False
11:46:54| True
11:46:54| False
11:46:54| False
11:46:54| True
11:46:54| True
11:46:54| True
11:46:54| False
11:46:54| True
11:46:54| False
11:46:54| True
11:46:54| False
11:46:54| True
11:46:54| False
11:46:54| True
11:46:54| False
11:46:54| True
11:46:54| True
11:46:54| False
11:46:54| False
11:46:54| True
11:46:54| True
11:46:54| False
11:46:54| False
11:46:54| True
11:46:54| False
11:46:54| True
11:46:54| True
11:46:54| True
11:46:54| True
11:46:54| False
11:46:54| False
11:46:54| True
11:46:54| False
11:46:54| False
11:46:54| True
11:46:54| True
11:46:54| False
11:46:54| False
11:46:54| False
11:46:54| True
11:46:54| True
11:46:54| True
11:46:54| False
11:46:54| True
11:46:54| True
11:46:54| False
11:46:54| False
11:46:54| True
11:46:54| True
11:46:54| False
11:46:54| True
11:46:54| False
11:46:54| True
11:46:54| True
11:46:54| True
11:46:54| True
11:46:54| False
11:46:54| True
11:46:54| False
11:46:54| True
11:46:54| True
11:46:54| False
11:46:54| False
11:46:54| False
11:46:54| True
11:46:54| False
11:46:54| False
11:46:54| True
11:46:54| True
11:46:54| True
11:46:54| False
11:46:54| False
11:46:54| False
11:46:54| True
11:46:54| True
11:46:54| True
11:46:54| True
11:46:54| False
11:46:54| True
11:46:54| False
11:46:54| False
11:46:54| True
11:46:54| False
11:46:54| True
11:46:54| True
11:46:54| False
11:46:54| False
11:46:54| True
11:46:54| False
11:46:54| True
11:46:54| False
11:46:54| False
11:46:54| True
11:46:54| False
11:46:54| False
11:46:54| True
11:46:54| False
11:46:54| True
11:46:54| False
11:46:54| False
11:46:54| False
11:46:54| True
11:46:54| True
11:46:54| True
11:46:54| False
11:46:54| True
11:46:54| False
11:46:54| False
11:46:54| True
11:46:54| False
11:46:54| True
11:46:54| True
11:46:54| True
11:46:54| True
11:46:54| False
11:46:54| True
11:46:54| True
11:46:54| False
11:46:54| True
11:46:54| False
11:46:54| False
11:46:54| True
11:46:54| True
11:46:54| False
11:46:54| False
11:46:54| True
11:46:54| True
11:46:54| True
11:46:54| False
11:46:54| False
11:46:54| True
11:46:54| False
11:46:54| True
11:46:54| True
11:46:54| False
11:46:54| False
11:46:54| True
11:46:54| False
11:46:54| True
11:46:54| True
11:46:54| True
11:46:54| False
11:46:54| True
11:46:54| False
11:46:54| True
11:46:54| True
11:46:54| False
11:46:54| True
11:46:54| False
11:46:54| False
11:46:54| False
11:46:54| True
11:46:54| True
11:46:54| True
11:46:54| True
11:46:54| False
11:46:54| True
11:46:54| False
11:46:54| True
11:46:54| False
11:46:54| False
11:46:54| False
11:46:54| False
11:46:54| False
11:46:54| False
11:46:54| True
11:46:54| True
11:46:54| True
11:46:54| False
11:46:54| True
11:46:54| True
11:46:54| True
11:46:54| False
11:46:54| True
11:46:54| False
11:46:54| False
11:46:54| True
11:46:54| True
11:46:54| False
11:46:54| True
11:46:54| False
11:46:54| False
11:46:54| True
11:46:54| True
11:46:54| True
11:46:54| False
11:46:54| True
11:46:54| True
11:46:54| False
11:46:54| True
11:46:54| True
11:46:54| False
11:46:54| False
11:46:54| False
11:46:54| True
11:46:54| True
11:46:54| False
11:46:54| True
11:46:54| True
11:46:54| True
11:46:54| False
11:46:54| False
11:46:54| False
11:46:54| False
11:46:54| True
11:46:54| True
11:46:54| True
11:46:54| False
11:46:54| False
11:46:54| False
11:46:54| True
11:46:54| False
11:46:54| True
11:46:54| False
11:46:54| False
11:46:54| True
11:46:54| False
11:46:54| True
11:46:54| True
11:46:54| True
11:46:54| False
11:46:54| False
11:46:54| False
11:46:54| True
11:46:54| True
11:46:54| False
11:46:54| False
11:46:54| False
11:46:54| True
11:46:54| True
11:46:54| True
11:46:54| False
11:46:54| False
11:46:54| True
11:46:54| False
11:46:54| True
11:46:54| True
11:46:54| True
11:46:54| False
11:46:54| True
11:46:54| False
11:46:54| False
11:46:54| False
11:46:54| False
11:46:54| False
11:46:54| False
11:46:54| False
11:46:54| True
11:46:54| False
11:46:54| True
11:46:54| False
11:46:54| True
11:46:54| False
11:46:54| True
11:46:54| False
11:46:54| True
11:46:54| False
11:46:54| False
11:46:54| False
11:46:54| True
11:46:54| True
11:46:54| False
11:46:54| True
11:46:54| False
11:46:54| True
11:46:54| False
11:46:54| True
11:46:54| True
11:46:54| False
11:46:54| True
11:46:54| False
11:46:54| True
11:46:54| False
11:46:54| True
11:46:54| True
11:46:54| False
11:46:54| True
11:46:54| True
11:46:54| True
11:46:54| True
11:46:54| True
11:46:54| False
11:46:54| False
11:46:54| False
11:46:54| False
11:46:54| True
11:46:54| True
11:46:54| True
11:46:54| False
11:46:54| False
11:46:54| False
11:46:54| True
11:46:54| False
11:46:54| True
11:46:54| True
11:46:54| False
11:46:54| False
11:46:54| True
11:46:54| True
11:46:54| False
11:46:54| False
11:46:54| False
11:46:54| True
11:46:54| True
11:46:54| False
11:46:54| False
11:46:54| True
11:46:54| False
11:46:54| True
11:46:54| False
11:46:54| True
11:46:54| False
11:46:54| False
11:46:54| True
11:46:54| False
11:46:54| False
11:46:54| False
11:46:54| True
11:46:54| True
11:46:54| False
11:46:54| True
11:46:54| True
11:46:54| False
11:46:54| True
11:46:54| True
11:46:54| False
11:46:54| True
11:46:54| False
11:46:54| True
11:46:54| True
11:46:54| False
11:46:54| False
11:46:54| True
11:46:54| False
11:46:54| True
11:46:54| False
11:46:54| True
11:46:54| True
11:46:54| True
11:46:54| True
11:46:54| True
11:46:54| False
11:46:54| False
11:46:54| False
11:46:54| False
11:46:54| False
11:46:54| True
11:46:54| False
11:46:54| True
11:46:54| False
11:46:54| False
11:46:54| False
11:46:54| True
11:46:54| False
11:46:54| True
11:46:54| False
11:46:54| False
11:46:54| False
11:46:54| True
11:46:54| True
11:46:54| False
11:46:54| False
11:46:54| True
11:46:54| True
11:46:54| True
11:46:54| True
11:46:54| True
11:46:54| False
11:46:54| True
11:46:54| False
11:46:54| False
11:46:54| False
11:46:54| True
11:46:54| True
11:46:54| True
11:46:54| False
11:46:54| False
11:46:54| True
11:46:54| True
11:46:54| False
11:46:54| False
11:46:54| True
11:46:54| True
11:46:54| True
11:46:54| True
11:46:54| False
11:46:54| True
11:46:54| True
11:46:54| False
11:46:54| True
11:46:54| False
11:46:54| False
11:46:54| True
11:46:54| False
11:46:54| False
11:46:54| True
11:46:54| True
11:46:54| True
11:46:54| True
11:46:54| True
11:46:54| False
11:46:54| False
11:46:54| True
11:46:54| True
11:46:54| False
11:46:54| True
11:46:54| False
11:46:54| True
11:46:54| True
11:46:54| True
11:46:54| False
11:46:54| True
11:46:54| True
11:46:54| False
11:46:54| True
11:46:54| True
11:46:54| False
11:46:54| False
11:46:54| True
11:46:54| True
11:46:54| True
11:46:54| False
11:46:54| False
11:46:54| True
11:46:54| False
11:46:54| False
11:46:54| True
11:46:54| True
11:46:54| True
11:46:54| False
11:46:54| True
11:46:54| False
11:46:54| True
11:46:54| False
11:46:54| True
11:46:54| True
11:46:54| True
11:46:54| True
11:46:54| True
11:46:54| False
11:46:54| False
11:46:54| True
11:46:54| False
11:46:54| False
11:46:54| True
11:46:54| True
11:46:54| True
11:46:54| True
11:46:54| False
11:46:54| False
11:46:54| True
11:46:54| False
11:46:54| True
11:46:54| True
11:46:54| True
11:46:54| True
11:46:54| True
11:46:54| False
11:46:54| True
11:46:54| False
11:46:54| False
11:46:54| False
11:46:54| True
11:46:54| True
11:46:54| True
11:46:54| False
11:46:54| True
11:46:54| False
11:46:54| True
11:46:54| False
11:46:54| True
11:46:54| True
11:46:54| True
11:46:54| False
11:46:54| True
11:46:54| True
11:46:54| True
11:46:54| True
11:46:54| True
11:46:54| True
11:46:54| False
11:46:54| False
11:46:54| True
11:46:54| False
11:46:54| False
11:46:54| False
11:46:54| False
11:46:54| True
11:46:54| True
11:46:54| True
11:46:54| False
11:46:54| True
11:46:54| True
11:46:54| True
11:46:54| False
11:46:54| True
11:46:54| True
11:46:54| True
11:46:54| True
11:46:54| False
11:46:54| False
11:46:54| False
11:46:54| True
11:46:54| False
11:46:54| False
11:46:54| True
11:46:54| False
11:46:54| False
11:46:54| False
11:46:54| False
11:46:54| True
11:46:54| True
11:46:54| False
11:46:54| True
11:46:54| False
11:46:54| True
11:46:54| True
11:46:54| True
11:46:54| True
11:46:54| True
11:46:54| False
11:46:54| False
11:46:54| True
11:46:54| True
11:46:54| False
11:46:54| False
11:46:54| True
11:46:54| True
11:46:54| True
11:46:54| False
11:46:54| True
11:46:54| True
11:46:54| False
11:46:54| True
11:46:54| False
11:46:54| True
11:46:54| False
11:46:54| True
11:46:54| True
11:46:54| True
11:46:54| True
11:46:54| False
11:46:54| False
11:46:54| True
11:46:54| False
11:46:54| True
11:46:54| False
11:46:54| True
11:46:54| True
11:46:54| False
11:46:54| False
11:46:54| True
11:46:54| False
11:46:54| False
11:46:54| True
11:46:54| False
11:46:54| False
11:46:54| True
11:46:54| False
11:46:54| True
11:46:54| True
11:46:54| False
11:46:54| True
11:46:54| False
11:46:54| True
11:46:54| False
11:46:54| True
11:46:54| False
11:46:54| True
11:46:54| True
11:46:54| True
11:46:54| True
11:46:54| True
11:46:54| False
11:46:54| False
11:46:54| False
11:46:54| True
11:46:54| False
11:46:54| True
11:46:54| True
11:46:54| False
11:46:54| True
11:46:54| False
11:46:54| True
11:46:54| True
11:46:54| False
11:46:54| True
11:46:54| True
11:46:54| False
11:46:54| False
11:46:54| True
11:46:54| False
11:46:54| False
11:46:54| True
11:46:54| False
11:46:54| False
11:46:54| False
11:46:54| True
11:46:54| False
11:46:54| True
11:46:54| False
11:46:54| True
11:46:54| False
11:46:54| False
11:46:54| False
11:46:54| True
11:46:54| True
11:46:54| False
11:46:54| True
11:46:54| False
11:46:54| False
11:46:54| True
11:46:54| False
11:46:54| False
11:46:54| False
11:46:54| True
11:46:54| True
11:46:54| True
11:46:54| True
11:46:54| True
11:46:54| True
11:46:54| True
11:46:54| False
11:46:54| True
11:46:54| False
11:46:54| True
11:46:54| False
11:46:54|  
11:46:54| --------------------------------------------------------------------------------
11:46:54| Words: 1000
11:46:54| False
11:46:54| False
11:46:54| False
11:46:54| False
11:46:54| False
11:46:54| False
11:46:54| False
11:46:54| False
11:46:54| False
11:46:54| False
11:46:54| False
11:46:54| False
11:46:54| False
11:46:54| False
11:46:54| False
11:46:54| False
11:46:54| False
11:46:54| False
11:46:54| False
11:46:54| False
11:46:54| False
11:46:54| False
11:46:54| False
11:46:54| False
11:46:54| False
11:46:54| False
11:46:54| False
11:46:54| False
11:46:54| False
11:46:54| False
11:46:54| False
11:46:54| False
11:46:54| False
11:46:54| False
11:46:54| False
11:46:54| False
11:46:54| False
11:46:54| False
11:46:54| False
11:46:54| False
11:46:54| False
11:46:54| False
11:46:54| False
11:46:54| False
11:46:54| False
11:46:54| False
11:46:54| False
11:46:54| False
11:46:54| False
11:46:54| False
11:46:54| False
11:46:54| False
11:46:54| False
11:46:54| False
11:46:54| False
11:46:54| False
11:46:54| False
11:46:54| False
11:46:54| False
11:46:54| False
11:46:54| False
11:46:54| False
11:46:54| False
11:46:54| False
11:46:54| False
11:46:54| False
11:46:54| False
11:46:54| False
11:46:54| False
11:46:54| False
11:46:54| False
11:46:54| False
11:46:54| False
11:46:54| False
11:46:54| False
11:46:54| False
11:46:54| False
11:46:54| False
11:46:54| False
11:46:54| False
11:46:54| False
11:46:54| False
11:46:54| False
11:46:54| False
11:46:54| False
11:46:54| False
11:46:54| False
11:46:54| False
11:46:54| False
11:46:54| False
11:46:54| False
11:46:54| False
11:46:54| False
11:46:54| False
11:46:54| False
11:46:54| False
11:46:54| False
11:46:54| False
11:46:54| False
11:46:54| False
11:46:54| False
11:46:54| False
11:46:54| False
11:46:54| False
11:46:54| False
11:46:54| False
11:46:54| False
11:46:54| False
11:46:54| False
11:46:54| False
11:46:54| False
11:46:54| False
11:46:54| False
11:46:54| False
11:46:54| False
11:46:54| False
11:46:54| False
11:46:54| False
11:46:54| False
11:46:54| False
11:46:54| False
11:46:54| False
11:46:54| False
11:46:54| False
11:46:54| False
11:46:54| False
11:46:54| False
11:46:54| False
11:46:54| False
11:46:54| False
11:46:54| False
11:46:54| False
11:46:54| False
11:46:54| False
11:46:54| False
11:46:54| False
11:46:54| False
11:46:54| False
11:46:54| False
11:46:54| False
11:46:54| False
11:46:54| False
11:46:54| False
11:46:54| False
11:46:54| False
11:46:54| False
11:46:54| False
11:46:54| False
11:46:54| False
11:46:54| False
11:46:54| False
11:46:54| False
11:46:54| False
11:46:54| False
11:46:54| False
11:46:54| False
11:46:54| False
11:46:54| False
11:46:54| False
11:46:54| False
11:46:54| False
11:46:54| False
11:46:54| False
11:46:54| False
11:46:54| False
11:46:54| False
11:46:54| False
11:46:54| False
11:46:54| False
11:46:54| False
11:46:54| False
11:46:54| False
11:46:54| False
11:46:54| False
11:46:54| False
11:46:54| False
11:46:54| False
11:46:54| False
11:46:54| False
11:46:54| False
11:46:54| False
11:46:54| False
11:46:54| False
11:46:54| False
11:46:54| False
11:46:54| False
11:46:54| False
11:46:54| False
11:46:54| False
11:46:54| False
11:46:54| False
11:46:54| False
11:46:54| False
11:46:54| False
11:46:54| False
11:46:54| False
11:46:54| False
11:46:54| False
11:46:54| False
11:46:54| False
11:46:54| False
11:46:54| False
11:46:54| False
11:46:54| False
11:46:54| False
11:46:54| False
11:46:54| False
11:46:54| False
11:46:54| False
11:46:54| False
11:46:54| False
11:46:54| False
11:46:54| False
11:46:54| False
11:46:54| False
11:46:54| False
11:46:54| False
11:46:54| False
11:46:54| False
11:46:54| False
11:46:54| False
11:46:54| False
11:46:54| False
11:46:54| False
11:46:54| False
11:46:54| False
11:46:54| False
11:46:54| False
11:46:54| False
11:46:54| False
11:46:54| False
11:46:54| False
11:46:54| False
11:46:54| False
11:46:54| False
11:46:54| False
11:46:54| False
11:46:54| False
11:46:54| False
11:46:54| False
11:46:54| False
11:46:54| False
11:46:54| False
11:46:54| False
11:46:54| False
11:46:54| False
11:46:54| False
11:46:54| False
11:46:54| False
11:46:54| False
11:46:54| False
11:46:54| False
11:46:54| False
11:46:54| False
11:46:54| False
11:46:54| False
11:46:54| False
11:46:54| False
11:46:54| False
11:46:54| False
11:46:54| False
11:46:54| False
11:46:54| False
11:46:54| False
11:46:54| False
11:46:54| False
11:46:54| False
11:46:54| False
11:46:54| False
11:46:54| False
11:46:54| False
11:46:54| False
11:46:54| False
11:46:54| False
11:46:54| False
11:46:54| False
11:46:54| False
11:46:54| False
11:46:54| False
11:46:54| False
11:46:54| False
11:46:54| False
11:46:54| False
11:46:54| False
11:46:54| False
11:46:54| False
11:46:54| False
11:46:54| False
11:46:54| False
11:46:54| False
11:46:54| False
11:46:54| False
11:46:54| False
11:46:54| False
11:46:54| False
11:46:54| False
11:46:54| False
11:46:54| False
11:46:54| False
11:46:54| False
11:46:54| False
11:46:54| False
11:46:54| False
11:46:54| False
11:46:54| False
11:46:54| False
11:46:54| False
11:46:54| False
11:46:54| False
11:46:54| False
11:46:54| False
11:46:54| False
11:46:54| False
11:46:54| False
11:46:54| False
11:46:54| False
11:46:54| False
11:46:54| False
11:46:54| False
11:46:54| False
11:46:54| False
11:46:54| False
11:46:54| False
11:46:54| False
11:46:54| False
11:46:54| False
11:46:54| False
11:46:54| False
11:46:54| False
11:46:54| False
11:46:54| False
11:46:54| False
11:46:54| False
11:46:54| False
11:46:54| False
11:46:54| False
11:46:54| False
11:46:54| False
11:46:54| False
11:46:54| False
11:46:54| False
11:46:54| False
11:46:54| False
11:46:54| False
11:46:54| False
11:46:54| False
11:46:54| False
11:46:54| False
11:46:54| False
11:46:54| False
11:46:54| False
11:46:54| False
11:46:54| False
11:46:54| False
11:46:54| False
11:46:54| False
11:46:54| False
11:46:54| False
11:46:54| False
11:46:54| False
11:46:54| False
11:46:54| False
11:46:54| False
11:46:54| False
11:46:54| False
11:46:54| False
11:46:54| False
11:46:54| False
11:46:54| False
11:46:54| False
11:46:54| False
11:46:54| False
11:46:54| False
11:46:54| False
11:46:54| False
11:46:54| False
11:46:54| False
11:46:54| False
11:46:54| False
11:46:54| False
11:46:54| False
11:46:54| False
11:46:54| False
11:46:54| False
11:46:54| False
11:46:54| False
11:46:54| False
11:46:54| False
11:46:54| False
11:46:54| False
11:46:54| False
11:46:54| False
11:46:54| False
11:46:54| False
11:46:54| False
11:46:54| False
11:46:54| False
11:46:54| False
11:46:54| False
11:46:54| False
11:46:54| False
11:46:54| False
11:46:54| False
11:46:54| False
11:46:54| False
11:46:54| False
11:46:54| False
11:46:54| False
11:46:54| False
11:46:54| False
11:46:54| False
11:46:54| False
11:46:54| False
11:46:54| False
11:46:54| False
11:46:54| False
11:46:54| False
11:46:54| False
11:46:54| False
11:46:54| False
11:46:54| False
11:46:54| False
11:46:54| False
11:46:54| False
11:46:54| False
11:46:54| False
11:46:54| False
11:46:54| False
11:46:54| False
11:46:54| False
11:46:54| False
11:46:54| False
11:46:54| False
11:46:54| False
11:46:54| False
11:46:54| False
11:46:54| False
11:46:54| False
11:46:54| False
11:46:54| False
11:46:54| False
11:46:54| False
11:46:54| False
11:46:54| False
11:46:54| False
11:46:54| False
11:46:54| False
11:46:54| False
11:46:54| False
11:46:54| False
11:46:54| False
11:46:54| False
11:46:54| False
11:46:54| False
11:46:54| False
11:46:54| False
11:46:54| False
11:46:54| False
11:46:54| False
11:46:54| False
11:46:54| False
11:46:54| False
11:46:54| False
11:46:54| False
11:46:54| False
11:46:54| False
11:46:54| False
11:46:54| False
11:46:54| False
11:46:54| False
11:46:54| False
11:46:54| False
11:46:54| False
11:46:54| False
11:46:54| False
11:46:54| False
11:46:54| False
11:46:54| False
11:46:54| False
11:46:54| False
11:46:54| False
11:46:54| False
11:46:54| False
11:46:54| False
11:46:54| False
11:46:54| False
11:46:54| False
11:46:54| False
11:46:54| False
11:46:54| False
11:46:54| False
11:46:54| False
11:46:54| False
11:46:54| False
11:46:54| False
11:46:54| False
11:46:54| False
11:46:54| False
11:46:54| False
11:46:54| False
11:46:54| False
11:46:54| False
11:46:54| False
11:46:54| False
11:46:54| False
11:46:54| False
11:46:54| False
11:46:54| False
11:46:54| False
11:46:54| False
11:46:54| False
11:46:54| False
11:46:54| False
11:46:54| False
11:46:54| False
11:46:54| False
11:46:54| False
11:46:54| False
11:46:54| False
11:46:54| False
11:46:54| False
11:46:54| False
11:46:54| False
11:46:54| False
11:46:54| False
11:46:54| False
11:46:54| False
11:46:54| False
11:46:54| False
11:46:54| False
11:46:54| False
11:46:54| False
11:46:54| False
11:46:54| False
11:46:54| False
11:46:54| False
11:46:54| False
11:46:54| False
11:46:54| False
11:46:54| False
11:46:54| False
11:46:54| False
11:46:54| False
11:46:54| False
11:46:54| False
11:46:54| False
11:46:54| False
11:46:54| False
11:46:54| False
11:46:54| False
11:46:54| False
11:46:54| False
11:46:54| False
11:46:54| False
11:46:54| False
11:46:54| False
11:46:54| False
11:46:54| False
11:46:54| False
11:46:54| False
11:46:54| False
11:46:54| False
11:46:54| False
11:46:54| False
11:46:54| False
11:46:54| False
11:46:54| False
11:46:54| False
11:46:54| False
11:46:54| False
11:46:54| False
11:46:54| False
11:46:54| False
11:46:54| False
11:46:54| False
11:46:54| False
11:46:54| False
11:46:54| False
11:46:54| False
11:46:54| False
11:46:54| False
11:46:54| False
11:46:54| False
11:46:54| False
11:46:54| False
11:46:54| False
11:46:54| False
11:46:54| False
11:46:54| False
11:46:54| False
11:46:54| False
11:46:54| False
11:46:54| False
11:46:54| False
11:46:54| False
11:46:54| False
11:46:54| False
11:46:54| False
11:46:54| False
11:46:54| False
11:46:54| False
11:46:54| False
11:46:54| False
11:46:54| False
11:46:54| False
11:46:54| False
11:46:54| False
11:46:54| False
11:46:54| False
11:46:54| False
11:46:54| False
11:46:54| False
11:46:54| False
11:46:54| False
11:46:54| False
11:46:54| False
11:46:54| False
11:46:54| False
11:46:54| False
11:46:54| False
11:46:54| False
11:46:54| False
11:46:54| False
11:46:54| False
11:46:54| False
11:46:54| False
11:46:54| False
11:46:54| False
11:46:54| False
11:46:54| False
11:46:54| False
11:46:54| False
11:46:54| False
11:46:54| False
11:46:54| False
11:46:54| False
11:46:54| False
11:46:54| False
11:46:54| False
11:46:54| False
11:46:54| False
11:46:54| False
11:46:54| False
11:46:54| False
11:46:54| False
11:46:54| False
11:46:54| False
11:46:54| False
11:46:54| False
11:46:54| False
11:46:54| False
11:46:54| False
11:46:54| False
11:46:54| False
11:46:54| False
11:46:54| False
11:46:54| False
11:46:54| False
11:46:54| False
11:46:54| False
11:46:54| False
11:46:54| False
11:46:54| False
11:46:54| False
11:46:54| False
11:46:54| False
11:46:54| False
11:46:54| False
11:46:54| False
11:46:54| False
11:46:54| False
11:46:54| False
11:46:54| False
11:46:54| False
11:46:54| False
11:46:54| False
11:46:54| False
11:46:54| False
11:46:54| False
11:46:54| False
11:46:54| False
11:46:54| False
11:46:54| False
11:46:54| False
11:46:54| False
11:46:54| False
11:46:54| False
11:46:54| False
11:46:54| False
11:46:54| False
11:46:54| False
11:46:54| False
11:46:54| False
11:46:54| False
11:46:54| False
11:46:54| False
11:46:54| False
11:46:54| False
11:46:54| False
11:46:54| False
11:46:54| False
11:46:54| False
11:46:54| False
11:46:54| False
11:46:54| False
11:46:54| False
11:46:54| False
11:46:54| False
11:46:54| False
11:46:54| False
11:46:54| False
11:46:54| False
11:46:54| False
11:46:54| False
11:46:54| False
11:46:54| False
11:46:54| False
11:46:54| False
11:46:54| False
11:46:54| False
11:46:54| False
11:46:54| False
11:46:54| False
11:46:54| False
11:46:54| False
11:46:54| False
11:46:54| False
11:46:54| False
11:46:54| False
11:46:54| False
11:46:54| False
11:46:54| False
11:46:54| False
11:46:54| False
11:46:54| False
11:46:54| False
11:46:54| False
11:46:54| False
11:46:54| False
11:46:54| False
11:46:54| False
11:46:54| False
11:46:54| False
11:46:54| False
11:46:54| False
11:46:54| False
11:46:54| False
11:46:54| False
11:46:54| False
11:46:54| False
11:46:54| False
11:46:54| False
11:46:54| False
11:46:54| False
11:46:54| False
11:46:54| False
11:46:54| False
11:46:54| False
11:46:54| False
11:46:54| False
11:46:54| False
11:46:54| False
11:46:54| False
11:46:54| False
11:46:54| False
11:46:54| False
11:46:54| False
11:46:54| False
11:46:54| False
11:46:54| False
11:46:54| False
11:46:54| False
11:46:54| False
11:46:54| False
11:46:54| False
11:46:54| False
11:46:54| False
11:46:54| False
11:46:54| False
11:46:54| False
11:46:54| False
11:46:54| False
11:46:54| False
11:46:54| False
11:46:54| False
11:46:54| False
11:46:54| False
11:46:54| False
11:46:54| False
11:46:54| False
11:46:54| False
11:46:54| False
11:46:54| False
11:46:54| False
11:46:54| False
11:46:54| False
11:46:54| False
11:46:54| False
11:46:54| False
11:46:54| False
11:46:54| False
11:46:54| False
11:46:54| False
11:46:54| False
11:46:54| False
11:46:54| False
11:46:54| False
11:46:54| False
11:46:54| False
11:46:54| False
11:46:54| False
11:46:54| False
11:46:54| False
11:46:54| False
11:46:54| False
11:46:54| False
11:46:54| False
11:46:54| False
11:46:54| False
11:46:54| False
11:46:54| False
11:46:54| False
11:46:54| False
11:46:54| False
11:46:54| False
11:46:54| False
11:46:54| False
11:46:54| False
11:46:54| False
11:46:54| False
11:46:54| False
11:46:54| False
11:46:54| False
11:46:54| False
11:46:54| False
11:46:54| False
11:46:54| False
11:46:54| False
11:46:54| False
11:46:54| False
11:46:54| False
11:46:54| False
11:46:54| False
11:46:54| False
11:46:54| False
11:46:54| False
11:46:54| False
11:46:54| False
11:46:54| False
11:46:54| False
11:46:54| False
11:46:54| False
11:46:54| False
11:46:54| False
11:46:54| False
11:46:54| False
11:46:54| False
11:46:54| False
11:46:54| False
11:46:54| False
11:46:54| False
11:46:54| False
11:46:54| False
11:46:54| False
11:46:54| False
11:46:54| False
11:46:54| False
11:46:54| False
11:46:54| False
11:46:54| False
11:46:54| False
11:46:54| False
11:46:54| False
11:46:54| False
11:46:54| False
11:46:54| False
11:46:54| False
11:46:54| False
11:46:54| False
11:46:54| False
11:46:54| False
11:46:54| False
11:46:54| False
11:46:54| False
11:46:54| False
11:46:54| False
11:46:54| False
11:46:54| False
11:46:54| False
11:46:54| False
11:46:54| False
11:46:54| False
11:46:54| False
11:46:54| False
11:46:54| False
11:46:54| False
11:46:54| False
11:46:54| False
11:46:54| False
11:46:54| False
11:46:54| False
11:46:54| False
11:46:54| False
11:46:54| False
11:46:54| False
11:46:54| False
11:46:54| False
11:46:54| False
11:46:54| False
11:46:54| False
11:46:54| False
11:46:54| False
11:46:54| False
11:46:54| False
11:46:54| False
11:46:54| False
11:46:54| False
11:46:54| False
11:46:54| False
11:46:54| False
11:46:54| False
11:46:54| False
11:46:54| False
11:46:54| False
11:46:54| False
11:46:54| False
11:46:54| False
11:46:54| False
11:46:54| False
11:46:54| False
11:46:54| False
11:46:54| False
11:46:54| False
11:46:54| False
11:46:54| False
11:46:54| False
11:46:54| False
11:46:54| False
11:46:54| False
11:46:54| False
11:46:54| False
11:46:54| False
11:46:54| False
11:46:54| False
11:46:54| False
11:46:54| False
11:46:54| False
11:46:54| False
11:46:54| False
11:46:54| False
11:46:54| False
11:46:54| False
11:46:54| False
11:46:54| False
11:46:54| False
11:46:54| False
11:46:54| False
11:46:54| False
11:46:54| False
11:46:54| False
11:46:54| False
11:46:54| False
11:46:54| False
11:46:54| False
11:46:54| False
11:46:54| False
11:46:54| False
11:46:54| False
11:46:54| False
11:46:54| False
11:46:54| False
11:46:54| False
11:46:54| False
11:46:54| False
11:46:54| False
11:46:54| False
11:46:54| False
11:46:54| False
11:46:54| False
11:46:54| False
11:46:54| False
11:46:54| False
11:46:54| False
11:46:54| False
11:46:54| False
11:46:54| False
11:46:54| False
11:46:54| False
11:46:54| False
11:46:54| False
11:46:54| False
11:46:54| False
11:46:54| False
11:46:54| False
11:46:54| False
11:46:54| False
11:46:54| False
11:46:54| False
11:46:54| False
11:46:54| False
11:46:54|  
11:46:54| --------------------------------------------------------------------------------
11:46:54| Uppercase: 0
11:46:54|  
11:46:54| --------------------------------------------------------------------------------
11:46:54| Sums: 0
11:46:54|  
11:46:54| --------------------------------------------------------------------------------
11:46:54| Names: 34
11:46:54| 392
11:46:54| 504
11:46:54| 571
11:46:54| 579
11:46:54| 581
11:46:54| 650
11:46:54| 684
11:46:54| 795
11:46:54| 1136
11:46:54| 1509
11:46:54| 1780
11:46:54| 1975
11:46:54| 2001
11:46:54| 2064
11:46:54| 2142
11:46:54| 2148
11:46:54| 2150
11:46:54| 2320
11:46:54| 2341
11:46:54| 2391
11:46:54| 2407
11:46:54| 2700
11:46:54| 2969
11:46:54| 3180
11:46:54| 3333
11:46:54| 3565
11:46:54| 3600
11:46:54| 3625
11:46:54| 3737
11:46:54| 3808
11:46:54| 3902
11:46:54| 3964
11:46:54| 3976
11:46:54| 4006
11:46:54|  
11:46:54| Number of Primes tasks: 1000
11:46:54| Number of Words tasks: 1000
11:46:54| Number of Uppercase tasks: 0
11:46:54| Number of Sums tasks: 0
11:46:54| Number of Names tasks: 34
11:46:54| Total time to process 4034 tasks = 16.54541430
