10:45:44| --------------------------------------------------------------------------------
10:45:44| Primes: 0
10:45:44|  
10:45:44| --------------------------------------------------------------------------------
10:45:44| Words: 0
10:45:44|  
10:45:44| --------------------------------------------------------------------------------
10:45:44| Uppercase: 0
10:45:44|  
10:45:44| --------------------------------------------------------------------------------
10:45:44| Sums: 0
10:45:44|  
10:45:44| --------------------------------------------------------------------------------
10:45:44| Names: 0
10:45:44|  
10:45:44| Number of Primes tasks: 0
10:45:44| Number of Words tasks: 0
10:45:44| Number of Uppercase tasks: 0
10:45:44| Number of Sums tasks: 0
10:45:44| Number of Names tasks: 0
10:45:44| Total time to process 5 tasks = 0.00580970
