12:26:41| --------------------------------------------------------------------------------
12:26:41| Primes: 1
12:26:41| 4 is not prime
12:26:41|  
12:26:41| --------------------------------------------------------------------------------
12:26:41| Words: 1
12:26:41| 3 not found
12:26:41|  
12:26:41| --------------------------------------------------------------------------------
12:26:41| Uppercase: 0
12:26:41|  
12:26:41| --------------------------------------------------------------------------------
12:26:41| Sums: 0
12:26:41|  
12:26:41| --------------------------------------------------------------------------------
12:26:41| Names: 1
12:26:41| 2
12:26:41|  
12:26:41| Number of Primes tasks: 1
12:26:41| Number of Words tasks: 1
12:26:41| Number of Uppercase tasks: 0
12:26:41| Number of Sums tasks: 0
12:26:41| Number of Names tasks: 1
12:26:41| Total time to process 5 tasks = 1.78971090
