11:26:58| --------------------------------------------------------------------------------
11:26:58| Primes: 0
11:26:58|  
11:26:58| --------------------------------------------------------------------------------
11:26:58| Words: 0
11:26:58|  
11:26:58| --------------------------------------------------------------------------------
11:26:58| Uppercase: 0
11:26:58|  
11:26:58| --------------------------------------------------------------------------------
11:26:58| Sums: 0
11:26:58|  
11:26:58| --------------------------------------------------------------------------------
11:26:58| Names: 0
11:26:58|  
11:26:58| Number of Primes tasks: 0
11:26:58| Number of Words tasks: 0
11:26:58| Number of Uppercase tasks: 0
11:26:58| Number of Sums tasks: 0
11:26:58| Number of Names tasks: 0
11:26:58| Total time to process 5 tasks = 0.79015610
