11:49:38| --------------------------------------------------------------------------------
11:49:38| Primes: 1000
11:49:38| True
11:49:38| True
11:49:38| True
11:49:38| False
11:49:38| True
11:49:38| False
11:49:38| True
11:49:38| False
11:49:38| False
11:49:38| True
11:49:38| False
11:49:38| True
11:49:38| False
11:49:38| True
11:49:38| True
11:49:38| True
11:49:38| False
11:49:38| False
11:49:38| True
11:49:38| True
11:49:38| False
11:49:38| True
11:49:38| False
11:49:38| False
11:49:38| True
11:49:38| False
11:49:38| False
11:49:38| True
11:49:38| False
11:49:38| True
11:49:39| False
11:49:39| True
11:49:39| False
11:49:39| False
11:49:39| True
11:49:39| True
11:49:39| True
11:49:39| False
11:49:39| False
11:49:39| True
11:49:39| False
11:49:39| False
11:49:39| True
11:49:39| False
11:49:39| True
11:49:39| False
11:49:39| True
11:49:39| False
11:49:39| False
11:49:39| False
11:49:39| True
11:49:39| False
11:49:39| True
11:49:39| True
11:49:39| True
11:49:39| True
11:49:39| True
11:49:39| True
11:49:39| True
11:49:39| False
11:49:39| True
11:49:39| True
11:49:39| False
11:49:39| False
11:49:39| False
11:49:39| True
11:49:39| True
11:49:39| False
11:49:39| True
11:49:39| True
11:49:39| False
11:49:39| True
11:49:39| False
11:49:39| True
11:49:39| False
11:49:39| True
11:49:39| False
11:49:39| True
11:49:39| False
11:49:39| True
11:49:39| True
11:49:39| True
11:49:39| True
11:49:39| False
11:49:39| True
11:49:39| True
11:49:39| True
11:49:39| True
11:49:39| False
11:49:39| True
11:49:39| False
11:49:39| False
11:49:39| False
11:49:39| True
11:49:39| False
11:49:39| True
11:49:39| False
11:49:39| False
11:49:39| True
11:49:39| False
11:49:39| True
11:49:39| True
11:49:39| False
11:49:39| False
11:49:39| True
11:49:39| False
11:49:39| True
11:49:39| True
11:49:39| True
11:49:39| True
11:49:39| False
11:49:39| False
11:49:39| True
11:49:39| False
11:49:39| True
11:49:39| False
11:49:39| False
11:49:39| False
11:49:39| True
11:49:39| True
11:49:39| False
11:49:39| True
11:49:39| True
11:49:39| False
11:49:39| True
11:49:39| False
11:49:39| False
11:49:39| False
11:49:39| True
11:49:39| False
11:49:39| False
11:49:39| True
11:49:39| False
11:49:39| True
11:49:39| True
11:49:39| False
11:49:39| True
11:49:39| False
11:49:39| True
11:49:39| True
11:49:39| True
11:49:39| False
11:49:39| False
11:49:39| True
11:49:39| False
11:49:39| False
11:49:39| True
11:49:39| True
11:49:39| False
11:49:39| True
11:49:39| False
11:49:39| False
11:49:39| True
11:49:39| False
11:49:39| True
11:49:39| False
11:49:39| False
11:49:39| False
11:49:39| True
11:49:39| True
11:49:39| False
11:49:39| True
11:49:39| False
11:49:39| True
11:49:39| True
11:49:39| True
11:49:39| False
11:49:39| True
11:49:39| False
11:49:39| False
11:49:39| False
11:49:39| True
11:49:39| False
11:49:39| True
11:49:39| False
11:49:39| True
11:49:39| True
11:49:39| False
11:49:39| True
11:49:39| False
11:49:39| True
11:49:39| False
11:49:39| False
11:49:39| True
11:49:39| False
11:49:39| True
11:49:39| False
11:49:39| False
11:49:39| True
11:49:39| False
11:49:39| False
11:49:39| True
11:49:39| True
11:49:39| True
11:49:39| True
11:49:39| False
11:49:39| True
11:49:39| False
11:49:39| False
11:49:39| True
11:49:39| True
11:49:39| True
11:49:39| True
11:49:39| True
11:49:39| True
11:49:39| True
11:49:39| True
11:49:39| False
11:49:39| False
11:49:39| False
11:49:39| True
11:49:39| True
11:49:39| False
11:49:39| True
11:49:39| False
11:49:39| False
11:49:39| True
11:49:39| False
11:49:39| False
11:49:39| True
11:49:39| True
11:49:39| True
11:49:39| False
11:49:39| False
11:49:39| True
11:49:39| False
11:49:39| False
11:49:39| True
11:49:39| False
11:49:39| False
11:49:39| True
11:49:39| False
11:49:39| False
11:49:39| True
11:49:39| False
11:49:39| True
11:49:39| False
11:49:39| False
11:49:39| False
11:49:39| False
11:49:39| False
11:49:39| True
11:49:39| True
11:49:39| False
11:49:39| True
11:49:39| False
11:49:39| False
11:49:39| False
11:49:39| False
11:49:39| True
11:49:39| False
11:49:39| False
11:49:39| True
11:49:39| False
11:49:39| False
11:49:39| True
11:49:39| False
11:49:39| True
11:49:39| True
11:49:39| True
11:49:39| True
11:49:39| True
11:49:39| False
11:49:39| True
11:49:39| False
11:49:39| False
11:49:39| False
11:49:39| True
11:49:39| True
11:49:39| False
11:49:39| True
11:49:39| True
11:49:39| False
11:49:39| True
11:49:39| False
11:49:39| False
11:49:39| False
11:49:39| False
11:49:39| False
11:49:39| False
11:49:39| False
11:49:39| True
11:49:39| False
11:49:39| False
11:49:39| True
11:49:39| False
11:49:39| False
11:49:39| True
11:49:39| False
11:49:39| True
11:49:39| False
11:49:39| False
11:49:39| True
11:49:39| False
11:49:39| False
11:49:39| True
11:49:39| False
11:49:39| False
11:49:39| True
11:49:39| False
11:49:39| True
11:49:39| True
11:49:39| True
11:49:39| False
11:49:39| False
11:49:39| True
11:49:39| False
11:49:39| True
11:49:39| False
11:49:39| True
11:49:39| False
11:49:39| True
11:49:39| False
11:49:39| False
11:49:39| True
11:49:39| True
11:49:39| True
11:49:39| True
11:49:39| False
11:49:39| False
11:49:39| False
11:49:39| False
11:49:39| False
11:49:39| False
11:49:39| True
11:49:39| False
11:49:39| True
11:49:39| True
11:49:39| False
11:49:39| True
11:49:39| False
11:49:39| True
11:49:39| False
11:49:39| False
11:49:39| False
11:49:39| False
11:49:39| False
11:49:39| True
11:49:39| False
11:49:39| True
11:49:39| True
11:49:39| True
11:49:39| True
11:49:39| True
11:49:39| False
11:49:39| True
11:49:39| False
11:49:39| False
11:49:39| False
11:49:39| True
11:49:39| True
11:49:39| False
11:49:39| False
11:49:39| True
11:49:39| False
11:49:39| True
11:49:39| True
11:49:39| True
11:49:39| True
11:49:39| True
11:49:39| False
11:49:39| True
11:49:39| False
11:49:39| True
11:49:39| False
11:49:39| False
11:49:39| True
11:49:39| True
11:49:39| False
11:49:39| False
11:49:39| False
11:49:39| True
11:49:39| False
11:49:39| True
11:49:39| False
11:49:39| False
11:49:39| True
11:49:39| True
11:49:39| True
11:49:39| False
11:49:39| True
11:49:39| False
11:49:39| True
11:49:39| False
11:49:39| True
11:49:39| False
11:49:39| True
11:49:39| False
11:49:39| True
11:49:39| True
11:49:39| False
11:49:39| False
11:49:39| True
11:49:39| True
11:49:39| False
11:49:39| False
11:49:39| True
11:49:39| False
11:49:39| True
11:49:39| True
11:49:39| True
11:49:39| True
11:49:39| False
11:49:39| False
11:49:39| True
11:49:39| False
11:49:39| False
11:49:39| True
11:49:39| True
11:49:39| False
11:49:39| False
11:49:39| False
11:49:39| True
11:49:39| True
11:49:39| True
11:49:39| False
11:49:39| True
11:49:39| True
11:49:39| False
11:49:39| False
11:49:39| True
11:49:39| True
11:49:39| False
11:49:39| True
11:49:39| False
11:49:39| True
11:49:39| True
11:49:39| True
11:49:39| True
11:49:39| False
11:49:39| True
11:49:39| False
11:49:39| True
11:49:39| True
11:49:39| False
11:49:39| False
11:49:39| False
11:49:39| True
11:49:39| False
11:49:39| False
11:49:39| True
11:49:39| True
11:49:39| True
11:49:39| False
11:49:39| False
11:49:39| False
11:49:39| True
11:49:39| True
11:49:39| True
11:49:39| True
11:49:39| False
11:49:39| True
11:49:39| False
11:49:39| False
11:49:39| True
11:49:39| False
11:49:39| True
11:49:39| True
11:49:39| False
11:49:39| False
11:49:39| True
11:49:39| False
11:49:39| True
11:49:39| False
11:49:39| False
11:49:39| True
11:49:39| False
11:49:39| False
11:49:39| True
11:49:39| False
11:49:39| True
11:49:39| False
11:49:39| False
11:49:39| False
11:49:39| True
11:49:39| True
11:49:39| True
11:49:39| False
11:49:39| True
11:49:39| False
11:49:39| False
11:49:39| True
11:49:39| False
11:49:39| True
11:49:39| True
11:49:39| True
11:49:39| True
11:49:39| False
11:49:39| True
11:49:39| True
11:49:39| False
11:49:39| True
11:49:39| False
11:49:39| False
11:49:39| True
11:49:39| True
11:49:39| False
11:49:39| False
11:49:39| True
11:49:39| True
11:49:39| True
11:49:39| False
11:49:39| False
11:49:39| True
11:49:39| False
11:49:39| True
11:49:39| True
11:49:39| False
11:49:39| False
11:49:39| True
11:49:39| False
11:49:39| True
11:49:39| True
11:49:39| True
11:49:39| False
11:49:39| True
11:49:39| False
11:49:39| True
11:49:39| True
11:49:39| False
11:49:39| True
11:49:39| False
11:49:39| False
11:49:39| False
11:49:39| True
11:49:39| True
11:49:39| True
11:49:39| True
11:49:39| False
11:49:39| True
11:49:39| False
11:49:39| True
11:49:39| False
11:49:39| False
11:49:39| False
11:49:39| False
11:49:39| False
11:49:39| False
11:49:39| True
11:49:39| True
11:49:39| True
11:49:39| False
11:49:39| True
11:49:39| True
11:49:39| True
11:49:39| False
11:49:39| True
11:49:39| False
11:49:39| False
11:49:39| True
11:49:39| True
11:49:39| False
11:49:39| True
11:49:39| False
11:49:39| False
11:49:39| True
11:49:39| True
11:49:39| True
11:49:39| False
11:49:39| True
11:49:39| True
11:49:39| False
11:49:39| True
11:49:39| True
11:49:39| False
11:49:39| False
11:49:39| False
11:49:39| True
11:49:39| True
11:49:39| False
11:49:39| True
11:49:39| True
11:49:39| True
11:49:39| False
11:49:39| False
11:49:39| False
11:49:39| False
11:49:39| True
11:49:39| True
11:49:39| True
11:49:39| False
11:49:39| False
11:49:39| False
11:49:39| True
11:49:39| False
11:49:39| True
11:49:39| False
11:49:39| False
11:49:39| True
11:49:39| False
11:49:39| True
11:49:39| True
11:49:39| True
11:49:39| False
11:49:39| False
11:49:39| False
11:49:39| True
11:49:39| True
11:49:39| False
11:49:39| False
11:49:39| False
11:49:39| True
11:49:39| True
11:49:39| True
11:49:39| False
11:49:39| False
11:49:39| True
11:49:39| False
11:49:39| True
11:49:39| True
11:49:39| True
11:49:39| False
11:49:39| True
11:49:39| False
11:49:39| False
11:49:39| False
11:49:39| False
11:49:39| False
11:49:39| False
11:49:39| False
11:49:39| True
11:49:39| False
11:49:39| True
11:49:39| False
11:49:39| True
11:49:39| False
11:49:39| True
11:49:39| False
11:49:39| True
11:49:39| False
11:49:39| False
11:49:39| False
11:49:39| True
11:49:39| True
11:49:39| False
11:49:39| True
11:49:39| False
11:49:39| True
11:49:39| False
11:49:39| True
11:49:39| True
11:49:39| False
11:49:39| True
11:49:39| False
11:49:39| True
11:49:39| False
11:49:39| True
11:49:39| True
11:49:39| False
11:49:39| True
11:49:39| True
11:49:39| True
11:49:39| True
11:49:39| True
11:49:39| False
11:49:39| False
11:49:39| False
11:49:39| False
11:49:39| True
11:49:39| True
11:49:39| True
11:49:39| False
11:49:39| False
11:49:39| False
11:49:39| True
11:49:39| False
11:49:39| True
11:49:39| True
11:49:39| False
11:49:39| False
11:49:39| True
11:49:39| True
11:49:39| False
11:49:39| False
11:49:39| False
11:49:39| True
11:49:39| True
11:49:39| False
11:49:39| False
11:49:39| True
11:49:39| False
11:49:39| True
11:49:39| False
11:49:39| True
11:49:39| False
11:49:39| False
11:49:39| True
11:49:39| False
11:49:39| False
11:49:39| False
11:49:39| True
11:49:39| True
11:49:39| False
11:49:39| True
11:49:39| True
11:49:39| False
11:49:39| True
11:49:39| True
11:49:39| False
11:49:39| True
11:49:39| False
11:49:39| True
11:49:39| True
11:49:39| False
11:49:39| False
11:49:39| True
11:49:39| False
11:49:39| True
11:49:39| False
11:49:39| True
11:49:39| True
11:49:39| True
11:49:39| True
11:49:39| True
11:49:39| False
11:49:39| False
11:49:39| False
11:49:39| False
11:49:39| False
11:49:39| True
11:49:39| False
11:49:39| True
11:49:39| False
11:49:39| False
11:49:39| False
11:49:39| True
11:49:39| False
11:49:39| True
11:49:39| False
11:49:39| False
11:49:39| False
11:49:39| True
11:49:39| True
11:49:39| False
11:49:39| False
11:49:39| True
11:49:39| True
11:49:39| True
11:49:39| True
11:49:39| True
11:49:39| False
11:49:39| True
11:49:39| False
11:49:39| False
11:49:39| False
11:49:39| True
11:49:39| True
11:49:39| True
11:49:39| False
11:49:39| False
11:49:39| True
11:49:39| True
11:49:39| False
11:49:39| False
11:49:39| True
11:49:39| True
11:49:39| True
11:49:39| True
11:49:39| False
11:49:39| True
11:49:39| True
11:49:39| False
11:49:39| True
11:49:39| False
11:49:39| False
11:49:39| True
11:49:39| False
11:49:39| False
11:49:39| True
11:49:39| True
11:49:39| True
11:49:39| True
11:49:39| True
11:49:39| False
11:49:39| False
11:49:39| True
11:49:39| True
11:49:39| False
11:49:39| True
11:49:39| False
11:49:39| True
11:49:39| True
11:49:39| True
11:49:39| False
11:49:39| True
11:49:39| True
11:49:39| False
11:49:39| True
11:49:39| True
11:49:39| False
11:49:39| False
11:49:39| True
11:49:39| True
11:49:39| True
11:49:39| False
11:49:39| False
11:49:39| True
11:49:39| False
11:49:39| False
11:49:39| True
11:49:39| True
11:49:39| True
11:49:39| False
11:49:39| True
11:49:39| False
11:49:39| True
11:49:39| False
11:49:39| True
11:49:39| True
11:49:39| True
11:49:39| True
11:49:39| True
11:49:39| False
11:49:39| False
11:49:39| True
11:49:39| False
11:49:39| False
11:49:39| True
11:49:39| True
11:49:39| True
11:49:39| True
11:49:39| False
11:49:39| False
11:49:39| True
11:49:39| False
11:49:39| True
11:49:39| True
11:49:39| True
11:49:39| True
11:49:39| True
11:49:39| False
11:49:39| True
11:49:39| False
11:49:39| False
11:49:39| False
11:49:39| True
11:49:39| True
11:49:39| True
11:49:39| False
11:49:39| True
11:49:39| False
11:49:39| True
11:49:39| False
11:49:39| True
11:49:39| True
11:49:39| True
11:49:39| False
11:49:39| True
11:49:39| True
11:49:39| True
11:49:39| True
11:49:39| True
11:49:39| True
11:49:39| False
11:49:39| False
11:49:39| True
11:49:39| False
11:49:39| False
11:49:39| False
11:49:39| False
11:49:39| True
11:49:39| True
11:49:39| True
11:49:39| False
11:49:39| True
11:49:39| True
11:49:39| True
11:49:39| False
11:49:39| True
11:49:39| True
11:49:39| True
11:49:39| True
11:49:39| False
11:49:39| False
11:49:39| False
11:49:39| True
11:49:39| False
11:49:39| False
11:49:39| True
11:49:39| False
11:49:39| False
11:49:39| False
11:49:39| False
11:49:39| True
11:49:39| True
11:49:39| False
11:49:39| True
11:49:39| False
11:49:39| True
11:49:39| True
11:49:39| True
11:49:39| True
11:49:39| True
11:49:39| False
11:49:39| False
11:49:39| True
11:49:39| True
11:49:39| False
11:49:39| False
11:49:39| True
11:49:39| True
11:49:39| True
11:49:39| False
11:49:39| True
11:49:39| True
11:49:39| False
11:49:39| True
11:49:39| False
11:49:39| True
11:49:39| False
11:49:39| True
11:49:39| True
11:49:39| True
11:49:39| True
11:49:39| False
11:49:39| False
11:49:39| True
11:49:39| False
11:49:39| True
11:49:39| False
11:49:39| True
11:49:39| True
11:49:39| False
11:49:39| False
11:49:39| True
11:49:39| False
11:49:39| False
11:49:39| True
11:49:39| False
11:49:39| False
11:49:39| True
11:49:39| False
11:49:39| True
11:49:39| True
11:49:39| False
11:49:39| True
11:49:39| False
11:49:39| True
11:49:39| False
11:49:39| True
11:49:39| False
11:49:39| True
11:49:39| True
11:49:39| True
11:49:39| True
11:49:39| True
11:49:39| False
11:49:39| False
11:49:39| False
11:49:39| True
11:49:39| False
11:49:39| True
11:49:39| True
11:49:39| False
11:49:39| True
11:49:39| False
11:49:39| True
11:49:39| True
11:49:39| False
11:49:39| True
11:49:39| True
11:49:39| False
11:49:39| False
11:49:39| True
11:49:39| False
11:49:39| False
11:49:39| True
11:49:39| False
11:49:39| False
11:49:39| False
11:49:39| True
11:49:39| False
11:49:39| True
11:49:39| False
11:49:39| True
11:49:39| False
11:49:39| False
11:49:39| False
11:49:39| True
11:49:39| True
11:49:39| False
11:49:39| True
11:49:39| False
11:49:39| False
11:49:39| True
11:49:39| False
11:49:39| False
11:49:39| False
11:49:39| True
11:49:39| True
11:49:39| True
11:49:39| True
11:49:39| True
11:49:39| True
11:49:39| True
11:49:39| False
11:49:39| True
11:49:39| False
11:49:39| True
11:49:39| False
11:49:39|  
11:49:39| --------------------------------------------------------------------------------
11:49:39| Words: 1000
11:49:39| False
11:49:39| False
11:49:39| False
11:49:39| False
11:49:39| False
11:49:39| False
11:49:39| False
11:49:39| False
11:49:39| False
11:49:39| False
11:49:39| False
11:49:39| False
11:49:39| False
11:49:39| False
11:49:39| False
11:49:39| False
11:49:39| False
11:49:39| False
11:49:39| False
11:49:39| False
11:49:39| False
11:49:39| False
11:49:39| False
11:49:39| False
11:49:39| False
11:49:39| False
11:49:39| False
11:49:39| False
11:49:39| False
11:49:39| False
11:49:39| False
11:49:39| False
11:49:39| False
11:49:39| False
11:49:39| False
11:49:39| False
11:49:39| False
11:49:39| False
11:49:39| False
11:49:39| False
11:49:39| False
11:49:39| False
11:49:39| False
11:49:39| False
11:49:39| False
11:49:39| False
11:49:39| False
11:49:39| False
11:49:39| False
11:49:39| False
11:49:39| False
11:49:39| False
11:49:39| False
11:49:39| False
11:49:39| False
11:49:39| False
11:49:39| False
11:49:39| False
11:49:39| False
11:49:39| False
11:49:39| False
11:49:39| False
11:49:39| False
11:49:39| False
11:49:39| False
11:49:39| False
11:49:39| False
11:49:39| False
11:49:39| False
11:49:39| False
11:49:39| False
11:49:39| False
11:49:39| False
11:49:39| False
11:49:39| False
11:49:39| False
11:49:39| False
11:49:39| False
11:49:39| False
11:49:39| False
11:49:39| False
11:49:39| False
11:49:39| False
11:49:39| False
11:49:39| False
11:49:39| False
11:49:39| False
11:49:39| False
11:49:39| False
11:49:39| False
11:49:39| False
11:49:39| False
11:49:39| False
11:49:39| False
11:49:39| False
11:49:39| False
11:49:39| False
11:49:39| False
11:49:39| False
11:49:39| False
11:49:39| False
11:49:39| False
11:49:39| False
11:49:39| False
11:49:39| False
11:49:39| False
11:49:39| False
11:49:39| False
11:49:39| False
11:49:39| False
11:49:39| False
11:49:39| False
11:49:39| False
11:49:39| False
11:49:39| False
11:49:39| False
11:49:39| False
11:49:39| False
11:49:39| False
11:49:39| False
11:49:39| False
11:49:39| False
11:49:39| False
11:49:39| False
11:49:39| False
11:49:39| False
11:49:39| False
11:49:39| False
11:49:39| False
11:49:39| False
11:49:39| False
11:49:39| False
11:49:39| False
11:49:39| False
11:49:39| False
11:49:39| False
11:49:39| False
11:49:39| False
11:49:39| False
11:49:39| False
11:49:39| False
11:49:39| False
11:49:39| False
11:49:39| False
11:49:39| False
11:49:39| False
11:49:39| False
11:49:39| False
11:49:39| False
11:49:39| False
11:49:39| False
11:49:39| False
11:49:39| False
11:49:39| False
11:49:39| False
11:49:39| False
11:49:39| False
11:49:39| False
11:49:39| False
11:49:39| False
11:49:39| False
11:49:39| False
11:49:39| False
11:49:39| False
11:49:39| False
11:49:39| False
11:49:39| False
11:49:39| False
11:49:39| False
11:49:39| False
11:49:39| False
11:49:39| False
11:49:39| False
11:49:39| False
11:49:39| False
11:49:39| False
11:49:39| False
11:49:39| False
11:49:39| False
11:49:39| False
11:49:39| False
11:49:39| False
11:49:39| False
11:49:39| False
11:49:39| False
11:49:39| False
11:49:39| False
11:49:39| False
11:49:39| False
11:49:39| False
11:49:39| False
11:49:39| False
11:49:39| False
11:49:39| False
11:49:39| False
11:49:39| False
11:49:39| False
11:49:39| False
11:49:39| False
11:49:39| False
11:49:39| False
11:49:39| False
11:49:39| False
11:49:39| False
11:49:39| False
11:49:39| False
11:49:39| False
11:49:39| False
11:49:39| False
11:49:39| False
11:49:39| False
11:49:39| False
11:49:39| False
11:49:39| False
11:49:39| False
11:49:39| False
11:49:39| False
11:49:39| False
11:49:39| False
11:49:39| False
11:49:39| False
11:49:39| False
11:49:39| False
11:49:39| False
11:49:39| False
11:49:39| False
11:49:39| False
11:49:39| False
11:49:39| False
11:49:39| False
11:49:39| False
11:49:39| False
11:49:39| False
11:49:39| False
11:49:39| False
11:49:39| False
11:49:39| False
11:49:39| False
11:49:39| False
11:49:39| False
11:49:39| False
11:49:39| False
11:49:39| False
11:49:39| False
11:49:39| False
11:49:39| False
11:49:39| False
11:49:39| False
11:49:39| False
11:49:39| False
11:49:39| False
11:49:39| False
11:49:39| False
11:49:39| False
11:49:39| False
11:49:39| False
11:49:39| False
11:49:39| False
11:49:39| False
11:49:39| False
11:49:39| False
11:49:39| False
11:49:39| False
11:49:39| False
11:49:39| False
11:49:39| False
11:49:39| False
11:49:39| False
11:49:39| False
11:49:39| False
11:49:39| False
11:49:39| False
11:49:39| False
11:49:39| False
11:49:39| False
11:49:39| False
11:49:39| False
11:49:39| False
11:49:39| False
11:49:39| False
11:49:39| False
11:49:39| False
11:49:39| False
11:49:39| False
11:49:39| False
11:49:39| False
11:49:39| False
11:49:39| False
11:49:39| False
11:49:39| False
11:49:39| False
11:49:39| False
11:49:39| False
11:49:39| False
11:49:39| False
11:49:39| False
11:49:39| False
11:49:39| False
11:49:39| False
11:49:39| False
11:49:39| False
11:49:39| False
11:49:39| False
11:49:39| False
11:49:39| False
11:49:39| False
11:49:39| False
11:49:39| False
11:49:39| False
11:49:39| False
11:49:39| False
11:49:39| False
11:49:39| False
11:49:39| False
11:49:39| False
11:49:39| False
11:49:39| False
11:49:39| False
11:49:39| False
11:49:39| False
11:49:39| False
11:49:39| False
11:49:39| False
11:49:39| False
11:49:39| False
11:49:39| False
11:49:39| False
11:49:39| False
11:49:39| False
11:49:39| False
11:49:39| False
11:49:39| False
11:49:39| False
11:49:39| False
11:49:39| False
11:49:39| False
11:49:39| False
11:49:39| False
11:49:39| False
11:49:39| False
11:49:39| False
11:49:39| False
11:49:39| False
11:49:39| False
11:49:39| False
11:49:39| False
11:49:39| False
11:49:39| False
11:49:39| False
11:49:39| False
11:49:39| False
11:49:39| False
11:49:39| False
11:49:39| False
11:49:39| False
11:49:39| False
11:49:39| False
11:49:39| False
11:49:39| False
11:49:39| False
11:49:39| False
11:49:39| False
11:49:39| False
11:49:39| False
11:49:39| False
11:49:39| False
11:49:39| False
11:49:39| False
11:49:39| False
11:49:39| False
11:49:39| False
11:49:39| False
11:49:39| False
11:49:39| False
11:49:39| False
11:49:39| False
11:49:39| False
11:49:39| False
11:49:39| False
11:49:39| False
11:49:39| False
11:49:39| False
11:49:39| False
11:49:39| False
11:49:39| False
11:49:39| False
11:49:39| False
11:49:39| False
11:49:39| False
11:49:39| False
11:49:39| False
11:49:39| False
11:49:39| False
11:49:39| False
11:49:39| False
11:49:39| False
11:49:39| False
11:49:39| False
11:49:39| False
11:49:39| False
11:49:39| False
11:49:39| False
11:49:39| False
11:49:39| False
11:49:39| False
11:49:39| False
11:49:39| False
11:49:39| False
11:49:39| False
11:49:39| False
11:49:39| False
11:49:39| False
11:49:39| False
11:49:39| False
11:49:39| False
11:49:39| False
11:49:39| False
11:49:39| False
11:49:39| False
11:49:39| False
11:49:39| False
11:49:39| False
11:49:39| False
11:49:39| False
11:49:39| False
11:49:39| False
11:49:39| False
11:49:39| False
11:49:39| False
11:49:39| False
11:49:39| False
11:49:39| False
11:49:39| False
11:49:39| False
11:49:39| False
11:49:39| False
11:49:39| False
11:49:39| False
11:49:39| False
11:49:39| False
11:49:39| False
11:49:39| False
11:49:39| False
11:49:39| False
11:49:39| False
11:49:39| False
11:49:39| False
11:49:39| False
11:49:39| False
11:49:39| False
11:49:39| False
11:49:39| False
11:49:39| False
11:49:39| False
11:49:39| False
11:49:39| False
11:49:39| False
11:49:39| False
11:49:39| False
11:49:39| False
11:49:39| False
11:49:39| False
11:49:39| False
11:49:39| False
11:49:39| False
11:49:39| False
11:49:39| False
11:49:39| False
11:49:39| False
11:49:39| False
11:49:39| False
11:49:39| False
11:49:39| False
11:49:39| False
11:49:39| False
11:49:39| False
11:49:39| False
11:49:39| False
11:49:39| False
11:49:39| False
11:49:39| False
11:49:39| False
11:49:39| False
11:49:39| False
11:49:39| False
11:49:39| False
11:49:39| False
11:49:39| False
11:49:39| False
11:49:39| False
11:49:39| False
11:49:39| False
11:49:39| False
11:49:39| False
11:49:39| False
11:49:39| False
11:49:39| False
11:49:39| False
11:49:39| False
11:49:39| False
11:49:39| False
11:49:39| False
11:49:39| False
11:49:39| False
11:49:39| False
11:49:39| False
11:49:39| False
11:49:39| False
11:49:39| False
11:49:39| False
11:49:39| False
11:49:39| False
11:49:39| False
11:49:39| False
11:49:39| False
11:49:39| False
11:49:39| False
11:49:39| False
11:49:39| False
11:49:39| False
11:49:39| False
11:49:39| False
11:49:39| False
11:49:39| False
11:49:39| False
11:49:39| False
11:49:39| False
11:49:39| False
11:49:39| False
11:49:39| False
11:49:39| False
11:49:39| False
11:49:39| False
11:49:39| False
11:49:39| False
11:49:39| False
11:49:39| False
11:49:39| False
11:49:39| False
11:49:39| False
11:49:39| False
11:49:39| False
11:49:39| False
11:49:39| False
11:49:39| False
11:49:39| False
11:49:39| False
11:49:39| False
11:49:39| False
11:49:39| False
11:49:39| False
11:49:39| False
11:49:39| False
11:49:39| False
11:49:39| False
11:49:39| False
11:49:39| False
11:49:39| False
11:49:39| False
11:49:39| False
11:49:39| False
11:49:39| False
11:49:39| False
11:49:39| False
11:49:39| False
11:49:39| False
11:49:39| False
11:49:39| False
11:49:39| False
11:49:39| False
11:49:39| False
11:49:39| False
11:49:39| False
11:49:39| False
11:49:39| False
11:49:39| False
11:49:39| False
11:49:39| False
11:49:39| False
11:49:39| False
11:49:39| False
11:49:39| False
11:49:39| False
11:49:39| False
11:49:39| False
11:49:39| False
11:49:39| False
11:49:39| False
11:49:39| False
11:49:39| False
11:49:39| False
11:49:39| False
11:49:39| False
11:49:39| False
11:49:39| False
11:49:39| False
11:49:39| False
11:49:39| False
11:49:39| False
11:49:39| False
11:49:39| False
11:49:39| False
11:49:39| False
11:49:39| False
11:49:39| False
11:49:39| False
11:49:39| False
11:49:39| False
11:49:39| False
11:49:39| False
11:49:39| False
11:49:39| False
11:49:39| False
11:49:39| False
11:49:39| False
11:49:39| False
11:49:39| False
11:49:39| False
11:49:39| False
11:49:39| False
11:49:39| False
11:49:39| False
11:49:39| False
11:49:39| False
11:49:39| False
11:49:39| False
11:49:39| False
11:49:39| False
11:49:39| False
11:49:39| False
11:49:39| False
11:49:39| False
11:49:39| False
11:49:39| False
11:49:39| False
11:49:39| False
11:49:39| False
11:49:39| False
11:49:39| False
11:49:39| False
11:49:39| False
11:49:39| False
11:49:39| False
11:49:39| False
11:49:39| False
11:49:39| False
11:49:39| False
11:49:39| False
11:49:39| False
11:49:39| False
11:49:39| False
11:49:39| False
11:49:39| False
11:49:39| False
11:49:39| False
11:49:39| False
11:49:39| False
11:49:39| False
11:49:39| False
11:49:39| False
11:49:39| False
11:49:39| False
11:49:39| False
11:49:39| False
11:49:39| False
11:49:39| False
11:49:39| False
11:49:39| False
11:49:39| False
11:49:39| False
11:49:39| False
11:49:39| False
11:49:39| False
11:49:39| False
11:49:39| False
11:49:39| False
11:49:39| False
11:49:39| False
11:49:39| False
11:49:39| False
11:49:39| False
11:49:39| False
11:49:39| False
11:49:39| False
11:49:39| False
11:49:39| False
11:49:39| False
11:49:39| False
11:49:39| False
11:49:39| False
11:49:39| False
11:49:39| False
11:49:39| False
11:49:39| False
11:49:39| False
11:49:39| False
11:49:39| False
11:49:39| False
11:49:39| False
11:49:39| False
11:49:39| False
11:49:39| False
11:49:39| False
11:49:39| False
11:49:39| False
11:49:39| False
11:49:39| False
11:49:39| False
11:49:39| False
11:49:39| False
11:49:39| False
11:49:39| False
11:49:39| False
11:49:39| False
11:49:39| False
11:49:39| False
11:49:39| False
11:49:39| False
11:49:39| False
11:49:39| False
11:49:39| False
11:49:39| False
11:49:39| False
11:49:39| False
11:49:39| False
11:49:39| False
11:49:39| False
11:49:39| False
11:49:39| False
11:49:39| False
11:49:39| False
11:49:39| False
11:49:39| False
11:49:39| False
11:49:39| False
11:49:39| False
11:49:39| False
11:49:39| False
11:49:39| False
11:49:39| False
11:49:39| False
11:49:39| False
11:49:39| False
11:49:39| False
11:49:39| False
11:49:39| False
11:49:39| False
11:49:39| False
11:49:39| False
11:49:39| False
11:49:39| False
11:49:39| False
11:49:39| False
11:49:39| False
11:49:39| False
11:49:39| False
11:49:39| False
11:49:39| False
11:49:39| False
11:49:39| False
11:49:39| False
11:49:39| False
11:49:39| False
11:49:39| False
11:49:39| False
11:49:39| False
11:49:39| False
11:49:39| False
11:49:39| False
11:49:39| False
11:49:39| False
11:49:39| False
11:49:39| False
11:49:39| False
11:49:39| False
11:49:39| False
11:49:39| False
11:49:39| False
11:49:39| False
11:49:39| False
11:49:39| False
11:49:39| False
11:49:39| False
11:49:39| False
11:49:39| False
11:49:39| False
11:49:39| False
11:49:39| False
11:49:39| False
11:49:39| False
11:49:39| False
11:49:39| False
11:49:39| False
11:49:39| False
11:49:39| False
11:49:39| False
11:49:39| False
11:49:39| False
11:49:39| False
11:49:39| False
11:49:39| False
11:49:39| False
11:49:39| False
11:49:39| False
11:49:39| False
11:49:39| False
11:49:39| False
11:49:39| False
11:49:39| False
11:49:39| False
11:49:39| False
11:49:39| False
11:49:39| False
11:49:39| False
11:49:39| False
11:49:39| False
11:49:39| False
11:49:39| False
11:49:39| False
11:49:39| False
11:49:39| False
11:49:39| False
11:49:39| False
11:49:39| False
11:49:39| False
11:49:39| False
11:49:39| False
11:49:39| False
11:49:39| False
11:49:39| False
11:49:39| False
11:49:39| False
11:49:39| False
11:49:39| False
11:49:39| False
11:49:39| False
11:49:39| False
11:49:39| False
11:49:39| False
11:49:39| False
11:49:39| False
11:49:39| False
11:49:39| False
11:49:39| False
11:49:39| False
11:49:39| False
11:49:39| False
11:49:39| False
11:49:39| False
11:49:39| False
11:49:39| False
11:49:39| False
11:49:39| False
11:49:39| False
11:49:39| False
11:49:39| False
11:49:39| False
11:49:39| False
11:49:39| False
11:49:39| False
11:49:39| False
11:49:39| False
11:49:39| False
11:49:39| False
11:49:39| False
11:49:39| False
11:49:39| False
11:49:39| False
11:49:39| False
11:49:39| False
11:49:39| False
11:49:39| False
11:49:39| False
11:49:39| False
11:49:39| False
11:49:39| False
11:49:39| False
11:49:39| False
11:49:39| False
11:49:39| False
11:49:39| False
11:49:39| False
11:49:39| False
11:49:39| False
11:49:39| False
11:49:39| False
11:49:39| False
11:49:39| False
11:49:39| False
11:49:39| False
11:49:39| False
11:49:39| False
11:49:39| False
11:49:39| False
11:49:39| False
11:49:39| False
11:49:39| False
11:49:39| False
11:49:39| False
11:49:39| False
11:49:39| False
11:49:39| False
11:49:39| False
11:49:39| False
11:49:39| False
11:49:39| False
11:49:39| False
11:49:39| False
11:49:39| False
11:49:39| False
11:49:39| False
11:49:39| False
11:49:39| False
11:49:39| False
11:49:39| False
11:49:39| False
11:49:39| False
11:49:39| False
11:49:39| False
11:49:39| False
11:49:39| False
11:49:39| False
11:49:39| False
11:49:39| False
11:49:39| False
11:49:39| False
11:49:39| False
11:49:39| False
11:49:39| False
11:49:39| False
11:49:39| False
11:49:39| False
11:49:39| False
11:49:39| False
11:49:39| False
11:49:39| False
11:49:39| False
11:49:39| False
11:49:39| False
11:49:39| False
11:49:39| False
11:49:39| False
11:49:39| False
11:49:39| False
11:49:39| False
11:49:39| False
11:49:39| False
11:49:39| False
11:49:39| False
11:49:39| False
11:49:39| False
11:49:39| False
11:49:39| False
11:49:39| False
11:49:39| False
11:49:39| False
11:49:39| False
11:49:39| False
11:49:39| False
11:49:39| False
11:49:39| False
11:49:39| False
11:49:39| False
11:49:39| False
11:49:39| False
11:49:39| False
11:49:39| False
11:49:39| False
11:49:39| False
11:49:39| False
11:49:39| False
11:49:39| False
11:49:39| False
11:49:39| False
11:49:39| False
11:49:39| False
11:49:39| False
11:49:39| False
11:49:39| False
11:49:39| False
11:49:39| False
11:49:39| False
11:49:39| False
11:49:39| False
11:49:39| False
11:49:39| False
11:49:39| False
11:49:39| False
11:49:39| False
11:49:39| False
11:49:39| False
11:49:39| False
11:49:39| False
11:49:39| False
11:49:39| False
11:49:39| False
11:49:39| False
11:49:39| False
11:49:39| False
11:49:39| False
11:49:39|  
11:49:39| --------------------------------------------------------------------------------
11:49:39| Uppercase: 0
11:49:39|  
11:49:39| --------------------------------------------------------------------------------
11:49:39| Sums: 0
11:49:39|  
11:49:39| --------------------------------------------------------------------------------
11:49:39| Names: 34
11:49:39| 392
11:49:39| 504
11:49:39| 571
11:49:39| 579
11:49:39| 581
11:49:39| 650
11:49:39| 684
11:49:39| 795
11:49:39| 1136
11:49:39| 1509
11:49:39| 1780
11:49:39| 1975
11:49:39| 2001
11:49:39| 2064
11:49:39| 2142
11:49:39| 2148
11:49:39| 2150
11:49:39| 2320
11:49:39| 2341
11:49:39| 2391
11:49:39| 2407
11:49:39| 2700
11:49:39| 2969
11:49:39| 3180
11:49:39| 3333
11:49:39| 3565
11:49:39| 3600
11:49:39| 3625
11:49:39| 3737
11:49:39| 3808
11:49:39| 3902
11:49:39| 3964
11:49:39| 3976
11:49:39| 4006
11:49:39|  
11:49:39| Number of Primes tasks: 1000
11:49:39| Number of Words tasks: 1000
11:49:39| Number of Uppercase tasks: 0
11:49:39| Number of Sums tasks: 0
11:49:39| Number of Names tasks: 34
11:49:39| Total time to process 4034 tasks = 35.92488110
