11:42:34| --------------------------------------------------------------------------------
11:42:34| Primes: 1
11:42:34| True
11:42:34|  
11:42:34| --------------------------------------------------------------------------------
11:42:34| Words: 1
11:42:34| False
11:42:34|  
11:42:34| --------------------------------------------------------------------------------
11:42:34| Uppercase: 0
11:42:34|  
11:42:34| --------------------------------------------------------------------------------
11:42:34| Sums: 0
11:42:34|  
11:42:34| --------------------------------------------------------------------------------
11:42:34| Names: 1
11:42:34| 2
11:42:34|  
11:42:34| Number of Primes tasks: 1
11:42:34| Number of Words tasks: 1
11:42:34| Number of Uppercase tasks: 0
11:42:34| Number of Sums tasks: 0
11:42:34| Number of Names tasks: 1
11:42:34| Total time to process 5 tasks = 0.78638150
