12:21:56| --------------------------------------------------------------------------------
12:21:56| Primes: 1
12:21:56| 4 is not prime
12:21:56|  
12:21:56| --------------------------------------------------------------------------------
12:21:56| Words: 1
12:21:56| 3 not found
12:21:56|  
12:21:56| --------------------------------------------------------------------------------
12:21:56| Uppercase: 0
12:21:56|  
12:21:56| --------------------------------------------------------------------------------
12:21:56| Sums: 0
12:21:56|  
12:21:56| --------------------------------------------------------------------------------
12:21:56| Names: 1
12:21:56| 2
12:21:56|  
12:21:56| Number of Primes tasks: 1
12:21:56| Number of Words tasks: 1
12:21:56| Number of Uppercase tasks: 0
12:21:56| Number of Sums tasks: 0
12:21:56| Number of Names tasks: 1
12:21:56| Total time to process 5 tasks = 1.79371980
