12:23:49| --------------------------------------------------------------------------------
12:23:49| Primes: 1
12:23:49| 4 is not prime
12:23:49|  
12:23:49| --------------------------------------------------------------------------------
12:23:49| Words: 1
12:23:49| 3 not found
12:23:49|  
12:23:49| --------------------------------------------------------------------------------
12:23:49| Uppercase: 0
12:23:49|  
12:23:49| --------------------------------------------------------------------------------
12:23:49| Sums: 0
12:23:49|  
12:23:49| --------------------------------------------------------------------------------
12:23:50| Names: 1
12:23:50| 2
12:23:50|  
12:23:50| Number of Primes tasks: 1
12:23:50| Number of Words tasks: 1
12:23:50| Number of Uppercase tasks: 0
12:23:50| Number of Sums tasks: 0
12:23:50| Number of Names tasks: 1
12:23:50| Total time to process 5 tasks = 1.83942750
