12:12:04| --------------------------------------------------------------------------------
12:12:04| Primes: 1
12:12:04| 4 is not prime
12:12:04|  
12:12:04| --------------------------------------------------------------------------------
12:12:04| Words: 1
12:12:04| 3 not found
12:12:04|  
12:12:04| --------------------------------------------------------------------------------
12:12:04| Uppercase: 0
12:12:04|  
12:12:04| --------------------------------------------------------------------------------
12:12:04| Sums: 0
12:12:04|  
12:12:04| --------------------------------------------------------------------------------
12:12:04| Names: 1
12:12:04| 2
12:12:04|  
12:12:04| Number of Primes tasks: 1
12:12:04| Number of Words tasks: 1
12:12:04| Number of Uppercase tasks: 0
12:12:04| Number of Sums tasks: 0
12:12:04| Number of Names tasks: 1
12:12:04| Total time to process 5 tasks = 1.62035690
