10:35:17| --------------------------------------------------------------------------------
10:35:17| Primes: 0
10:35:17|  
10:35:17| --------------------------------------------------------------------------------
10:35:17| Words: 0
10:35:17|  
10:35:17| --------------------------------------------------------------------------------
10:35:17| Uppercase: 0
10:35:17|  
10:35:17| --------------------------------------------------------------------------------
10:35:17| Sums: 0
10:35:17|  
10:35:17| --------------------------------------------------------------------------------
10:35:17| Names: 0
10:35:17|  
10:35:17| Number of Primes tasks: 0
10:35:17| Number of Words tasks: 0
10:35:17| Number of Uppercase tasks: 0
10:35:17| Number of Sums tasks: 0
10:35:17| Number of Names tasks: 0
10:35:17| Total time to process 0 tasks = 0.00558940
