11:45:37| --------------------------------------------------------------------------------
11:45:37| Primes: 1000
11:45:37| True
11:45:37| True
11:45:37| True
11:45:37| False
11:45:37| True
11:45:37| False
11:45:37| True
11:45:37| False
11:45:37| False
11:45:37| True
11:45:37| False
11:45:37| True
11:45:37| False
11:45:37| True
11:45:37| True
11:45:37| True
11:45:37| False
11:45:37| False
11:45:37| True
11:45:37| True
11:45:37| False
11:45:37| True
11:45:37| False
11:45:37| False
11:45:37| True
11:45:37| False
11:45:37| False
11:45:37| True
11:45:37| False
11:45:37| True
11:45:37| False
11:45:37| True
11:45:37| False
11:45:37| False
11:45:37| True
11:45:37| True
11:45:37| True
11:45:37| False
11:45:37| False
11:45:37| True
11:45:37| False
11:45:37| False
11:45:37| True
11:45:37| False
11:45:37| True
11:45:37| False
11:45:37| True
11:45:37| False
11:45:37| False
11:45:37| False
11:45:37| True
11:45:37| False
11:45:37| True
11:45:37| True
11:45:37| True
11:45:37| True
11:45:37| True
11:45:37| True
11:45:37| True
11:45:37| False
11:45:37| True
11:45:37| True
11:45:37| False
11:45:37| False
11:45:37| False
11:45:37| True
11:45:37| True
11:45:37| False
11:45:37| True
11:45:37| True
11:45:37| False
11:45:37| True
11:45:37| False
11:45:37| True
11:45:37| False
11:45:37| True
11:45:37| False
11:45:37| True
11:45:37| False
11:45:37| True
11:45:37| True
11:45:37| True
11:45:37| True
11:45:37| False
11:45:37| True
11:45:37| True
11:45:37| True
11:45:37| True
11:45:37| False
11:45:37| True
11:45:37| False
11:45:37| False
11:45:37| False
11:45:37| True
11:45:37| False
11:45:37| True
11:45:37| False
11:45:37| False
11:45:37| True
11:45:37| False
11:45:37| True
11:45:37| True
11:45:37| False
11:45:37| False
11:45:37| True
11:45:37| False
11:45:37| True
11:45:37| True
11:45:37| True
11:45:37| True
11:45:37| False
11:45:37| False
11:45:37| True
11:45:37| False
11:45:37| True
11:45:37| False
11:45:37| False
11:45:37| False
11:45:37| True
11:45:37| True
11:45:37| False
11:45:37| True
11:45:37| True
11:45:37| False
11:45:37| True
11:45:37| False
11:45:37| False
11:45:37| False
11:45:37| True
11:45:37| False
11:45:37| False
11:45:37| True
11:45:37| False
11:45:37| True
11:45:37| True
11:45:37| False
11:45:37| True
11:45:37| False
11:45:37| True
11:45:37| True
11:45:37| True
11:45:37| False
11:45:37| False
11:45:37| True
11:45:37| False
11:45:37| False
11:45:37| True
11:45:37| True
11:45:37| False
11:45:37| True
11:45:37| False
11:45:37| False
11:45:37| True
11:45:37| False
11:45:37| True
11:45:37| False
11:45:37| False
11:45:37| False
11:45:37| True
11:45:37| True
11:45:37| False
11:45:37| True
11:45:37| False
11:45:37| True
11:45:37| True
11:45:37| True
11:45:37| False
11:45:37| True
11:45:37| False
11:45:37| False
11:45:37| False
11:45:37| True
11:45:37| False
11:45:37| True
11:45:37| False
11:45:37| True
11:45:37| True
11:45:37| False
11:45:37| True
11:45:37| False
11:45:37| True
11:45:37| False
11:45:37| False
11:45:37| True
11:45:37| False
11:45:37| True
11:45:37| False
11:45:37| False
11:45:37| True
11:45:37| False
11:45:37| False
11:45:37| True
11:45:37| True
11:45:37| True
11:45:37| True
11:45:37| False
11:45:37| True
11:45:37| False
11:45:37| False
11:45:37| True
11:45:37| True
11:45:37| True
11:45:37| True
11:45:37| True
11:45:37| True
11:45:37| True
11:45:37| True
11:45:37| False
11:45:37| False
11:45:37| False
11:45:37| True
11:45:37| True
11:45:37| False
11:45:37| True
11:45:37| False
11:45:37| False
11:45:37| True
11:45:37| False
11:45:37| False
11:45:37| True
11:45:37| True
11:45:37| True
11:45:37| False
11:45:37| False
11:45:37| True
11:45:37| False
11:45:37| False
11:45:37| True
11:45:37| False
11:45:37| False
11:45:37| True
11:45:37| False
11:45:37| False
11:45:37| True
11:45:37| False
11:45:37| True
11:45:37| False
11:45:37| False
11:45:37| False
11:45:37| False
11:45:37| False
11:45:37| True
11:45:37| True
11:45:37| False
11:45:37| True
11:45:37| False
11:45:37| False
11:45:37| False
11:45:37| False
11:45:37| True
11:45:37| False
11:45:37| False
11:45:37| True
11:45:37| False
11:45:37| False
11:45:37| True
11:45:37| False
11:45:37| True
11:45:37| True
11:45:37| True
11:45:37| True
11:45:37| True
11:45:37| False
11:45:37| True
11:45:37| False
11:45:37| False
11:45:37| False
11:45:37| True
11:45:37| True
11:45:37| False
11:45:37| True
11:45:37| True
11:45:37| False
11:45:37| True
11:45:37| False
11:45:37| False
11:45:37| False
11:45:37| False
11:45:37| False
11:45:37| False
11:45:37| False
11:45:37| True
11:45:37| False
11:45:37| False
11:45:37| True
11:45:37| False
11:45:37| False
11:45:37| True
11:45:37| False
11:45:37| True
11:45:37| False
11:45:37| False
11:45:37| True
11:45:37| False
11:45:37| False
11:45:37| True
11:45:37| False
11:45:37| False
11:45:37| True
11:45:37| False
11:45:37| True
11:45:37| True
11:45:37| True
11:45:37| False
11:45:37| False
11:45:37| True
11:45:37| False
11:45:37| True
11:45:37| False
11:45:37| True
11:45:37| False
11:45:37| True
11:45:37| False
11:45:37| False
11:45:37| True
11:45:37| True
11:45:37| True
11:45:37| True
11:45:37| False
11:45:37| False
11:45:37| False
11:45:37| False
11:45:37| False
11:45:37| False
11:45:37| True
11:45:37| False
11:45:37| True
11:45:37| True
11:45:37| False
11:45:37| True
11:45:37| False
11:45:37| True
11:45:37| False
11:45:37| False
11:45:37| False
11:45:37| False
11:45:37| False
11:45:37| True
11:45:37| False
11:45:37| True
11:45:37| True
11:45:37| True
11:45:37| True
11:45:37| True
11:45:37| False
11:45:37| True
11:45:37| False
11:45:37| False
11:45:37| False
11:45:37| True
11:45:37| True
11:45:37| False
11:45:37| False
11:45:37| True
11:45:37| False
11:45:37| True
11:45:37| True
11:45:37| True
11:45:37| True
11:45:37| True
11:45:37| False
11:45:37| True
11:45:37| False
11:45:37| True
11:45:37| False
11:45:37| False
11:45:37| True
11:45:37| True
11:45:37| False
11:45:37| False
11:45:37| False
11:45:37| True
11:45:37| False
11:45:37| True
11:45:37| False
11:45:37| False
11:45:37| True
11:45:37| True
11:45:37| True
11:45:37| False
11:45:37| True
11:45:37| False
11:45:37| True
11:45:37| False
11:45:37| True
11:45:37| False
11:45:37| True
11:45:37| False
11:45:37| True
11:45:37| True
11:45:37| False
11:45:37| False
11:45:37| True
11:45:37| True
11:45:37| False
11:45:37| False
11:45:37| True
11:45:37| False
11:45:37| True
11:45:37| True
11:45:37| True
11:45:37| True
11:45:37| False
11:45:37| False
11:45:37| True
11:45:37| False
11:45:37| False
11:45:37| True
11:45:37| True
11:45:37| False
11:45:37| False
11:45:37| False
11:45:37| True
11:45:37| True
11:45:37| True
11:45:37| False
11:45:37| True
11:45:37| True
11:45:37| False
11:45:37| False
11:45:37| True
11:45:37| True
11:45:37| False
11:45:37| True
11:45:37| False
11:45:37| True
11:45:37| True
11:45:37| True
11:45:37| True
11:45:37| False
11:45:37| True
11:45:37| False
11:45:37| True
11:45:37| True
11:45:37| False
11:45:37| False
11:45:37| False
11:45:37| True
11:45:37| False
11:45:37| False
11:45:37| True
11:45:37| True
11:45:37| True
11:45:37| False
11:45:37| False
11:45:37| False
11:45:37| True
11:45:37| True
11:45:37| True
11:45:37| True
11:45:37| False
11:45:37| True
11:45:37| False
11:45:37| False
11:45:37| True
11:45:37| False
11:45:37| True
11:45:37| True
11:45:37| False
11:45:37| False
11:45:37| True
11:45:37| False
11:45:37| True
11:45:37| False
11:45:37| False
11:45:37| True
11:45:37| False
11:45:37| False
11:45:37| True
11:45:37| False
11:45:37| True
11:45:37| False
11:45:37| False
11:45:37| False
11:45:37| True
11:45:37| True
11:45:37| True
11:45:37| False
11:45:37| True
11:45:37| False
11:45:37| False
11:45:37| True
11:45:37| False
11:45:37| True
11:45:37| True
11:45:37| True
11:45:37| True
11:45:37| False
11:45:37| True
11:45:37| True
11:45:37| False
11:45:37| True
11:45:37| False
11:45:37| False
11:45:37| True
11:45:37| True
11:45:37| False
11:45:37| False
11:45:37| True
11:45:37| True
11:45:37| True
11:45:37| False
11:45:37| False
11:45:37| True
11:45:37| False
11:45:37| True
11:45:37| True
11:45:37| False
11:45:37| False
11:45:37| True
11:45:37| False
11:45:37| True
11:45:37| True
11:45:37| True
11:45:37| False
11:45:37| True
11:45:37| False
11:45:37| True
11:45:37| True
11:45:37| False
11:45:37| True
11:45:37| False
11:45:37| False
11:45:37| False
11:45:37| True
11:45:37| True
11:45:37| True
11:45:37| True
11:45:37| False
11:45:37| True
11:45:37| False
11:45:37| True
11:45:37| False
11:45:37| False
11:45:37| False
11:45:37| False
11:45:37| False
11:45:37| False
11:45:37| True
11:45:37| True
11:45:37| True
11:45:37| False
11:45:37| True
11:45:37| True
11:45:37| True
11:45:37| False
11:45:37| True
11:45:37| False
11:45:37| False
11:45:37| True
11:45:37| True
11:45:37| False
11:45:37| True
11:45:37| False
11:45:37| False
11:45:37| True
11:45:37| True
11:45:37| True
11:45:37| False
11:45:37| True
11:45:37| True
11:45:37| False
11:45:37| True
11:45:37| True
11:45:37| False
11:45:37| False
11:45:37| False
11:45:37| True
11:45:37| True
11:45:37| False
11:45:37| True
11:45:37| True
11:45:37| True
11:45:37| False
11:45:37| False
11:45:37| False
11:45:37| False
11:45:37| True
11:45:37| True
11:45:37| True
11:45:37| False
11:45:37| False
11:45:37| False
11:45:37| True
11:45:37| False
11:45:37| True
11:45:37| False
11:45:37| False
11:45:37| True
11:45:37| False
11:45:37| True
11:45:37| True
11:45:37| True
11:45:37| False
11:45:37| False
11:45:37| False
11:45:37| True
11:45:37| True
11:45:37| False
11:45:37| False
11:45:37| False
11:45:37| True
11:45:37| True
11:45:37| True
11:45:37| False
11:45:37| False
11:45:37| True
11:45:37| False
11:45:37| True
11:45:37| True
11:45:37| True
11:45:37| False
11:45:37| True
11:45:37| False
11:45:37| False
11:45:37| False
11:45:37| False
11:45:37| False
11:45:37| False
11:45:37| False
11:45:37| True
11:45:37| False
11:45:37| True
11:45:37| False
11:45:37| True
11:45:37| False
11:45:37| True
11:45:37| False
11:45:37| True
11:45:37| False
11:45:37| False
11:45:37| False
11:45:37| True
11:45:37| True
11:45:37| False
11:45:37| True
11:45:37| False
11:45:37| True
11:45:37| False
11:45:37| True
11:45:37| True
11:45:37| False
11:45:37| True
11:45:37| False
11:45:37| True
11:45:37| False
11:45:37| True
11:45:37| True
11:45:37| False
11:45:37| True
11:45:37| True
11:45:37| True
11:45:37| True
11:45:37| True
11:45:37| False
11:45:37| False
11:45:37| False
11:45:37| False
11:45:37| True
11:45:37| True
11:45:37| True
11:45:37| False
11:45:37| False
11:45:37| False
11:45:37| True
11:45:37| False
11:45:37| True
11:45:37| True
11:45:37| False
11:45:37| False
11:45:37| True
11:45:37| True
11:45:37| False
11:45:37| False
11:45:37| False
11:45:37| True
11:45:37| True
11:45:37| False
11:45:37| False
11:45:37| True
11:45:37| False
11:45:37| True
11:45:37| False
11:45:37| True
11:45:37| False
11:45:37| False
11:45:37| True
11:45:37| False
11:45:37| False
11:45:37| False
11:45:37| True
11:45:37| True
11:45:37| False
11:45:37| True
11:45:37| True
11:45:37| False
11:45:37| True
11:45:37| True
11:45:38| False
11:45:38| True
11:45:38| False
11:45:38| True
11:45:38| True
11:45:38| False
11:45:38| False
11:45:38| True
11:45:38| False
11:45:38| True
11:45:38| False
11:45:38| True
11:45:38| True
11:45:38| True
11:45:38| True
11:45:38| True
11:45:38| False
11:45:38| False
11:45:38| False
11:45:38| False
11:45:38| False
11:45:38| True
11:45:38| False
11:45:38| True
11:45:38| False
11:45:38| False
11:45:38| False
11:45:38| True
11:45:38| False
11:45:38| True
11:45:38| False
11:45:38| False
11:45:38| False
11:45:38| True
11:45:38| True
11:45:38| False
11:45:38| False
11:45:38| True
11:45:38| True
11:45:38| True
11:45:38| True
11:45:38| True
11:45:38| False
11:45:38| True
11:45:38| False
11:45:38| False
11:45:38| False
11:45:38| True
11:45:38| True
11:45:38| True
11:45:38| False
11:45:38| False
11:45:38| True
11:45:38| True
11:45:38| False
11:45:38| False
11:45:38| True
11:45:38| True
11:45:38| True
11:45:38| True
11:45:38| False
11:45:38| True
11:45:38| True
11:45:38| False
11:45:38| True
11:45:38| False
11:45:38| False
11:45:38| True
11:45:38| False
11:45:38| False
11:45:38| True
11:45:38| True
11:45:38| True
11:45:38| True
11:45:38| True
11:45:38| False
11:45:38| False
11:45:38| True
11:45:38| True
11:45:38| False
11:45:38| True
11:45:38| False
11:45:38| True
11:45:38| True
11:45:38| True
11:45:38| False
11:45:38| True
11:45:38| True
11:45:38| False
11:45:38| True
11:45:38| True
11:45:38| False
11:45:38| False
11:45:38| True
11:45:38| True
11:45:38| True
11:45:38| False
11:45:38| False
11:45:38| True
11:45:38| False
11:45:38| False
11:45:38| True
11:45:38| True
11:45:38| True
11:45:38| False
11:45:38| True
11:45:38| False
11:45:38| True
11:45:38| False
11:45:38| True
11:45:38| True
11:45:38| True
11:45:38| True
11:45:38| True
11:45:38| False
11:45:38| False
11:45:38| True
11:45:38| False
11:45:38| False
11:45:38| True
11:45:38| True
11:45:38| True
11:45:38| True
11:45:38| False
11:45:38| False
11:45:38| True
11:45:38| False
11:45:38| True
11:45:38| True
11:45:38| True
11:45:38| True
11:45:38| True
11:45:38| False
11:45:38| True
11:45:38| False
11:45:38| False
11:45:38| False
11:45:38| True
11:45:38| True
11:45:38| True
11:45:38| False
11:45:38| True
11:45:38| False
11:45:38| True
11:45:38| False
11:45:38| True
11:45:38| True
11:45:38| True
11:45:38| False
11:45:38| True
11:45:38| True
11:45:38| True
11:45:38| True
11:45:38| True
11:45:38| True
11:45:38| False
11:45:38| False
11:45:38| True
11:45:38| False
11:45:38| False
11:45:38| False
11:45:38| False
11:45:38| True
11:45:38| True
11:45:38| True
11:45:38| False
11:45:38| True
11:45:38| True
11:45:38| True
11:45:38| False
11:45:38| True
11:45:38| True
11:45:38| True
11:45:38| True
11:45:38| False
11:45:38| False
11:45:38| False
11:45:38| True
11:45:38| False
11:45:38| False
11:45:38| True
11:45:38| False
11:45:38| False
11:45:38| False
11:45:38| False
11:45:38| True
11:45:38| True
11:45:38| False
11:45:38| True
11:45:38| False
11:45:38| True
11:45:38| True
11:45:38| True
11:45:38| True
11:45:38| True
11:45:38| False
11:45:38| False
11:45:38| True
11:45:38| True
11:45:38| False
11:45:38| False
11:45:38| True
11:45:38| True
11:45:38| True
11:45:38| False
11:45:38| True
11:45:38| True
11:45:38| False
11:45:38| True
11:45:38| False
11:45:38| True
11:45:38| False
11:45:38| True
11:45:38| True
11:45:38| True
11:45:38| True
11:45:38| False
11:45:38| False
11:45:38| True
11:45:38| False
11:45:38| True
11:45:38| False
11:45:38| True
11:45:38| True
11:45:38| False
11:45:38| False
11:45:38| True
11:45:38| False
11:45:38| False
11:45:38| True
11:45:38| False
11:45:38| False
11:45:38| True
11:45:38| False
11:45:38| True
11:45:38| True
11:45:38| False
11:45:38| True
11:45:38| False
11:45:38| True
11:45:38| False
11:45:38| True
11:45:38| False
11:45:38| True
11:45:38| True
11:45:38| True
11:45:38| True
11:45:38| True
11:45:38| False
11:45:38| False
11:45:38| False
11:45:38| True
11:45:38| False
11:45:38| True
11:45:38| True
11:45:38| False
11:45:38| True
11:45:38| False
11:45:38| True
11:45:38| True
11:45:38| False
11:45:38| True
11:45:38| True
11:45:38| False
11:45:38| False
11:45:38| True
11:45:38| False
11:45:38| False
11:45:38| True
11:45:38| False
11:45:38| False
11:45:38| False
11:45:38| True
11:45:38| False
11:45:38| True
11:45:38| False
11:45:38| True
11:45:38| False
11:45:38| False
11:45:38| False
11:45:38| True
11:45:38| True
11:45:38| False
11:45:38| True
11:45:38| False
11:45:38| False
11:45:38| True
11:45:38| False
11:45:38| False
11:45:38| False
11:45:38| True
11:45:38| True
11:45:38| True
11:45:38| True
11:45:38| True
11:45:38| True
11:45:38| True
11:45:38| False
11:45:38| True
11:45:38| False
11:45:38| True
11:45:38| False
11:45:38|  
11:45:38| --------------------------------------------------------------------------------
11:45:38| Words: 1000
11:45:38| False
11:45:38| False
11:45:38| False
11:45:38| False
11:45:38| False
11:45:38| False
11:45:38| False
11:45:38| False
11:45:38| False
11:45:38| False
11:45:38| False
11:45:38| False
11:45:38| False
11:45:38| False
11:45:38| False
11:45:38| False
11:45:38| False
11:45:38| False
11:45:38| False
11:45:38| False
11:45:38| False
11:45:38| False
11:45:38| False
11:45:38| False
11:45:38| False
11:45:38| False
11:45:38| False
11:45:38| False
11:45:38| False
11:45:38| False
11:45:38| False
11:45:38| False
11:45:38| False
11:45:38| False
11:45:38| False
11:45:38| False
11:45:38| False
11:45:38| False
11:45:38| False
11:45:38| False
11:45:38| False
11:45:38| False
11:45:38| False
11:45:38| False
11:45:38| False
11:45:38| False
11:45:38| False
11:45:38| False
11:45:38| False
11:45:38| False
11:45:38| False
11:45:38| False
11:45:38| False
11:45:38| False
11:45:38| False
11:45:38| False
11:45:38| False
11:45:38| False
11:45:38| False
11:45:38| False
11:45:38| False
11:45:38| False
11:45:38| False
11:45:38| False
11:45:38| False
11:45:38| False
11:45:38| False
11:45:38| False
11:45:38| False
11:45:38| False
11:45:38| False
11:45:38| False
11:45:38| False
11:45:38| False
11:45:38| False
11:45:38| False
11:45:38| False
11:45:38| False
11:45:38| False
11:45:38| False
11:45:38| False
11:45:38| False
11:45:38| False
11:45:38| False
11:45:38| False
11:45:38| False
11:45:38| False
11:45:38| False
11:45:38| False
11:45:38| False
11:45:38| False
11:45:38| False
11:45:38| False
11:45:38| False
11:45:38| False
11:45:38| False
11:45:38| False
11:45:38| False
11:45:38| False
11:45:38| False
11:45:38| False
11:45:38| False
11:45:38| False
11:45:38| False
11:45:38| False
11:45:38| False
11:45:38| False
11:45:38| False
11:45:38| False
11:45:38| False
11:45:38| False
11:45:38| False
11:45:38| False
11:45:38| False
11:45:38| False
11:45:38| False
11:45:38| False
11:45:38| False
11:45:38| False
11:45:38| False
11:45:38| False
11:45:38| False
11:45:38| False
11:45:38| False
11:45:38| False
11:45:38| False
11:45:38| False
11:45:38| False
11:45:38| False
11:45:38| False
11:45:38| False
11:45:38| False
11:45:38| False
11:45:38| False
11:45:38| False
11:45:38| False
11:45:38| False
11:45:38| False
11:45:38| False
11:45:38| False
11:45:38| False
11:45:38| False
11:45:38| False
11:45:38| False
11:45:38| False
11:45:38| False
11:45:38| False
11:45:38| False
11:45:38| False
11:45:38| False
11:45:38| False
11:45:38| False
11:45:38| False
11:45:38| False
11:45:38| False
11:45:38| False
11:45:38| False
11:45:38| False
11:45:38| False
11:45:38| False
11:45:38| False
11:45:38| False
11:45:38| False
11:45:38| False
11:45:38| False
11:45:38| False
11:45:38| False
11:45:38| False
11:45:38| False
11:45:38| False
11:45:38| False
11:45:38| False
11:45:38| False
11:45:38| False
11:45:38| False
11:45:38| False
11:45:38| False
11:45:38| False
11:45:38| False
11:45:38| False
11:45:38| False
11:45:38| False
11:45:38| False
11:45:38| False
11:45:38| False
11:45:38| False
11:45:38| False
11:45:38| False
11:45:38| False
11:45:38| False
11:45:38| False
11:45:38| False
11:45:38| False
11:45:38| False
11:45:38| False
11:45:38| False
11:45:38| False
11:45:38| False
11:45:38| False
11:45:38| False
11:45:38| False
11:45:38| False
11:45:38| False
11:45:38| False
11:45:38| False
11:45:38| False
11:45:38| False
11:45:38| False
11:45:38| False
11:45:38| False
11:45:38| False
11:45:38| False
11:45:38| False
11:45:38| False
11:45:38| False
11:45:38| False
11:45:38| False
11:45:38| False
11:45:38| False
11:45:38| False
11:45:38| False
11:45:38| False
11:45:38| False
11:45:38| False
11:45:38| False
11:45:38| False
11:45:38| False
11:45:38| False
11:45:38| False
11:45:38| False
11:45:38| False
11:45:38| False
11:45:38| False
11:45:38| False
11:45:38| False
11:45:38| False
11:45:38| False
11:45:38| False
11:45:38| False
11:45:38| False
11:45:38| False
11:45:38| False
11:45:38| False
11:45:38| False
11:45:38| False
11:45:38| False
11:45:38| False
11:45:38| False
11:45:38| False
11:45:38| False
11:45:38| False
11:45:38| False
11:45:38| False
11:45:38| False
11:45:38| False
11:45:38| False
11:45:38| False
11:45:38| False
11:45:38| False
11:45:38| False
11:45:38| False
11:45:38| False
11:45:38| False
11:45:38| False
11:45:38| False
11:45:38| False
11:45:38| False
11:45:38| False
11:45:38| False
11:45:38| False
11:45:38| False
11:45:38| False
11:45:38| False
11:45:38| False
11:45:38| False
11:45:38| False
11:45:38| False
11:45:38| False
11:45:38| False
11:45:38| False
11:45:38| False
11:45:38| False
11:45:38| False
11:45:38| False
11:45:38| False
11:45:38| False
11:45:38| False
11:45:38| False
11:45:38| False
11:45:38| False
11:45:38| False
11:45:38| False
11:45:38| False
11:45:38| False
11:45:38| False
11:45:38| False
11:45:38| False
11:45:38| False
11:45:38| False
11:45:38| False
11:45:38| False
11:45:38| False
11:45:38| False
11:45:38| False
11:45:38| False
11:45:38| False
11:45:38| False
11:45:38| False
11:45:38| False
11:45:38| False
11:45:38| False
11:45:38| False
11:45:38| False
11:45:38| False
11:45:38| False
11:45:38| False
11:45:38| False
11:45:38| False
11:45:38| False
11:45:38| False
11:45:38| False
11:45:38| False
11:45:38| False
11:45:38| False
11:45:38| False
11:45:38| False
11:45:38| False
11:45:38| False
11:45:38| False
11:45:38| False
11:45:38| False
11:45:38| False
11:45:38| False
11:45:38| False
11:45:38| False
11:45:38| False
11:45:38| False
11:45:38| False
11:45:38| False
11:45:38| False
11:45:38| False
11:45:38| False
11:45:38| False
11:45:38| False
11:45:38| False
11:45:38| False
11:45:38| False
11:45:38| False
11:45:38| False
11:45:38| False
11:45:38| False
11:45:38| False
11:45:38| False
11:45:38| False
11:45:38| False
11:45:38| False
11:45:38| False
11:45:38| False
11:45:38| False
11:45:38| False
11:45:38| False
11:45:38| False
11:45:38| False
11:45:38| False
11:45:38| False
11:45:38| False
11:45:38| False
11:45:38| False
11:45:38| False
11:45:38| False
11:45:38| False
11:45:38| False
11:45:38| False
11:45:38| False
11:45:38| False
11:45:38| False
11:45:38| False
11:45:38| False
11:45:38| False
11:45:38| False
11:45:38| False
11:45:38| False
11:45:38| False
11:45:38| False
11:45:38| False
11:45:38| False
11:45:38| False
11:45:38| False
11:45:38| False
11:45:38| False
11:45:38| False
11:45:38| False
11:45:38| False
11:45:38| False
11:45:38| False
11:45:38| False
11:45:38| False
11:45:38| False
11:45:38| False
11:45:38| False
11:45:38| False
11:45:38| False
11:45:38| False
11:45:38| False
11:45:38| False
11:45:38| False
11:45:38| False
11:45:38| False
11:45:38| False
11:45:38| False
11:45:38| False
11:45:38| False
11:45:38| False
11:45:38| False
11:45:38| False
11:45:38| False
11:45:38| False
11:45:38| False
11:45:38| False
11:45:38| False
11:45:38| False
11:45:38| False
11:45:38| False
11:45:38| False
11:45:38| False
11:45:38| False
11:45:38| False
11:45:38| False
11:45:38| False
11:45:38| False
11:45:38| False
11:45:38| False
11:45:38| False
11:45:38| False
11:45:38| False
11:45:38| False
11:45:38| False
11:45:38| False
11:45:38| False
11:45:38| False
11:45:38| False
11:45:38| False
11:45:38| False
11:45:38| False
11:45:38| False
11:45:38| False
11:45:38| False
11:45:38| False
11:45:38| False
11:45:38| False
11:45:38| False
11:45:38| False
11:45:38| False
11:45:38| False
11:45:38| False
11:45:38| False
11:45:38| False
11:45:38| False
11:45:38| False
11:45:38| False
11:45:38| False
11:45:38| False
11:45:38| False
11:45:38| False
11:45:38| False
11:45:38| False
11:45:38| False
11:45:38| False
11:45:38| False
11:45:38| False
11:45:38| False
11:45:38| False
11:45:38| False
11:45:38| False
11:45:38| False
11:45:38| False
11:45:38| False
11:45:38| False
11:45:38| False
11:45:38| False
11:45:38| False
11:45:38| False
11:45:38| False
11:45:38| False
11:45:38| False
11:45:38| False
11:45:38| False
11:45:38| False
11:45:38| False
11:45:38| False
11:45:38| False
11:45:38| False
11:45:38| False
11:45:38| False
11:45:38| False
11:45:38| False
11:45:38| False
11:45:38| False
11:45:38| False
11:45:38| False
11:45:38| False
11:45:38| False
11:45:38| False
11:45:38| False
11:45:38| False
11:45:38| False
11:45:38| False
11:45:38| False
11:45:38| False
11:45:38| False
11:45:38| False
11:45:38| False
11:45:38| False
11:45:38| False
11:45:38| False
11:45:38| False
11:45:38| False
11:45:38| False
11:45:38| False
11:45:38| False
11:45:38| False
11:45:38| False
11:45:38| False
11:45:38| False
11:45:38| False
11:45:38| False
11:45:38| False
11:45:38| False
11:45:38| False
11:45:38| False
11:45:38| False
11:45:38| False
11:45:38| False
11:45:38| False
11:45:38| False
11:45:38| False
11:45:38| False
11:45:38| False
11:45:38| False
11:45:38| False
11:45:38| False
11:45:38| False
11:45:38| False
11:45:38| False
11:45:38| False
11:45:38| False
11:45:38| False
11:45:38| False
11:45:38| False
11:45:38| False
11:45:38| False
11:45:38| False
11:45:38| False
11:45:38| False
11:45:38| False
11:45:38| False
11:45:38| False
11:45:38| False
11:45:38| False
11:45:38| False
11:45:38| False
11:45:38| False
11:45:38| False
11:45:38| False
11:45:38| False
11:45:38| False
11:45:38| False
11:45:38| False
11:45:38| False
11:45:38| False
11:45:38| False
11:45:38| False
11:45:38| False
11:45:38| False
11:45:38| False
11:45:38| False
11:45:38| False
11:45:38| False
11:45:38| False
11:45:38| False
11:45:38| False
11:45:38| False
11:45:38| False
11:45:38| False
11:45:38| False
11:45:38| False
11:45:38| False
11:45:38| False
11:45:38| False
11:45:38| False
11:45:38| False
11:45:38| False
11:45:38| False
11:45:38| False
11:45:38| False
11:45:38| False
11:45:38| False
11:45:38| False
11:45:38| False
11:45:38| False
11:45:38| False
11:45:38| False
11:45:38| False
11:45:38| False
11:45:38| False
11:45:38| False
11:45:38| False
11:45:38| False
11:45:38| False
11:45:38| False
11:45:38| False
11:45:38| False
11:45:38| False
11:45:38| False
11:45:38| False
11:45:38| False
11:45:38| False
11:45:38| False
11:45:38| False
11:45:38| False
11:45:38| False
11:45:38| False
11:45:38| False
11:45:38| False
11:45:38| False
11:45:38| False
11:45:38| False
11:45:38| False
11:45:38| False
11:45:38| False
11:45:38| False
11:45:38| False
11:45:38| False
11:45:38| False
11:45:38| False
11:45:38| False
11:45:38| False
11:45:38| False
11:45:38| False
11:45:38| False
11:45:38| False
11:45:38| False
11:45:38| False
11:45:38| False
11:45:38| False
11:45:38| False
11:45:38| False
11:45:38| False
11:45:38| False
11:45:38| False
11:45:38| False
11:45:38| False
11:45:38| False
11:45:38| False
11:45:38| False
11:45:38| False
11:45:38| False
11:45:38| False
11:45:38| False
11:45:38| False
11:45:38| False
11:45:38| False
11:45:38| False
11:45:38| False
11:45:38| False
11:45:38| False
11:45:38| False
11:45:38| False
11:45:38| False
11:45:38| False
11:45:38| False
11:45:38| False
11:45:38| False
11:45:38| False
11:45:38| False
11:45:38| False
11:45:38| False
11:45:38| False
11:45:38| False
11:45:38| False
11:45:38| False
11:45:38| False
11:45:38| False
11:45:38| False
11:45:38| False
11:45:38| False
11:45:38| False
11:45:38| False
11:45:38| False
11:45:38| False
11:45:38| False
11:45:38| False
11:45:38| False
11:45:38| False
11:45:38| False
11:45:38| False
11:45:38| False
11:45:38| False
11:45:38| False
11:45:38| False
11:45:38| False
11:45:38| False
11:45:38| False
11:45:38| False
11:45:38| False
11:45:38| False
11:45:38| False
11:45:38| False
11:45:38| False
11:45:38| False
11:45:38| False
11:45:38| False
11:45:38| False
11:45:38| False
11:45:38| False
11:45:38| False
11:45:38| False
11:45:38| False
11:45:38| False
11:45:38| False
11:45:38| False
11:45:38| False
11:45:38| False
11:45:38| False
11:45:38| False
11:45:38| False
11:45:38| False
11:45:38| False
11:45:38| False
11:45:38| False
11:45:38| False
11:45:38| False
11:45:38| False
11:45:38| False
11:45:38| False
11:45:38| False
11:45:38| False
11:45:38| False
11:45:38| False
11:45:38| False
11:45:38| False
11:45:38| False
11:45:38| False
11:45:38| False
11:45:38| False
11:45:38| False
11:45:38| False
11:45:38| False
11:45:38| False
11:45:38| False
11:45:38| False
11:45:38| False
11:45:38| False
11:45:38| False
11:45:38| False
11:45:38| False
11:45:38| False
11:45:38| False
11:45:38| False
11:45:38| False
11:45:38| False
11:45:38| False
11:45:38| False
11:45:38| False
11:45:38| False
11:45:38| False
11:45:38| False
11:45:38| False
11:45:38| False
11:45:38| False
11:45:38| False
11:45:38| False
11:45:38| False
11:45:38| False
11:45:38| False
11:45:38| False
11:45:38| False
11:45:38| False
11:45:38| False
11:45:38| False
11:45:38| False
11:45:38| False
11:45:38| False
11:45:38| False
11:45:38| False
11:45:38| False
11:45:38| False
11:45:38| False
11:45:38| False
11:45:38| False
11:45:38| False
11:45:38| False
11:45:38| False
11:45:38| False
11:45:38| False
11:45:38| False
11:45:38| False
11:45:38| False
11:45:38| False
11:45:38| False
11:45:38| False
11:45:38| False
11:45:38| False
11:45:38| False
11:45:38| False
11:45:38| False
11:45:38| False
11:45:38| False
11:45:38| False
11:45:38| False
11:45:38| False
11:45:38| False
11:45:38| False
11:45:38| False
11:45:38| False
11:45:38| False
11:45:38| False
11:45:38| False
11:45:38| False
11:45:38| False
11:45:38| False
11:45:38| False
11:45:38| False
11:45:38| False
11:45:38| False
11:45:38| False
11:45:38| False
11:45:38| False
11:45:38| False
11:45:38| False
11:45:38| False
11:45:38| False
11:45:38| False
11:45:38| False
11:45:38| False
11:45:38| False
11:45:38| False
11:45:38| False
11:45:38| False
11:45:38| False
11:45:38| False
11:45:38| False
11:45:38| False
11:45:38| False
11:45:38| False
11:45:38| False
11:45:38| False
11:45:38| False
11:45:38| False
11:45:38| False
11:45:38| False
11:45:38| False
11:45:38| False
11:45:38| False
11:45:38| False
11:45:38| False
11:45:38| False
11:45:38| False
11:45:38| False
11:45:38| False
11:45:38| False
11:45:38| False
11:45:38| False
11:45:38| False
11:45:38| False
11:45:38| False
11:45:38| False
11:45:38| False
11:45:38| False
11:45:38| False
11:45:38| False
11:45:38| False
11:45:38| False
11:45:38| False
11:45:38| False
11:45:38| False
11:45:38| False
11:45:38| False
11:45:38| False
11:45:38| False
11:45:38| False
11:45:38| False
11:45:38| False
11:45:38| False
11:45:38| False
11:45:38| False
11:45:38| False
11:45:38| False
11:45:38| False
11:45:38| False
11:45:38| False
11:45:38| False
11:45:38| False
11:45:38| False
11:45:38| False
11:45:38| False
11:45:38| False
11:45:38| False
11:45:38| False
11:45:38| False
11:45:38| False
11:45:38| False
11:45:38| False
11:45:38| False
11:45:38| False
11:45:38| False
11:45:38| False
11:45:38| False
11:45:38| False
11:45:38| False
11:45:38| False
11:45:38| False
11:45:38| False
11:45:38| False
11:45:38| False
11:45:38| False
11:45:38| False
11:45:38| False
11:45:38| False
11:45:38| False
11:45:38| False
11:45:38| False
11:45:38| False
11:45:38| False
11:45:38| False
11:45:38| False
11:45:38| False
11:45:38| False
11:45:38| False
11:45:38| False
11:45:38| False
11:45:38| False
11:45:38| False
11:45:38| False
11:45:38| False
11:45:38| False
11:45:38| False
11:45:38| False
11:45:38| False
11:45:38| False
11:45:38| False
11:45:38| False
11:45:38| False
11:45:38| False
11:45:38| False
11:45:38| False
11:45:38| False
11:45:38| False
11:45:38| False
11:45:38| False
11:45:38| False
11:45:38| False
11:45:38| False
11:45:38| False
11:45:38| False
11:45:38| False
11:45:38| False
11:45:38| False
11:45:38| False
11:45:38| False
11:45:38| False
11:45:38| False
11:45:38| False
11:45:38| False
11:45:38| False
11:45:38| False
11:45:38| False
11:45:38| False
11:45:38| False
11:45:38| False
11:45:38| False
11:45:38| False
11:45:38| False
11:45:38| False
11:45:38| False
11:45:38| False
11:45:38| False
11:45:38| False
11:45:38| False
11:45:38| False
11:45:38| False
11:45:38| False
11:45:38| False
11:45:38| False
11:45:38| False
11:45:38| False
11:45:38| False
11:45:38| False
11:45:38| False
11:45:38| False
11:45:38| False
11:45:38| False
11:45:38| False
11:45:38| False
11:45:38| False
11:45:38| False
11:45:38| False
11:45:38| False
11:45:38| False
11:45:38| False
11:45:38|  
11:45:38| --------------------------------------------------------------------------------
11:45:38| Uppercase: 0
11:45:38|  
11:45:38| --------------------------------------------------------------------------------
11:45:38| Sums: 0
11:45:38|  
11:45:38| --------------------------------------------------------------------------------
11:45:38| Names: 34
11:45:38| 392
11:45:38| 504
11:45:38| 571
11:45:38| 579
11:45:38| 581
11:45:38| 650
11:45:38| 684
11:45:38| 795
11:45:38| 1136
11:45:38| 1509
11:45:38| 1780
11:45:38| 1975
11:45:38| 2001
11:45:38| 2064
11:45:38| 2142
11:45:38| 2148
11:45:38| 2150
11:45:38| 2320
11:45:38| 2341
11:45:38| 2391
11:45:38| 2407
11:45:38| 2700
11:45:38| 2969
11:45:38| 3180
11:45:38| 3333
11:45:38| 3565
11:45:38| 3600
11:45:38| 3625
11:45:38| 3737
11:45:38| 3808
11:45:38| 3902
11:45:38| 3964
11:45:38| 3976
11:45:38| 4006
11:45:38|  
11:45:38| Number of Primes tasks: 1000
11:45:38| Number of Words tasks: 1000
11:45:38| Number of Uppercase tasks: 0
11:45:38| Number of Sums tasks: 0
11:45:38| Number of Names tasks: 34
11:45:38| Total time to process 4034 tasks = 16.28340350
