11:56:56| --------------------------------------------------------------------------------
11:56:56| Primes: 1
11:56:56| 4 is not prime
11:56:56|  
11:56:56| --------------------------------------------------------------------------------
11:56:56| Words: 1
11:56:56| False
11:56:56|  
11:56:56| --------------------------------------------------------------------------------
11:56:56| Uppercase: 0
11:56:56|  
11:56:56| --------------------------------------------------------------------------------
11:56:56| Sums: 0
11:56:56|  
11:56:56| --------------------------------------------------------------------------------
11:56:56| Names: 1
11:56:56| 2
11:56:56|  
11:56:56| Number of Primes tasks: 1
11:56:56| Number of Words tasks: 1
11:56:56| Number of Uppercase tasks: 0
11:56:56| Number of Sums tasks: 0
11:56:56| Number of Names tasks: 1
11:56:56| Total time to process 5 tasks = 1.62870740
