12:28:21| --------------------------------------------------------------------------------
12:28:21| Primes: 1
12:28:21| 4 is not prime
12:28:21|  
12:28:21| --------------------------------------------------------------------------------
12:28:21| Words: 1
12:28:21| 3 not found
12:28:21|  
12:28:21| --------------------------------------------------------------------------------
12:28:21| Uppercase: 0
12:28:21|  
12:28:21| --------------------------------------------------------------------------------
12:28:21| Sums: 0
12:28:21|  
12:28:21| --------------------------------------------------------------------------------
12:28:21| Names: 1
12:28:21| 2
12:28:21|  
12:28:21| Number of Primes tasks: 1
12:28:21| Number of Words tasks: 1
12:28:21| Number of Uppercase tasks: 0
12:28:21| Number of Sums tasks: 0
12:28:21| Number of Names tasks: 1
12:28:21| Total time to process 5 tasks = 36.02404110
