11:31:58| --------------------------------------------------------------------------------
11:31:58| Primes: 0
11:31:58|  
11:31:58| --------------------------------------------------------------------------------
11:31:58| Words: 0
11:31:58|  
11:31:58| --------------------------------------------------------------------------------
11:31:58| Uppercase: 0
11:31:58|  
11:31:58| --------------------------------------------------------------------------------
11:31:58| Sums: 0
11:31:58|  
11:31:58| --------------------------------------------------------------------------------
11:31:58| Names: 0
11:31:58|  
11:31:58| Number of Primes tasks: 0
11:31:58| Number of Words tasks: 0
11:31:58| Number of Uppercase tasks: 0
11:31:58| Number of Sums tasks: 0
11:31:58| Number of Names tasks: 0
11:31:58| Total time to process 5 tasks = 1.44938520
