11:38:57| --------------------------------------------------------------------------------
11:38:57| Primes: 1
11:38:57| True
11:38:57|  
11:38:57| --------------------------------------------------------------------------------
11:38:57| Words: 1
11:38:57| False
11:38:57|  
11:38:57| --------------------------------------------------------------------------------
11:38:57| Uppercase: 0
11:38:57|  
11:38:57| --------------------------------------------------------------------------------
11:38:57| Sums: 0
11:38:57|  
11:38:57| --------------------------------------------------------------------------------
11:38:57| Names: 1
11:38:57| 2
11:38:57|  
11:38:57| Number of Primes tasks: 1
11:38:57| Number of Words tasks: 1
11:38:57| Number of Uppercase tasks: 0
11:38:57| Number of Sums tasks: 0
11:38:57| Number of Names tasks: 1
11:38:57| Total time to process 5 tasks = 6.13475810
