12:29:27| --------------------------------------------------------------------------------
12:29:27| Primes: 1
12:29:27| 4 is not prime
12:29:27|  
12:29:27| --------------------------------------------------------------------------------
12:29:27| Words: 1
12:29:27| 3 not found
12:29:27|  
12:29:27| --------------------------------------------------------------------------------
12:29:27| Uppercase: 0
12:29:27|  
12:29:27| --------------------------------------------------------------------------------
12:29:27| Sums: 0
12:29:27|  
12:29:27| --------------------------------------------------------------------------------
12:29:27| Names: 1
12:29:27| 2
12:29:27|  
12:29:27| Number of Primes tasks: 1
12:29:27| Number of Words tasks: 1
12:29:27| Number of Uppercase tasks: 0
12:29:27| Number of Sums tasks: 0
12:29:27| Number of Names tasks: 1
12:29:27| Total time to process 5 tasks = 2.16546860
