10:54:33| --------------------------------------------------------------------------------
10:54:33| Primes: 0
10:54:33|  
10:54:33| --------------------------------------------------------------------------------
10:54:33| Words: 0
10:54:33|  
10:54:33| --------------------------------------------------------------------------------
10:54:33| Uppercase: 0
10:54:33|  
10:54:33| --------------------------------------------------------------------------------
10:54:33| Sums: 0
10:54:33|  
10:54:33| --------------------------------------------------------------------------------
10:54:33| Names: 0
10:54:33|  
10:54:33| Number of Primes tasks: 0
10:54:33| Number of Words tasks: 0
10:54:33| Number of Uppercase tasks: 0
10:54:33| Number of Sums tasks: 0
10:54:33| Number of Names tasks: 0
10:54:33| Total time to process 5 tasks = 0.02927490
