12:09:40| --------------------------------------------------------------------------------
12:09:40| Primes: 1
12:09:40| 4 is not prime
12:09:40|  
12:09:40| --------------------------------------------------------------------------------
12:09:40| Words: 1
12:09:40| 3 not found
12:09:40|  
12:09:40| --------------------------------------------------------------------------------
12:09:40| Uppercase: 0
12:09:40|  
12:09:40| --------------------------------------------------------------------------------
12:09:40| Sums: 0
12:09:40|  
12:09:40| --------------------------------------------------------------------------------
12:09:40| Names: 1
12:09:40| 2
12:09:40|  
12:09:40| Number of Primes tasks: 1
12:09:40| Number of Words tasks: 1
12:09:40| Number of Uppercase tasks: 0
12:09:40| Number of Sums tasks: 0
12:09:40| Number of Names tasks: 1
12:09:40| Total time to process 5 tasks = 1.50025020
