12:15:43| --------------------------------------------------------------------------------
12:15:43| Primes: 1
12:15:43| 4 is not prime
12:15:43|  
12:15:43| --------------------------------------------------------------------------------
12:15:43| Words: 1
12:15:43| 3 not found
12:15:43|  
12:15:43| --------------------------------------------------------------------------------
12:15:43| Uppercase: 0
12:15:43|  
12:15:43| --------------------------------------------------------------------------------
12:15:43| Sums: 0
12:15:43|  
12:15:43| --------------------------------------------------------------------------------
12:15:43| Names: 1
12:15:43| 2
12:15:43|  
12:15:43| Number of Primes tasks: 1
12:15:43| Number of Words tasks: 1
12:15:43| Number of Uppercase tasks: 0
12:15:43| Number of Sums tasks: 0
12:15:43| Number of Names tasks: 1
12:15:43| Total time to process 5 tasks = 1.41818190
