12:28:46| --------------------------------------------------------------------------------
12:28:46| Primes: 1
12:28:46| 4 is not prime
12:28:46|  
12:28:46| --------------------------------------------------------------------------------
12:28:46| Words: 1
12:28:46| 3 not found
12:28:46|  
12:28:46| --------------------------------------------------------------------------------
12:28:46| Uppercase: 0
12:28:46|  
12:28:46| --------------------------------------------------------------------------------
12:28:46| Sums: 0
12:28:46|  
12:28:46| --------------------------------------------------------------------------------
12:28:46| Names: 1
12:28:46| 2
12:28:46|  
12:28:46| Number of Primes tasks: 1
12:28:46| Number of Words tasks: 1
12:28:46| Number of Uppercase tasks: 0
12:28:46| Number of Sums tasks: 0
12:28:46| Number of Names tasks: 1
12:28:46| Total time to process 5 tasks = 2.03509220
