11:29:00| --------------------------------------------------------------------------------
11:29:00| Primes: 0
11:29:00|  
11:29:00| --------------------------------------------------------------------------------
11:29:00| Words: 0
11:29:00|  
11:29:00| --------------------------------------------------------------------------------
11:29:00| Uppercase: 0
11:29:00|  
11:29:00| --------------------------------------------------------------------------------
11:29:00| Sums: 0
11:29:00|  
11:29:00| --------------------------------------------------------------------------------
11:29:00| Names: 0
11:29:00|  
11:29:00| Number of Primes tasks: 0
11:29:00| Number of Words tasks: 0
11:29:00| Number of Uppercase tasks: 0
11:29:00| Number of Sums tasks: 0
11:29:00| Number of Names tasks: 0
11:29:00| Total time to process 5 tasks = 0.82585210
