11:36:22| --------------------------------------------------------------------------------
11:36:22| Primes: 1
11:36:22| True
11:36:22|  
11:36:22| --------------------------------------------------------------------------------
11:36:22| Words: 0
11:36:22|  
11:36:22| --------------------------------------------------------------------------------
11:36:22| Uppercase: 0
11:36:22|  
11:36:22| --------------------------------------------------------------------------------
11:36:22| Sums: 0
11:36:22|  
11:36:22| --------------------------------------------------------------------------------
11:36:22| Names: 0
11:36:22|  
11:36:22| Number of Primes tasks: 1
11:36:22| Number of Words tasks: 0
11:36:22| Number of Uppercase tasks: 0
11:36:22| Number of Sums tasks: 0
11:36:22| Number of Names tasks: 0
11:36:22| Total time to process 5 tasks = 2.60163530
