11:30:12| --------------------------------------------------------------------------------
11:30:12| Primes: 0
11:30:12|  
11:30:12| --------------------------------------------------------------------------------
11:30:12| Words: 0
11:30:12|  
11:30:12| --------------------------------------------------------------------------------
11:30:12| Uppercase: 0
11:30:12|  
11:30:12| --------------------------------------------------------------------------------
11:30:12| Sums: 0
11:30:12|  
11:30:12| --------------------------------------------------------------------------------
11:30:12| Names: 0
11:30:12|  
11:30:12| Number of Primes tasks: 0
11:30:12| Number of Words tasks: 0
11:30:12| Number of Uppercase tasks: 0
11:30:12| Number of Sums tasks: 0
11:30:12| Number of Names tasks: 0
11:30:12| Total time to process 5 tasks = 0.75870290
