12:11:07| --------------------------------------------------------------------------------
12:11:07| Primes: 1
12:11:07| 4 is not prime
12:11:07|  
12:11:07| --------------------------------------------------------------------------------
12:11:07| Words: 1
12:11:07| 3 not found
12:11:07|  
12:11:07| --------------------------------------------------------------------------------
12:11:07| Uppercase: 0
12:11:07|  
12:11:07| --------------------------------------------------------------------------------
12:11:07| Sums: 0
12:11:07|  
12:11:07| --------------------------------------------------------------------------------
12:11:07| Names: 1
12:11:07| 2
12:11:07|  
12:11:07| Number of Primes tasks: 1
12:11:07| Number of Words tasks: 1
12:11:07| Number of Uppercase tasks: 0
12:11:07| Number of Sums tasks: 0
12:11:07| Number of Names tasks: 1
12:11:07| Total time to process 5 tasks = 1.60470110
