11:32:31| --------------------------------------------------------------------------------
11:32:31| Primes: 0
11:32:31|  
11:32:31| --------------------------------------------------------------------------------
11:32:31| Words: 0
11:32:31|  
11:32:31| --------------------------------------------------------------------------------
11:32:31| Uppercase: 0
11:32:31|  
11:32:31| --------------------------------------------------------------------------------
11:32:31| Sums: 0
11:32:31|  
11:32:31| --------------------------------------------------------------------------------
11:32:31| Names: 0
11:32:31|  
11:32:31| Number of Primes tasks: 0
11:32:31| Number of Words tasks: 0
11:32:31| Number of Uppercase tasks: 0
11:32:31| Number of Sums tasks: 0
11:32:31| Number of Names tasks: 0
11:32:31| Total time to process 5 tasks = 2.65658970
