12:18:59| --------------------------------------------------------------------------------
12:18:59| Primes: 1
12:18:59| 4 is not prime
12:18:59|  
12:18:59| --------------------------------------------------------------------------------
12:18:59| Words: 1
12:18:59| 3 not found
12:18:59|  
12:18:59| --------------------------------------------------------------------------------
12:18:59| Uppercase: 0
12:18:59|  
12:18:59| --------------------------------------------------------------------------------
12:18:59| Sums: 0
12:18:59|  
12:18:59| --------------------------------------------------------------------------------
12:18:59| Names: 1
12:18:59| 2
12:18:59|  
12:18:59| Number of Primes tasks: 1
12:18:59| Number of Words tasks: 1
12:18:59| Number of Uppercase tasks: 0
12:18:59| Number of Sums tasks: 0
12:18:59| Number of Names tasks: 1
12:18:59| Total time to process 5 tasks = 1.78914340
