12:09:02| --------------------------------------------------------------------------------
12:09:02| Primes: 1
12:09:02| 4 is not prime
12:09:02|  
12:09:02| --------------------------------------------------------------------------------
12:09:02| Words: 1
12:09:02| 3 not found
12:09:02|  
12:09:02| --------------------------------------------------------------------------------
12:09:02| Uppercase: 0
12:09:02|  
12:09:02| --------------------------------------------------------------------------------
12:09:02| Sums: 0
12:09:02|  
12:09:02| --------------------------------------------------------------------------------
12:09:02| Names: 1
12:09:02| 2
12:09:02|  
12:09:02| Number of Primes tasks: 1
12:09:02| Number of Words tasks: 1
12:09:02| Number of Uppercase tasks: 0
12:09:02| Number of Sums tasks: 0
12:09:02| Number of Names tasks: 1
12:09:02| Total time to process 5 tasks = 1.64298310
