11:37:59| --------------------------------------------------------------------------------
11:37:59| Primes: 1
11:37:59| True
11:37:59|  
11:37:59| --------------------------------------------------------------------------------
11:37:59| Words: 1
11:37:59| False
11:37:59|  
11:37:59| --------------------------------------------------------------------------------
11:37:59| Uppercase: 0
11:37:59|  
11:37:59| --------------------------------------------------------------------------------
11:37:59| Sums: 0
11:37:59|  
11:37:59| --------------------------------------------------------------------------------
11:37:59| Names: 1
11:37:59| 2
11:37:59|  
11:37:59| Number of Primes tasks: 1
11:37:59| Number of Words tasks: 1
11:37:59| Number of Uppercase tasks: 0
11:37:59| Number of Sums tasks: 0
11:37:59| Number of Names tasks: 1
11:37:59| Total time to process 5 tasks = 2.67017350
