11:24:48| --------------------------------------------------------------------------------
11:24:48| Primes: 0
11:24:48|  
11:24:48| --------------------------------------------------------------------------------
11:24:48| Words: 0
11:24:48|  
11:24:48| --------------------------------------------------------------------------------
11:24:48| Uppercase: 0
11:24:48|  
11:24:48| --------------------------------------------------------------------------------
11:24:48| Sums: 0
11:24:48|  
11:24:48| --------------------------------------------------------------------------------
11:24:48| Names: 0
11:24:48|  
11:24:48| Number of Primes tasks: 0
11:24:48| Number of Words tasks: 0
11:24:48| Number of Uppercase tasks: 0
11:24:48| Number of Sums tasks: 0
11:24:48| Number of Names tasks: 0
11:24:48| Total time to process 5 tasks = 0.78265940
