11:39:48| --------------------------------------------------------------------------------
11:39:48| Primes: 1
11:39:48| True
11:39:48|  
11:39:48| --------------------------------------------------------------------------------
11:39:48| Words: 1
11:39:48| False
11:39:48|  
11:39:48| --------------------------------------------------------------------------------
11:39:48| Uppercase: 0
11:39:48|  
11:39:48| --------------------------------------------------------------------------------
11:39:48| Sums: 0
11:39:48|  
11:39:48| --------------------------------------------------------------------------------
11:39:48| Names: 1
11:39:48| 2
11:39:48|  
11:39:48| Number of Primes tasks: 1
11:39:48| Number of Words tasks: 1
11:39:48| Number of Uppercase tasks: 0
11:39:48| Number of Sums tasks: 0
11:39:48| Number of Names tasks: 1
11:39:48| Total time to process 5 tasks = 0.83001130
