11:56:00| --------------------------------------------------------------------------------
11:56:00| Primes: 1
11:56:00| True
11:56:00|  
11:56:00| --------------------------------------------------------------------------------
11:56:00| Words: 1
11:56:00| False
11:56:00|  
11:56:00| --------------------------------------------------------------------------------
11:56:00| Uppercase: 0
11:56:00|  
11:56:00| --------------------------------------------------------------------------------
11:56:00| Sums: 0
11:56:00|  
11:56:00| --------------------------------------------------------------------------------
11:56:00| Names: 1
11:56:00| 2
11:56:00|  
11:56:00| Number of Primes tasks: 1
11:56:00| Number of Words tasks: 1
11:56:00| Number of Uppercase tasks: 0
11:56:00| Number of Sums tasks: 0
11:56:00| Number of Names tasks: 1
11:56:00| Total time to process 5 tasks = 1.56775260
