10:37:11| --------------------------------------------------------------------------------
10:37:11| Primes: 0
10:37:11|  
10:37:11| --------------------------------------------------------------------------------
10:37:11| Words: 0
10:37:11|  
10:37:11| --------------------------------------------------------------------------------
10:37:11| Uppercase: 0
10:37:11|  
10:37:11| --------------------------------------------------------------------------------
10:37:11| Sums: 0
10:37:11|  
10:37:11| --------------------------------------------------------------------------------
10:37:11| Names: 0
10:37:11|  
10:37:11| Number of Primes tasks: 0
10:37:11| Number of Words tasks: 0
10:37:11| Number of Uppercase tasks: 0
10:37:11| Number of Sums tasks: 0
10:37:11| Number of Names tasks: 0
10:37:11| Total time to process 5 tasks = 0.01485140
