12:17:31| --------------------------------------------------------------------------------
12:17:31| Primes: 1
12:17:31| 4 is not prime
12:17:31|  
12:17:31| --------------------------------------------------------------------------------
12:17:31| Words: 1
12:17:31| 3 not found
12:17:31|  
12:17:31| --------------------------------------------------------------------------------
12:17:31| Uppercase: 0
12:17:31|  
12:17:31| --------------------------------------------------------------------------------
12:17:31| Sums: 0
12:17:31|  
12:17:31| --------------------------------------------------------------------------------
12:17:31| Names: 1
12:17:31| 2
12:17:31|  
12:17:31| Number of Primes tasks: 1
12:17:31| Number of Words tasks: 1
12:17:31| Number of Uppercase tasks: 0
12:17:31| Number of Sums tasks: 0
12:17:31| Number of Names tasks: 1
12:17:31| Total time to process 5 tasks = 1.83016340
