11:05:13| --------------------------------------------------------------------------------
11:05:13| Primes: 0
11:05:13|  
11:05:13| --------------------------------------------------------------------------------
11:05:13| Words: 0
11:05:13|  
11:05:13| --------------------------------------------------------------------------------
11:05:13| Uppercase: 0
11:05:13|  
11:05:13| --------------------------------------------------------------------------------
11:05:13| Sums: 0
11:05:13|  
11:05:13| --------------------------------------------------------------------------------
11:05:13| Names: 0
11:05:13|  
11:05:13| Number of Primes tasks: 0
11:05:13| Number of Words tasks: 0
11:05:13| Number of Uppercase tasks: 0
11:05:13| Number of Sums tasks: 0
11:05:13| Number of Names tasks: 0
11:05:13| Total time to process 5 tasks = 0.96013330
