10:36:56| --------------------------------------------------------------------------------
10:36:56| Primes: 0
10:36:56|  
10:36:56| --------------------------------------------------------------------------------
10:36:56| Words: 0
10:36:56|  
10:36:56| --------------------------------------------------------------------------------
10:36:56| Uppercase: 0
10:36:56|  
10:36:56| --------------------------------------------------------------------------------
10:36:56| Sums: 0
10:36:56|  
10:36:56| --------------------------------------------------------------------------------
10:36:56| Names: 0
10:36:56|  
10:36:56| Number of Primes tasks: 0
10:36:56| Number of Words tasks: 0
10:36:56| Number of Uppercase tasks: 0
10:36:56| Number of Sums tasks: 0
10:36:56| Number of Names tasks: 0
10:36:56| Total time to process 5 tasks = 0.06654500
