11:32:21| --------------------------------------------------------------------------------
11:32:21| Primes: 0
11:32:21|  
11:32:21| --------------------------------------------------------------------------------
11:32:21| Words: 0
11:32:21|  
11:32:21| --------------------------------------------------------------------------------
11:32:21| Uppercase: 0
11:32:21|  
11:32:21| --------------------------------------------------------------------------------
11:32:21| Sums: 0
11:32:21|  
11:32:21| --------------------------------------------------------------------------------
11:32:21| Names: 0
11:32:21|  
11:32:21| Number of Primes tasks: 0
11:32:21| Number of Words tasks: 0
11:32:21| Number of Uppercase tasks: 0
11:32:21| Number of Sums tasks: 0
11:32:21| Number of Names tasks: 0
11:32:21| Total time to process 5 tasks = 5.98743060
