12:00:13| --------------------------------------------------------------------------------
12:00:13| Primes: 1
12:00:13| 4 is not prime
12:00:13|  
12:00:13| --------------------------------------------------------------------------------
12:00:13| Words: 1
12:00:13| 3 not found
12:00:13|  
12:00:13| --------------------------------------------------------------------------------
12:00:13| Uppercase: 0
12:00:13|  
12:00:13| --------------------------------------------------------------------------------
12:00:13| Sums: 0
12:00:13|  
12:00:13| --------------------------------------------------------------------------------
12:00:13| Names: 1
12:00:13| 2
12:00:13|  
12:00:13| Number of Primes tasks: 1
12:00:13| Number of Words tasks: 1
12:00:13| Number of Uppercase tasks: 0
12:00:13| Number of Sums tasks: 0
12:00:13| Number of Names tasks: 1
12:00:13| Total time to process 5 tasks = 1.70170690
