11:02:02| --------------------------------------------------------------------------------
11:02:02| Primes: 0
11:02:02|  
11:02:02| --------------------------------------------------------------------------------
11:02:02| Words: 0
11:02:02|  
11:02:02| --------------------------------------------------------------------------------
11:02:02| Uppercase: 0
11:02:02|  
11:02:02| --------------------------------------------------------------------------------
11:02:02| Sums: 0
11:02:02|  
11:02:02| --------------------------------------------------------------------------------
11:02:02| Names: 0
11:02:02|  
11:02:02| Number of Primes tasks: 0
11:02:02| Number of Words tasks: 0
11:02:02| Number of Uppercase tasks: 0
11:02:02| Number of Sums tasks: 0
11:02:02| Number of Names tasks: 0
11:02:02| Total time to process 5 tasks = 0.03227460
