12:15:53| --------------------------------------------------------------------------------
12:15:53| Primes: 1
12:15:53| 4 is not prime
12:15:53|  
12:15:53| --------------------------------------------------------------------------------
12:15:53| Words: 1
12:15:53| 3 not found
12:15:53|  
12:15:53| --------------------------------------------------------------------------------
12:15:53| Uppercase: 0
12:15:53|  
12:15:53| --------------------------------------------------------------------------------
12:15:53| Sums: 0
12:15:53|  
12:15:53| --------------------------------------------------------------------------------
12:15:53| Names: 1
12:15:53| 2
12:15:53|  
12:15:53| Number of Primes tasks: 1
12:15:53| Number of Words tasks: 1
12:15:53| Number of Uppercase tasks: 0
12:15:53| Number of Sums tasks: 0
12:15:53| Number of Names tasks: 1
12:15:53| Total time to process 5 tasks = 1.83571060
