11:58:48| --------------------------------------------------------------------------------
11:58:48| Primes: 1
11:58:48| 4 is not prime
11:58:48|  
11:58:48| --------------------------------------------------------------------------------
11:58:48| Words: 1
11:58:48| 3 not found
11:58:48|  
11:58:48| --------------------------------------------------------------------------------
11:58:48| Uppercase: 0
11:58:48|  
11:58:48| --------------------------------------------------------------------------------
11:58:48| Sums: 0
11:58:48|  
11:58:48| --------------------------------------------------------------------------------
11:58:48| Names: 1
11:58:48| 2
11:58:48|  
11:58:48| Number of Primes tasks: 1
11:58:48| Number of Words tasks: 1
11:58:48| Number of Uppercase tasks: 0
11:58:48| Number of Sums tasks: 0
11:58:48| Number of Names tasks: 1
11:58:48| Total time to process 5 tasks = 1.55554800
