12:07:06| --------------------------------------------------------------------------------
12:07:06| Primes: 1
12:07:06| 4 is not prime
12:07:06|  
12:07:06| --------------------------------------------------------------------------------
12:07:06| Words: 1
12:07:06| 3 not found
12:07:06|  
12:07:06| --------------------------------------------------------------------------------
12:07:06| Uppercase: 0
12:07:06|  
12:07:06| --------------------------------------------------------------------------------
12:07:06| Sums: 0
12:07:06|  
12:07:06| --------------------------------------------------------------------------------
12:07:06| Names: 1
12:07:06| 2
12:07:06|  
12:07:06| Number of Primes tasks: 1
12:07:06| Number of Words tasks: 1
12:07:06| Number of Uppercase tasks: 0
12:07:06| Number of Sums tasks: 0
12:07:06| Number of Names tasks: 1
12:07:06| Total time to process 5 tasks = 1.48308810
