12:03:26| --------------------------------------------------------------------------------
12:03:26| Primes: 1
12:03:26| 4 is not prime
12:03:26|  
12:03:26| --------------------------------------------------------------------------------
12:03:26| Words: 1
12:03:26| 3 not found
12:03:26|  
12:03:26| --------------------------------------------------------------------------------
12:03:26| Uppercase: 0
12:03:26|  
12:03:26| --------------------------------------------------------------------------------
12:03:26| Sums: 0
12:03:26|  
12:03:26| --------------------------------------------------------------------------------
12:03:27| Names: 1
12:03:27| 2
12:03:27|  
12:03:27| Number of Primes tasks: 1
12:03:27| Number of Words tasks: 1
12:03:27| Number of Uppercase tasks: 0
12:03:27| Number of Sums tasks: 0
12:03:27| Number of Names tasks: 1
12:03:27| Total time to process 5 tasks = 1.60159210
