11:47:56| --------------------------------------------------------------------------------
11:47:56| Primes: 1000
11:47:56| True
11:47:56| True
11:47:56| True
11:47:56| False
11:47:56| True
11:47:56| False
11:47:56| True
11:47:56| False
11:47:56| False
11:47:56| True
11:47:56| False
11:47:56| True
11:47:56| False
11:47:56| True
11:47:56| True
11:47:56| True
11:47:56| False
11:47:56| False
11:47:56| True
11:47:56| True
11:47:56| False
11:47:56| True
11:47:56| False
11:47:56| False
11:47:56| True
11:47:56| False
11:47:56| False
11:47:56| True
11:47:56| False
11:47:56| True
11:47:56| False
11:47:56| True
11:47:56| False
11:47:56| False
11:47:56| True
11:47:56| True
11:47:56| True
11:47:56| False
11:47:56| False
11:47:56| True
11:47:56| False
11:47:56| False
11:47:56| True
11:47:56| False
11:47:56| True
11:47:56| False
11:47:56| True
11:47:56| False
11:47:56| False
11:47:56| False
11:47:56| True
11:47:56| False
11:47:56| True
11:47:56| True
11:47:56| True
11:47:56| True
11:47:56| True
11:47:56| True
11:47:56| True
11:47:56| False
11:47:56| True
11:47:56| True
11:47:56| False
11:47:56| False
11:47:56| False
11:47:56| True
11:47:56| True
11:47:56| False
11:47:56| True
11:47:56| True
11:47:56| False
11:47:56| True
11:47:56| False
11:47:56| True
11:47:56| False
11:47:56| True
11:47:56| False
11:47:56| True
11:47:56| False
11:47:56| True
11:47:56| True
11:47:56| True
11:47:56| True
11:47:56| False
11:47:56| True
11:47:56| True
11:47:56| True
11:47:56| True
11:47:56| False
11:47:56| True
11:47:56| False
11:47:56| False
11:47:56| False
11:47:56| True
11:47:56| False
11:47:56| True
11:47:56| False
11:47:56| False
11:47:56| True
11:47:56| False
11:47:56| True
11:47:56| True
11:47:56| False
11:47:56| False
11:47:56| True
11:47:56| False
11:47:56| True
11:47:56| True
11:47:56| True
11:47:56| True
11:47:56| False
11:47:56| False
11:47:56| True
11:47:56| False
11:47:56| True
11:47:56| False
11:47:56| False
11:47:56| False
11:47:56| True
11:47:56| True
11:47:56| False
11:47:56| True
11:47:56| True
11:47:56| False
11:47:56| True
11:47:56| False
11:47:56| False
11:47:56| False
11:47:56| True
11:47:56| False
11:47:56| False
11:47:56| True
11:47:56| False
11:47:56| True
11:47:56| True
11:47:56| False
11:47:56| True
11:47:56| False
11:47:56| True
11:47:56| True
11:47:56| True
11:47:56| False
11:47:56| False
11:47:56| True
11:47:56| False
11:47:56| False
11:47:56| True
11:47:56| True
11:47:56| False
11:47:56| True
11:47:56| False
11:47:56| False
11:47:56| True
11:47:56| False
11:47:56| True
11:47:56| False
11:47:56| False
11:47:56| False
11:47:56| True
11:47:56| True
11:47:56| False
11:47:56| True
11:47:56| False
11:47:56| True
11:47:56| True
11:47:56| True
11:47:56| False
11:47:56| True
11:47:56| False
11:47:56| False
11:47:56| False
11:47:56| True
11:47:56| False
11:47:56| True
11:47:56| False
11:47:56| True
11:47:56| True
11:47:56| False
11:47:56| True
11:47:56| False
11:47:56| True
11:47:56| False
11:47:56| False
11:47:56| True
11:47:56| False
11:47:56| True
11:47:56| False
11:47:56| False
11:47:56| True
11:47:56| False
11:47:56| False
11:47:56| True
11:47:56| True
11:47:56| True
11:47:56| True
11:47:56| False
11:47:56| True
11:47:56| False
11:47:56| False
11:47:56| True
11:47:56| True
11:47:56| True
11:47:56| True
11:47:56| True
11:47:56| True
11:47:56| True
11:47:56| True
11:47:56| False
11:47:56| False
11:47:56| False
11:47:56| True
11:47:56| True
11:47:56| False
11:47:56| True
11:47:56| False
11:47:56| False
11:47:56| True
11:47:56| False
11:47:56| False
11:47:56| True
11:47:56| True
11:47:56| True
11:47:56| False
11:47:56| False
11:47:56| True
11:47:56| False
11:47:56| False
11:47:56| True
11:47:56| False
11:47:56| False
11:47:56| True
11:47:56| False
11:47:56| False
11:47:56| True
11:47:56| False
11:47:56| True
11:47:56| False
11:47:56| False
11:47:56| False
11:47:56| False
11:47:56| False
11:47:56| True
11:47:56| True
11:47:56| False
11:47:56| True
11:47:56| False
11:47:56| False
11:47:56| False
11:47:56| False
11:47:56| True
11:47:56| False
11:47:56| False
11:47:56| True
11:47:56| False
11:47:56| False
11:47:56| True
11:47:56| False
11:47:56| True
11:47:56| True
11:47:56| True
11:47:56| True
11:47:56| True
11:47:56| False
11:47:56| True
11:47:56| False
11:47:56| False
11:47:56| False
11:47:56| True
11:47:56| True
11:47:56| False
11:47:56| True
11:47:56| True
11:47:56| False
11:47:56| True
11:47:56| False
11:47:56| False
11:47:56| False
11:47:56| False
11:47:56| False
11:47:56| False
11:47:56| False
11:47:56| True
11:47:56| False
11:47:56| False
11:47:56| True
11:47:56| False
11:47:56| False
11:47:56| True
11:47:56| False
11:47:56| True
11:47:56| False
11:47:56| False
11:47:56| True
11:47:56| False
11:47:56| False
11:47:56| True
11:47:56| False
11:47:56| False
11:47:56| True
11:47:56| False
11:47:56| True
11:47:56| True
11:47:56| True
11:47:56| False
11:47:56| False
11:47:56| True
11:47:56| False
11:47:56| True
11:47:56| False
11:47:56| True
11:47:56| False
11:47:56| True
11:47:56| False
11:47:56| False
11:47:56| True
11:47:56| True
11:47:56| True
11:47:56| True
11:47:56| False
11:47:56| False
11:47:56| False
11:47:56| False
11:47:56| False
11:47:56| False
11:47:56| True
11:47:56| False
11:47:56| True
11:47:56| True
11:47:56| False
11:47:56| True
11:47:56| False
11:47:56| True
11:47:56| False
11:47:56| False
11:47:56| False
11:47:56| False
11:47:56| False
11:47:56| True
11:47:56| False
11:47:56| True
11:47:56| True
11:47:56| True
11:47:56| True
11:47:56| True
11:47:56| False
11:47:56| True
11:47:56| False
11:47:56| False
11:47:56| False
11:47:56| True
11:47:56| True
11:47:56| False
11:47:56| False
11:47:56| True
11:47:56| False
11:47:56| True
11:47:56| True
11:47:56| True
11:47:56| True
11:47:56| True
11:47:56| False
11:47:56| True
11:47:56| False
11:47:56| True
11:47:56| False
11:47:56| False
11:47:56| True
11:47:56| True
11:47:56| False
11:47:56| False
11:47:56| False
11:47:56| True
11:47:56| False
11:47:56| True
11:47:56| False
11:47:56| False
11:47:56| True
11:47:56| True
11:47:56| True
11:47:56| False
11:47:56| True
11:47:56| False
11:47:56| True
11:47:56| False
11:47:56| True
11:47:56| False
11:47:56| True
11:47:56| False
11:47:56| True
11:47:56| True
11:47:56| False
11:47:56| False
11:47:56| True
11:47:56| True
11:47:56| False
11:47:56| False
11:47:56| True
11:47:56| False
11:47:56| True
11:47:56| True
11:47:56| True
11:47:56| True
11:47:56| False
11:47:56| False
11:47:56| True
11:47:56| False
11:47:56| False
11:47:56| True
11:47:56| True
11:47:56| False
11:47:56| False
11:47:56| False
11:47:56| True
11:47:56| True
11:47:56| True
11:47:56| False
11:47:56| True
11:47:56| True
11:47:56| False
11:47:56| False
11:47:56| True
11:47:56| True
11:47:56| False
11:47:56| True
11:47:56| False
11:47:56| True
11:47:56| True
11:47:56| True
11:47:56| True
11:47:56| False
11:47:56| True
11:47:56| False
11:47:56| True
11:47:56| True
11:47:56| False
11:47:56| False
11:47:56| False
11:47:56| True
11:47:56| False
11:47:56| False
11:47:56| True
11:47:56| True
11:47:56| True
11:47:56| False
11:47:56| False
11:47:56| False
11:47:56| True
11:47:56| True
11:47:56| True
11:47:56| True
11:47:56| False
11:47:56| True
11:47:56| False
11:47:56| False
11:47:56| True
11:47:56| False
11:47:56| True
11:47:56| True
11:47:56| False
11:47:56| False
11:47:56| True
11:47:56| False
11:47:56| True
11:47:56| False
11:47:56| False
11:47:56| True
11:47:56| False
11:47:56| False
11:47:56| True
11:47:56| False
11:47:56| True
11:47:56| False
11:47:56| False
11:47:56| False
11:47:56| True
11:47:56| True
11:47:56| True
11:47:56| False
11:47:56| True
11:47:56| False
11:47:56| False
11:47:56| True
11:47:56| False
11:47:56| True
11:47:56| True
11:47:56| True
11:47:56| True
11:47:56| False
11:47:56| True
11:47:56| True
11:47:56| False
11:47:56| True
11:47:56| False
11:47:56| False
11:47:56| True
11:47:56| True
11:47:56| False
11:47:56| False
11:47:56| True
11:47:56| True
11:47:56| True
11:47:56| False
11:47:56| False
11:47:56| True
11:47:56| False
11:47:56| True
11:47:56| True
11:47:56| False
11:47:56| False
11:47:56| True
11:47:56| False
11:47:56| True
11:47:56| True
11:47:56| True
11:47:56| False
11:47:56| True
11:47:56| False
11:47:56| True
11:47:56| True
11:47:56| False
11:47:56| True
11:47:56| False
11:47:56| False
11:47:56| False
11:47:56| True
11:47:56| True
11:47:56| True
11:47:56| True
11:47:56| False
11:47:56| True
11:47:56| False
11:47:56| True
11:47:56| False
11:47:56| False
11:47:56| False
11:47:56| False
11:47:56| False
11:47:56| False
11:47:56| True
11:47:56| True
11:47:56| True
11:47:56| False
11:47:56| True
11:47:56| True
11:47:56| True
11:47:56| False
11:47:56| True
11:47:56| False
11:47:56| False
11:47:56| True
11:47:56| True
11:47:56| False
11:47:56| True
11:47:56| False
11:47:56| False
11:47:56| True
11:47:56| True
11:47:56| True
11:47:56| False
11:47:56| True
11:47:56| True
11:47:56| False
11:47:56| True
11:47:56| True
11:47:56| False
11:47:56| False
11:47:56| False
11:47:56| True
11:47:56| True
11:47:56| False
11:47:56| True
11:47:56| True
11:47:56| True
11:47:56| False
11:47:56| False
11:47:56| False
11:47:56| False
11:47:56| True
11:47:56| True
11:47:56| True
11:47:56| False
11:47:56| False
11:47:56| False
11:47:56| True
11:47:56| False
11:47:56| True
11:47:56| False
11:47:56| False
11:47:56| True
11:47:56| False
11:47:56| True
11:47:56| True
11:47:56| True
11:47:56| False
11:47:56| False
11:47:56| False
11:47:56| True
11:47:56| True
11:47:56| False
11:47:56| False
11:47:56| False
11:47:56| True
11:47:56| True
11:47:56| True
11:47:56| False
11:47:56| False
11:47:56| True
11:47:56| False
11:47:56| True
11:47:56| True
11:47:56| True
11:47:56| False
11:47:56| True
11:47:56| False
11:47:56| False
11:47:56| False
11:47:56| False
11:47:56| False
11:47:56| False
11:47:56| False
11:47:56| True
11:47:56| False
11:47:56| True
11:47:56| False
11:47:56| True
11:47:56| False
11:47:56| True
11:47:56| False
11:47:56| True
11:47:56| False
11:47:56| False
11:47:56| False
11:47:56| True
11:47:56| True
11:47:56| False
11:47:56| True
11:47:56| False
11:47:56| True
11:47:56| False
11:47:56| True
11:47:56| True
11:47:56| False
11:47:56| True
11:47:56| False
11:47:56| True
11:47:56| False
11:47:56| True
11:47:56| True
11:47:56| False
11:47:56| True
11:47:56| True
11:47:56| True
11:47:56| True
11:47:56| True
11:47:56| False
11:47:56| False
11:47:56| False
11:47:56| False
11:47:56| True
11:47:56| True
11:47:56| True
11:47:56| False
11:47:56| False
11:47:56| False
11:47:56| True
11:47:56| False
11:47:56| True
11:47:56| True
11:47:56| False
11:47:56| False
11:47:56| True
11:47:56| True
11:47:56| False
11:47:56| False
11:47:56| False
11:47:56| True
11:47:56| True
11:47:56| False
11:47:56| False
11:47:56| True
11:47:56| False
11:47:56| True
11:47:56| False
11:47:56| True
11:47:56| False
11:47:56| False
11:47:56| True
11:47:56| False
11:47:56| False
11:47:56| False
11:47:56| True
11:47:56| True
11:47:56| False
11:47:56| True
11:47:56| True
11:47:56| False
11:47:56| True
11:47:56| True
11:47:56| False
11:47:56| True
11:47:56| False
11:47:56| True
11:47:56| True
11:47:56| False
11:47:56| False
11:47:56| True
11:47:56| False
11:47:56| True
11:47:56| False
11:47:56| True
11:47:56| True
11:47:56| True
11:47:56| True
11:47:56| True
11:47:56| False
11:47:56| False
11:47:56| False
11:47:56| False
11:47:56| False
11:47:56| True
11:47:56| False
11:47:56| True
11:47:56| False
11:47:56| False
11:47:56| False
11:47:56| True
11:47:56| False
11:47:56| True
11:47:56| False
11:47:56| False
11:47:56| False
11:47:56| True
11:47:56| True
11:47:56| False
11:47:56| False
11:47:56| True
11:47:56| True
11:47:56| True
11:47:56| True
11:47:56| True
11:47:56| False
11:47:56| True
11:47:56| False
11:47:56| False
11:47:56| False
11:47:56| True
11:47:56| True
11:47:56| True
11:47:56| False
11:47:56| False
11:47:56| True
11:47:56| True
11:47:56| False
11:47:56| False
11:47:56| True
11:47:56| True
11:47:56| True
11:47:56| True
11:47:56| False
11:47:56| True
11:47:56| True
11:47:56| False
11:47:56| True
11:47:56| False
11:47:56| False
11:47:56| True
11:47:56| False
11:47:56| False
11:47:56| True
11:47:56| True
11:47:56| True
11:47:56| True
11:47:56| True
11:47:56| False
11:47:56| False
11:47:56| True
11:47:56| True
11:47:56| False
11:47:56| True
11:47:56| False
11:47:56| True
11:47:56| True
11:47:56| True
11:47:56| False
11:47:56| True
11:47:56| True
11:47:56| False
11:47:56| True
11:47:56| True
11:47:56| False
11:47:56| False
11:47:56| True
11:47:56| True
11:47:56| True
11:47:56| False
11:47:56| False
11:47:56| False
11:47:56| True
11:47:56| False
11:47:56| True
11:47:56| True
11:47:56| True
11:47:56| False
11:47:56| True
11:47:56| False
11:47:56| True
11:47:56| False
11:47:56| True
11:47:56| True
11:47:56| True
11:47:56| True
11:47:56| True
11:47:56| False
11:47:56| False
11:47:56| True
11:47:56| False
11:47:56| False
11:47:56| True
11:47:56| True
11:47:56| True
11:47:56| True
11:47:56| False
11:47:56| False
11:47:56| True
11:47:56| False
11:47:56| True
11:47:56| True
11:47:56| True
11:47:56| True
11:47:56| True
11:47:56| False
11:47:56| True
11:47:56| False
11:47:56| False
11:47:56| False
11:47:56| True
11:47:56| True
11:47:56| True
11:47:56| False
11:47:56| True
11:47:56| False
11:47:56| True
11:47:56| False
11:47:56| True
11:47:56| True
11:47:56| True
11:47:56| False
11:47:56| True
11:47:56| True
11:47:56| True
11:47:56| True
11:47:56| True
11:47:56| True
11:47:56| False
11:47:56| False
11:47:56| True
11:47:56| False
11:47:56| False
11:47:56| False
11:47:56| False
11:47:56| True
11:47:56| True
11:47:56| True
11:47:56| False
11:47:56| True
11:47:56| True
11:47:56| True
11:47:56| False
11:47:56| True
11:47:56| True
11:47:56| True
11:47:56| True
11:47:56| False
11:47:56| False
11:47:56| False
11:47:56| True
11:47:56| False
11:47:56| False
11:47:56| True
11:47:56| False
11:47:56| False
11:47:56| False
11:47:56| False
11:47:56| True
11:47:56| True
11:47:56| False
11:47:56| True
11:47:56| False
11:47:56| True
11:47:56| True
11:47:56| True
11:47:56| True
11:47:56| True
11:47:56| False
11:47:56| False
11:47:56| True
11:47:56| True
11:47:56| False
11:47:56| False
11:47:56| True
11:47:56| True
11:47:56| True
11:47:56| False
11:47:56| True
11:47:56| True
11:47:56| False
11:47:56| True
11:47:56| False
11:47:56| True
11:47:56| False
11:47:56| True
11:47:56| True
11:47:56| True
11:47:56| True
11:47:56| False
11:47:56| False
11:47:56| True
11:47:56| False
11:47:56| True
11:47:56| False
11:47:56| True
11:47:56| True
11:47:56| False
11:47:56| False
11:47:56| True
11:47:56| False
11:47:56| False
11:47:56| True
11:47:56| False
11:47:56| False
11:47:56| True
11:47:56| False
11:47:56| True
11:47:56| True
11:47:56| False
11:47:56| True
11:47:56| False
11:47:56| True
11:47:56| False
11:47:56| True
11:47:56| False
11:47:56| True
11:47:56| True
11:47:56| True
11:47:56| True
11:47:56| True
11:47:56| False
11:47:56| False
11:47:56| False
11:47:56| True
11:47:56| False
11:47:56| True
11:47:56| True
11:47:56| False
11:47:56| True
11:47:56| False
11:47:56| True
11:47:56| True
11:47:56| False
11:47:56| True
11:47:56| True
11:47:56| False
11:47:56| False
11:47:56| True
11:47:56| False
11:47:56| False
11:47:56| True
11:47:56| False
11:47:56| False
11:47:56| False
11:47:56| True
11:47:56| False
11:47:56| True
11:47:56| False
11:47:56| True
11:47:56| False
11:47:56| False
11:47:56| False
11:47:56| True
11:47:56| True
11:47:56| False
11:47:56| True
11:47:56| False
11:47:56| False
11:47:56| True
11:47:56| False
11:47:56| False
11:47:56| False
11:47:56| True
11:47:56| True
11:47:56| True
11:47:56| True
11:47:56| True
11:47:56| True
11:47:56| True
11:47:56| False
11:47:56| True
11:47:56| False
11:47:56| True
11:47:56| False
11:47:56|  
11:47:56| --------------------------------------------------------------------------------
11:47:56| Words: 1000
11:47:56| False
11:47:56| False
11:47:56| False
11:47:56| False
11:47:56| False
11:47:56| False
11:47:56| False
11:47:56| False
11:47:56| False
11:47:56| False
11:47:56| False
11:47:56| False
11:47:56| False
11:47:56| False
11:47:56| False
11:47:56| False
11:47:56| False
11:47:56| False
11:47:56| False
11:47:56| False
11:47:56| False
11:47:56| False
11:47:56| False
11:47:56| False
11:47:56| False
11:47:56| False
11:47:56| False
11:47:56| False
11:47:56| False
11:47:56| False
11:47:56| False
11:47:56| False
11:47:56| False
11:47:56| False
11:47:56| False
11:47:56| False
11:47:56| False
11:47:56| False
11:47:56| False
11:47:56| False
11:47:56| False
11:47:56| False
11:47:56| False
11:47:56| False
11:47:56| False
11:47:56| False
11:47:56| False
11:47:56| False
11:47:56| False
11:47:56| False
11:47:56| False
11:47:56| False
11:47:56| False
11:47:56| False
11:47:56| False
11:47:56| False
11:47:56| False
11:47:56| False
11:47:56| False
11:47:56| False
11:47:56| False
11:47:56| False
11:47:56| False
11:47:56| False
11:47:56| False
11:47:56| False
11:47:56| False
11:47:56| False
11:47:56| False
11:47:56| False
11:47:56| False
11:47:56| False
11:47:56| False
11:47:56| False
11:47:56| False
11:47:56| False
11:47:56| False
11:47:56| False
11:47:56| False
11:47:56| False
11:47:56| False
11:47:56| False
11:47:56| False
11:47:56| False
11:47:56| False
11:47:56| False
11:47:56| False
11:47:56| False
11:47:56| False
11:47:56| False
11:47:56| False
11:47:56| False
11:47:56| False
11:47:56| False
11:47:56| False
11:47:56| False
11:47:56| False
11:47:56| False
11:47:56| False
11:47:56| False
11:47:56| False
11:47:56| False
11:47:56| False
11:47:56| False
11:47:56| False
11:47:56| False
11:47:56| False
11:47:56| False
11:47:56| False
11:47:56| False
11:47:56| False
11:47:56| False
11:47:56| False
11:47:56| False
11:47:56| False
11:47:56| False
11:47:56| False
11:47:56| False
11:47:56| False
11:47:56| False
11:47:56| False
11:47:56| False
11:47:56| False
11:47:56| False
11:47:56| False
11:47:56| False
11:47:56| False
11:47:56| False
11:47:56| False
11:47:56| False
11:47:56| False
11:47:56| False
11:47:56| False
11:47:56| False
11:47:56| False
11:47:56| False
11:47:56| False
11:47:56| False
11:47:56| False
11:47:56| False
11:47:56| False
11:47:56| False
11:47:56| False
11:47:56| False
11:47:56| False
11:47:56| False
11:47:56| False
11:47:56| False
11:47:56| False
11:47:56| False
11:47:56| False
11:47:56| False
11:47:56| False
11:47:56| False
11:47:56| False
11:47:56| False
11:47:56| False
11:47:56| False
11:47:56| False
11:47:56| False
11:47:56| False
11:47:56| False
11:47:56| False
11:47:56| False
11:47:56| False
11:47:56| False
11:47:56| False
11:47:56| False
11:47:56| False
11:47:56| False
11:47:56| False
11:47:56| False
11:47:56| False
11:47:56| False
11:47:56| False
11:47:56| False
11:47:56| False
11:47:56| False
11:47:56| False
11:47:56| False
11:47:56| False
11:47:56| False
11:47:56| False
11:47:56| False
11:47:56| False
11:47:56| False
11:47:56| False
11:47:56| False
11:47:56| False
11:47:56| False
11:47:56| False
11:47:56| False
11:47:56| False
11:47:56| False
11:47:56| False
11:47:56| False
11:47:56| False
11:47:56| False
11:47:56| False
11:47:56| False
11:47:56| False
11:47:56| False
11:47:56| False
11:47:56| False
11:47:56| False
11:47:56| False
11:47:56| False
11:47:56| False
11:47:56| False
11:47:56| False
11:47:56| False
11:47:56| False
11:47:56| False
11:47:56| False
11:47:56| False
11:47:56| False
11:47:56| False
11:47:56| False
11:47:56| False
11:47:56| False
11:47:56| False
11:47:56| False
11:47:56| False
11:47:56| False
11:47:56| False
11:47:56| False
11:47:56| False
11:47:56| False
11:47:56| False
11:47:56| False
11:47:56| False
11:47:56| False
11:47:56| False
11:47:56| False
11:47:56| False
11:47:56| False
11:47:56| False
11:47:56| False
11:47:56| False
11:47:56| False
11:47:56| False
11:47:56| False
11:47:56| False
11:47:56| False
11:47:56| False
11:47:56| False
11:47:56| False
11:47:56| False
11:47:56| False
11:47:56| False
11:47:56| False
11:47:56| False
11:47:56| False
11:47:56| False
11:47:56| False
11:47:56| False
11:47:56| False
11:47:56| False
11:47:56| False
11:47:56| False
11:47:56| False
11:47:56| False
11:47:56| False
11:47:56| False
11:47:56| False
11:47:56| False
11:47:56| False
11:47:56| False
11:47:56| False
11:47:56| False
11:47:56| False
11:47:56| False
11:47:56| False
11:47:56| False
11:47:56| False
11:47:56| False
11:47:56| False
11:47:56| False
11:47:56| False
11:47:56| False
11:47:56| False
11:47:56| False
11:47:56| False
11:47:56| False
11:47:56| False
11:47:56| False
11:47:56| False
11:47:56| False
11:47:56| False
11:47:56| False
11:47:56| False
11:47:56| False
11:47:56| False
11:47:56| False
11:47:56| False
11:47:56| False
11:47:56| False
11:47:56| False
11:47:56| False
11:47:56| False
11:47:56| False
11:47:56| False
11:47:56| False
11:47:56| False
11:47:56| False
11:47:56| False
11:47:56| False
11:47:56| False
11:47:56| False
11:47:56| False
11:47:56| False
11:47:56| False
11:47:56| False
11:47:56| False
11:47:56| False
11:47:56| False
11:47:56| False
11:47:56| False
11:47:56| False
11:47:56| False
11:47:56| False
11:47:56| False
11:47:56| False
11:47:56| False
11:47:56| False
11:47:56| False
11:47:56| False
11:47:56| False
11:47:56| False
11:47:56| False
11:47:56| False
11:47:56| False
11:47:56| False
11:47:56| False
11:47:56| False
11:47:56| False
11:47:56| False
11:47:56| False
11:47:56| False
11:47:56| False
11:47:56| False
11:47:56| False
11:47:56| False
11:47:56| False
11:47:56| False
11:47:56| False
11:47:56| False
11:47:56| False
11:47:56| False
11:47:56| False
11:47:56| False
11:47:56| False
11:47:56| False
11:47:56| False
11:47:56| False
11:47:56| False
11:47:56| False
11:47:56| False
11:47:56| False
11:47:56| False
11:47:56| False
11:47:56| False
11:47:56| False
11:47:56| False
11:47:56| False
11:47:56| False
11:47:56| False
11:47:56| False
11:47:56| False
11:47:56| False
11:47:56| False
11:47:56| False
11:47:56| False
11:47:56| False
11:47:56| False
11:47:56| False
11:47:56| False
11:47:56| False
11:47:56| False
11:47:56| False
11:47:56| False
11:47:56| False
11:47:56| False
11:47:56| False
11:47:56| False
11:47:56| False
11:47:56| False
11:47:56| False
11:47:56| False
11:47:56| False
11:47:56| False
11:47:56| False
11:47:56| False
11:47:56| False
11:47:56| False
11:47:56| False
11:47:56| False
11:47:56| False
11:47:56| False
11:47:56| False
11:47:56| False
11:47:56| False
11:47:56| False
11:47:56| False
11:47:56| False
11:47:56| False
11:47:56| False
11:47:56| False
11:47:56| False
11:47:56| False
11:47:56| False
11:47:56| False
11:47:56| False
11:47:56| False
11:47:56| False
11:47:56| False
11:47:56| False
11:47:56| False
11:47:56| False
11:47:56| False
11:47:56| False
11:47:56| False
11:47:56| False
11:47:56| False
11:47:56| False
11:47:56| False
11:47:56| False
11:47:56| False
11:47:56| False
11:47:56| False
11:47:56| False
11:47:56| False
11:47:56| False
11:47:56| False
11:47:56| False
11:47:56| False
11:47:56| False
11:47:56| False
11:47:56| False
11:47:56| False
11:47:56| False
11:47:56| False
11:47:56| False
11:47:56| False
11:47:56| False
11:47:56| False
11:47:56| False
11:47:56| False
11:47:56| False
11:47:56| False
11:47:56| False
11:47:56| False
11:47:56| False
11:47:56| False
11:47:56| False
11:47:56| False
11:47:56| False
11:47:56| False
11:47:56| False
11:47:56| False
11:47:56| False
11:47:56| False
11:47:56| False
11:47:56| False
11:47:56| False
11:47:56| False
11:47:56| False
11:47:56| False
11:47:56| False
11:47:56| False
11:47:56| False
11:47:56| False
11:47:56| False
11:47:56| False
11:47:56| False
11:47:56| False
11:47:56| False
11:47:56| False
11:47:56| False
11:47:56| False
11:47:56| False
11:47:56| False
11:47:56| False
11:47:56| False
11:47:56| False
11:47:56| False
11:47:56| False
11:47:56| False
11:47:56| False
11:47:56| False
11:47:56| False
11:47:56| False
11:47:56| False
11:47:56| False
11:47:56| False
11:47:56| False
11:47:56| False
11:47:56| False
11:47:56| False
11:47:56| False
11:47:56| False
11:47:56| False
11:47:56| False
11:47:56| False
11:47:56| False
11:47:56| False
11:47:56| False
11:47:56| False
11:47:56| False
11:47:56| False
11:47:56| False
11:47:56| False
11:47:56| False
11:47:56| False
11:47:56| False
11:47:56| False
11:47:56| False
11:47:56| False
11:47:56| False
11:47:56| False
11:47:56| False
11:47:56| False
11:47:56| False
11:47:56| False
11:47:56| False
11:47:56| False
11:47:56| False
11:47:56| False
11:47:56| False
11:47:56| False
11:47:56| False
11:47:56| False
11:47:56| False
11:47:56| False
11:47:56| False
11:47:56| False
11:47:56| False
11:47:56| False
11:47:56| False
11:47:56| False
11:47:56| False
11:47:56| False
11:47:56| False
11:47:56| False
11:47:56| False
11:47:56| False
11:47:56| False
11:47:56| False
11:47:56| False
11:47:56| False
11:47:56| False
11:47:56| False
11:47:56| False
11:47:56| False
11:47:56| False
11:47:56| False
11:47:56| False
11:47:56| False
11:47:56| False
11:47:56| False
11:47:56| False
11:47:56| False
11:47:56| False
11:47:56| False
11:47:56| False
11:47:56| False
11:47:56| False
11:47:56| False
11:47:56| False
11:47:56| False
11:47:56| False
11:47:56| False
11:47:56| False
11:47:56| False
11:47:56| False
11:47:56| False
11:47:56| False
11:47:56| False
11:47:56| False
11:47:56| False
11:47:56| False
11:47:56| False
11:47:56| False
11:47:56| False
11:47:56| False
11:47:56| False
11:47:56| False
11:47:56| False
11:47:56| False
11:47:56| False
11:47:56| False
11:47:56| False
11:47:56| False
11:47:56| False
11:47:56| False
11:47:56| False
11:47:56| False
11:47:56| False
11:47:56| False
11:47:56| False
11:47:56| False
11:47:56| False
11:47:56| False
11:47:56| False
11:47:56| False
11:47:56| False
11:47:56| False
11:47:56| False
11:47:56| False
11:47:56| False
11:47:56| False
11:47:56| False
11:47:56| False
11:47:56| False
11:47:56| False
11:47:56| False
11:47:56| False
11:47:56| False
11:47:56| False
11:47:56| False
11:47:56| False
11:47:56| False
11:47:56| False
11:47:56| False
11:47:56| False
11:47:56| False
11:47:56| False
11:47:56| False
11:47:56| False
11:47:56| False
11:47:56| False
11:47:56| False
11:47:56| False
11:47:56| False
11:47:56| False
11:47:56| False
11:47:56| False
11:47:56| False
11:47:56| False
11:47:56| False
11:47:56| False
11:47:56| False
11:47:56| False
11:47:56| False
11:47:56| False
11:47:56| False
11:47:56| False
11:47:56| False
11:47:56| False
11:47:56| False
11:47:56| False
11:47:56| False
11:47:56| False
11:47:56| False
11:47:56| False
11:47:56| False
11:47:56| False
11:47:56| False
11:47:56| False
11:47:56| False
11:47:56| False
11:47:56| False
11:47:56| False
11:47:56| False
11:47:56| False
11:47:56| False
11:47:56| False
11:47:56| False
11:47:56| False
11:47:56| False
11:47:56| False
11:47:56| False
11:47:56| False
11:47:56| False
11:47:56| False
11:47:56| False
11:47:56| False
11:47:56| False
11:47:56| False
11:47:56| False
11:47:56| False
11:47:56| False
11:47:56| False
11:47:56| False
11:47:56| False
11:47:56| False
11:47:56| False
11:47:56| False
11:47:56| False
11:47:56| False
11:47:56| False
11:47:56| False
11:47:56| False
11:47:56| False
11:47:56| False
11:47:56| False
11:47:56| False
11:47:56| False
11:47:56| False
11:47:56| False
11:47:56| False
11:47:56| False
11:47:56| False
11:47:56| False
11:47:56| False
11:47:56| False
11:47:56| False
11:47:56| False
11:47:56| False
11:47:56| False
11:47:56| False
11:47:56| False
11:47:56| False
11:47:56| False
11:47:56| False
11:47:56| False
11:47:56| False
11:47:56| False
11:47:56| False
11:47:56| False
11:47:56| False
11:47:56| False
11:47:56| False
11:47:56| False
11:47:56| False
11:47:56| False
11:47:56| False
11:47:56| False
11:47:56| False
11:47:56| False
11:47:56| False
11:47:56| False
11:47:56| False
11:47:56| False
11:47:56| False
11:47:56| False
11:47:56| False
11:47:56| False
11:47:56| False
11:47:56| False
11:47:56| False
11:47:56| False
11:47:56| False
11:47:56| False
11:47:56| False
11:47:56| False
11:47:56| False
11:47:56| False
11:47:56| False
11:47:56| False
11:47:56| False
11:47:56| False
11:47:56| False
11:47:56| False
11:47:56| False
11:47:56| False
11:47:56| False
11:47:56| False
11:47:56| False
11:47:56| False
11:47:56| False
11:47:56| False
11:47:56| False
11:47:56| False
11:47:56| False
11:47:56| False
11:47:56| False
11:47:56| False
11:47:56| False
11:47:56| False
11:47:56| False
11:47:56| False
11:47:56| False
11:47:56| False
11:47:56| False
11:47:56| False
11:47:56| False
11:47:56| False
11:47:56| False
11:47:56| False
11:47:56| False
11:47:56| False
11:47:56| False
11:47:56| False
11:47:56| False
11:47:56| False
11:47:56| False
11:47:56| False
11:47:56| False
11:47:56| False
11:47:56| False
11:47:56| False
11:47:56| False
11:47:56| False
11:47:56| False
11:47:56| False
11:47:56| False
11:47:56| False
11:47:56| False
11:47:56| False
11:47:56| False
11:47:56| False
11:47:56| False
11:47:56| False
11:47:56| False
11:47:56| False
11:47:56| False
11:47:56| False
11:47:56| False
11:47:56| False
11:47:56| False
11:47:56| False
11:47:56| False
11:47:56| False
11:47:56| False
11:47:56| False
11:47:56| False
11:47:56| False
11:47:56| False
11:47:56| False
11:47:56| False
11:47:56| False
11:47:56| False
11:47:56| False
11:47:56| False
11:47:56| False
11:47:56| False
11:47:56| False
11:47:56| False
11:47:56| False
11:47:56| False
11:47:56| False
11:47:56| False
11:47:56| False
11:47:56| False
11:47:56| False
11:47:56| False
11:47:56| False
11:47:56| False
11:47:56| False
11:47:56| False
11:47:56| False
11:47:56| False
11:47:56| False
11:47:56| False
11:47:56| False
11:47:56| False
11:47:56| False
11:47:56| False
11:47:56| False
11:47:56| False
11:47:56| False
11:47:56| False
11:47:56| False
11:47:56| False
11:47:56| False
11:47:56| False
11:47:56| False
11:47:56| False
11:47:56| False
11:47:56| False
11:47:56| False
11:47:56| False
11:47:56| False
11:47:56| False
11:47:56| False
11:47:56| False
11:47:56| False
11:47:56| False
11:47:56| False
11:47:56| False
11:47:56| False
11:47:56| False
11:47:56| False
11:47:56| False
11:47:56| False
11:47:56| False
11:47:56| False
11:47:56| False
11:47:56| False
11:47:56| False
11:47:56| False
11:47:56| False
11:47:56| False
11:47:56| False
11:47:56| False
11:47:56| False
11:47:56| False
11:47:56| False
11:47:56| False
11:47:56| False
11:47:56| False
11:47:56| False
11:47:56| False
11:47:56| False
11:47:56| False
11:47:56| False
11:47:56| False
11:47:56| False
11:47:56| False
11:47:56| False
11:47:56| False
11:47:56| False
11:47:56| False
11:47:56| False
11:47:56| False
11:47:56| False
11:47:56| False
11:47:56| False
11:47:56| False
11:47:56| False
11:47:56| False
11:47:56| False
11:47:56| False
11:47:56| False
11:47:56| False
11:47:56| False
11:47:56| False
11:47:56| False
11:47:56| False
11:47:56| False
11:47:56| False
11:47:56| False
11:47:56| False
11:47:56| False
11:47:56| False
11:47:56| False
11:47:56| False
11:47:56| False
11:47:56| False
11:47:56| False
11:47:56| False
11:47:56| False
11:47:56| False
11:47:56| False
11:47:56| False
11:47:56| False
11:47:56| False
11:47:56| False
11:47:56| False
11:47:56| False
11:47:56| False
11:47:56| False
11:47:56| False
11:47:56| False
11:47:56| False
11:47:56| False
11:47:56| False
11:47:56| False
11:47:56| False
11:47:56| False
11:47:56| False
11:47:56| False
11:47:56| False
11:47:56| False
11:47:56| False
11:47:56| False
11:47:56| False
11:47:56| False
11:47:56| False
11:47:56| False
11:47:56| False
11:47:56| False
11:47:56| False
11:47:56| False
11:47:56| False
11:47:56| False
11:47:56| False
11:47:56| False
11:47:56| False
11:47:56| False
11:47:56| False
11:47:56| False
11:47:56| False
11:47:56| False
11:47:56| False
11:47:56| False
11:47:56| False
11:47:56| False
11:47:56| False
11:47:56| False
11:47:56| False
11:47:56| False
11:47:56| False
11:47:56| False
11:47:56| False
11:47:56| False
11:47:56| False
11:47:56| False
11:47:56| False
11:47:56| False
11:47:56| False
11:47:56| False
11:47:56| False
11:47:56| False
11:47:56| False
11:47:56| False
11:47:56| False
11:47:56| False
11:47:56| False
11:47:56|  
11:47:56| --------------------------------------------------------------------------------
11:47:56| Uppercase: 0
11:47:56|  
11:47:56| --------------------------------------------------------------------------------
11:47:56| Sums: 0
11:47:56|  
11:47:56| --------------------------------------------------------------------------------
11:47:56| Names: 34
11:47:56| 392
11:47:56| 504
11:47:56| 571
11:47:56| 579
11:47:56| 581
11:47:56| 650
11:47:56| 684
11:47:56| 795
11:47:56| 1136
11:47:56| 1509
11:47:56| 1780
11:47:56| 1975
11:47:56| 2001
11:47:56| 2064
11:47:56| 2142
11:47:56| 2148
11:47:56| 2150
11:47:56| 2320
11:47:56| 2341
11:47:56| 2391
11:47:56| 2407
11:47:56| 2700
11:47:56| 2969
11:47:56| 3180
11:47:56| 3333
11:47:56| 3565
11:47:56| 3600
11:47:56| 3625
11:47:56| 3737
11:47:56| 3808
11:47:56| 3902
11:47:56| 3964
11:47:56| 3976
11:47:56| 4006
11:47:56|  
11:47:56| Number of Primes tasks: 1000
11:47:56| Number of Words tasks: 1000
11:47:56| Number of Uppercase tasks: 0
11:47:56| Number of Sums tasks: 0
11:47:56| Number of Names tasks: 34
11:47:56| Total time to process 4034 tasks = 15.17921020
