12:15:15| --------------------------------------------------------------------------------
12:15:15| Primes: 1
12:15:15| 4 is not prime
12:15:15|  
12:15:15| --------------------------------------------------------------------------------
12:15:15| Words: 1
12:15:15| 3 not found
12:15:15|  
12:15:15| --------------------------------------------------------------------------------
12:15:15| Uppercase: 0
12:15:15|  
12:15:15| --------------------------------------------------------------------------------
12:15:15| Sums: 0
12:15:15|  
12:15:15| --------------------------------------------------------------------------------
12:15:15| Names: 1
12:15:15| 2
12:15:15|  
12:15:15| Number of Primes tasks: 1
12:15:15| Number of Words tasks: 1
12:15:15| Number of Uppercase tasks: 0
12:15:15| Number of Sums tasks: 0
12:15:15| Number of Names tasks: 1
12:15:15| Total time to process 5 tasks = 1.60677330
