11:13:38| --------------------------------------------------------------------------------
11:13:38| Primes: 1
11:13:38| 9638760730083 is prime
11:13:38|  
11:13:38| --------------------------------------------------------------------------------
11:13:38| Words: 1
11:13:38| philobiblical
 not found
11:13:38|  
11:13:38| --------------------------------------------------------------------------------
11:13:38| Uppercase: 0
11:13:38|  
11:13:38| --------------------------------------------------------------------------------
11:13:38| Sums: 0
11:13:38|  
11:13:38| --------------------------------------------------------------------------------
11:13:38| Names: 1
11:13:38| 2
11:13:38|  
11:13:38| Number of Primes tasks: 1
11:13:38| Number of Words tasks: 1
11:13:38| Number of Uppercase tasks: 0
11:13:38| Number of Sums tasks: 0
11:13:38| Number of Names tasks: 1
11:13:38| Total time to process 5 tasks = 2.09026140
