10:30:31| --------------------------------------------------------------------------------
10:30:31| Primes: 1
10:30:31| 4 is not prime
10:30:31|  
10:30:31| --------------------------------------------------------------------------------
10:30:31| Words: 1
10:30:31| 3 not found
10:30:31|  
10:30:31| --------------------------------------------------------------------------------
10:30:31| Uppercase: 0
10:30:31|  
10:30:31| --------------------------------------------------------------------------------
10:30:31| Sums: 0
10:30:31|  
10:30:31| --------------------------------------------------------------------------------
10:30:31| Names: 1
10:30:31| 2
10:30:31|  
10:30:31| Number of Primes tasks: 1
10:30:31| Number of Words tasks: 1
10:30:31| Number of Uppercase tasks: 0
10:30:31| Number of Sums tasks: 0
10:30:31| Number of Names tasks: 1
10:30:31| Total time to process 5 tasks = 2.14524030
