11:18:01| --------------------------------------------------------------------------------
11:18:01| Primes: 1
11:18:01| 9638760730083 is prime
11:18:01|  
11:18:01| --------------------------------------------------------------------------------
11:18:01| Words: 2
11:18:01| amusement not found
11:18:01| ["['amusement not found'] not found"]
11:18:01|  
11:18:01| --------------------------------------------------------------------------------
11:18:01| Uppercase: 1
11:18:01| INJECT ==> uppercase version of inject
11:18:02|  
11:18:02| --------------------------------------------------------------------------------
11:18:02| Sums: 1
11:18:02| 424 to 694,818 = 695,241
11:18:02|  
11:18:02| --------------------------------------------------------------------------------
11:18:02| Names: 1
11:18:02| []
11:18:02|  
11:18:02| Number of Primes tasks: 1
11:18:02| Number of Words tasks: 2
11:18:02| Number of Uppercase tasks: 1
11:18:02| Number of Sums tasks: 1
11:18:02| Number of Names tasks: 1
11:18:02| Total time to process 5 tasks = 2.13501030
