11:01:07| --------------------------------------------------------------------------------
11:01:07| Primes: 0
11:01:07|  
11:01:07| --------------------------------------------------------------------------------
11:01:07| Words: 1
11:01:07| philobiblical
 not found
11:01:07|  
11:01:07| --------------------------------------------------------------------------------
11:01:07| Uppercase: 0
11:01:07|  
11:01:07| --------------------------------------------------------------------------------
11:01:07| Sums: 0
11:01:07|  
11:01:07| --------------------------------------------------------------------------------
11:01:07| Names: 1
11:01:07| 2
11:01:07|  
11:01:07| Number of Primes tasks: 0
11:01:07| Number of Words tasks: 1
11:01:07| Number of Uppercase tasks: 0
11:01:07| Number of Sums tasks: 0
11:01:07| Number of Names tasks: 1
11:01:07| Total time to process 5 tasks = 2.10645150
