11:06:08| --------------------------------------------------------------------------------
11:06:08| Primes: 1
11:06:08| ['[] is not prime']
11:06:08|  
11:06:08| --------------------------------------------------------------------------------
11:06:08| Words: 1
11:06:08| philobiblical
 not found
11:06:08|  
11:06:08| --------------------------------------------------------------------------------
11:06:08| Uppercase: 0
11:06:08|  
11:06:08| --------------------------------------------------------------------------------
11:06:08| Sums: 0
11:06:08|  
11:06:08| --------------------------------------------------------------------------------
11:06:08| Names: 1
11:06:08| 2
11:06:08|  
11:06:08| Number of Primes tasks: 1
11:06:08| Number of Words tasks: 1
11:06:08| Number of Uppercase tasks: 0
11:06:08| Number of Sums tasks: 0
11:06:08| Number of Names tasks: 1
11:06:08| Total time to process 5 tasks = 2.16991370
