11:17:23| --------------------------------------------------------------------------------
11:17:23| Primes: 1
11:17:23| 9638760730083 is prime
11:17:23|  
11:17:23| --------------------------------------------------------------------------------
11:17:23| Words: 2
11:17:23| philobiblical
 not found
11:17:23| ['philobiblical\n not found']
11:17:23|  
11:17:23| --------------------------------------------------------------------------------
11:17:23| Uppercase: 1
11:17:23| INJECT ==> uppercase version of inject
11:17:23|  
11:17:23| --------------------------------------------------------------------------------
11:17:23| Sums: 1
11:17:23| 424 to 694,818 = 695,241
11:17:23|  
11:17:23| --------------------------------------------------------------------------------
11:17:23| Names: 1
11:17:23| []
11:17:23|  
11:17:23| Number of Primes tasks: 1
11:17:23| Number of Words tasks: 2
11:17:23| Number of Uppercase tasks: 1
11:17:23| Number of Sums tasks: 1
11:17:23| Number of Names tasks: 1
11:17:23| Total time to process 5 tasks = 2.18042410
