10:29:17| --------------------------------------------------------------------------------
10:29:17| Primes: 1
10:29:17| 4 is not prime
10:29:17|  
10:29:17| --------------------------------------------------------------------------------
10:29:17| Words: 1
10:29:17| 3 not found
10:29:17|  
10:29:17| --------------------------------------------------------------------------------
10:29:17| Uppercase: 0
10:29:17|  
10:29:17| --------------------------------------------------------------------------------
10:29:17| Sums: 0
10:29:17|  
10:29:17| --------------------------------------------------------------------------------
10:29:17| Names: 1
10:29:17| 2
10:29:17|  
10:29:17| Number of Primes tasks: 1
10:29:17| Number of Words tasks: 1
10:29:17| Number of Uppercase tasks: 0
10:29:17| Number of Sums tasks: 0
10:29:17| Number of Names tasks: 1
10:29:17| Total time to process 5 tasks = 2.17315530
