10:36:38| --------------------------------------------------------------------------------
10:36:38| Primes: 1
10:36:38| 4 is not prime
10:36:38|  
10:36:38| --------------------------------------------------------------------------------
10:36:38| Words: 1
10:36:38| 3 not found
10:36:38|  
10:36:38| --------------------------------------------------------------------------------
10:36:38| Uppercase: 0
10:36:38|  
10:36:38| --------------------------------------------------------------------------------
10:36:38| Sums: 0
10:36:38|  
10:36:38| --------------------------------------------------------------------------------
10:36:38| Names: 1
10:36:38| 2
10:36:38|  
10:36:38| Number of Primes tasks: 1
10:36:38| Number of Words tasks: 1
10:36:38| Number of Uppercase tasks: 0
10:36:38| Number of Sums tasks: 0
10:36:38| Number of Names tasks: 1
10:36:38| Total time to process 5 tasks = 2.20067050
