10:34:18| --------------------------------------------------------------------------------
10:34:18| Primes: 1
10:34:18| 4 is not prime
10:34:18|  
10:34:18| --------------------------------------------------------------------------------
10:34:18| Words: 1
10:34:18| 3 not found
10:34:18|  
10:34:18| --------------------------------------------------------------------------------
10:34:18| Uppercase: 0
10:34:18|  
10:34:18| --------------------------------------------------------------------------------
10:34:18| Sums: 0
10:34:18|  
10:34:18| --------------------------------------------------------------------------------
10:34:18| Names: 1
10:34:18| 2
10:34:18|  
10:34:18| Number of Primes tasks: 1
10:34:18| Number of Words tasks: 1
10:34:18| Number of Uppercase tasks: 0
10:34:18| Number of Sums tasks: 0
10:34:18| Number of Names tasks: 1
10:34:18| Total time to process 5 tasks = 2.23875250
