11:16:43| --------------------------------------------------------------------------------
11:16:43| Primes: 1
11:16:43| 9638760730083 is prime
11:16:43|  
11:16:43| --------------------------------------------------------------------------------
11:16:43| Words: 2
11:16:43| philobiblical
 not found
11:16:43| ['philobiblical\n not found']
11:16:43|  
11:16:43| --------------------------------------------------------------------------------
11:16:43| Uppercase: 1
11:16:43| INJECT ==> uppercase version of inject
11:16:43|  
11:16:43| --------------------------------------------------------------------------------
11:16:44| Sums: 1
11:16:44| 424 to 694,818 = 695,241
11:16:44|  
11:16:44| --------------------------------------------------------------------------------
11:16:44| Names: 1
11:16:44| 2
11:16:44|  
11:16:44| Number of Primes tasks: 1
11:16:44| Number of Words tasks: 2
11:16:44| Number of Uppercase tasks: 1
11:16:44| Number of Sums tasks: 1
11:16:44| Number of Names tasks: 1
11:16:44| Total time to process 5 tasks = 2.16680260
