10:19:32| --------------------------------------------------------------------------------
10:19:32| Primes: 1
10:19:32| 4 is not prime
10:19:32|  
10:19:32| --------------------------------------------------------------------------------
10:19:32| Words: 1
10:19:32| 3 not found
10:19:32|  
10:19:32| --------------------------------------------------------------------------------
10:19:32| Uppercase: 0
10:19:32|  
10:19:32| --------------------------------------------------------------------------------
10:19:32| Sums: 0
10:19:32|  
10:19:32| --------------------------------------------------------------------------------
10:19:32| Names: 1
10:19:32| 2
10:19:32|  
10:19:32| Number of Primes tasks: 1
10:19:32| Number of Words tasks: 1
10:19:32| Number of Uppercase tasks: 0
10:19:32| Number of Sums tasks: 0
10:19:32| Number of Names tasks: 1
10:19:32| Total time to process 5 tasks = 2.43992180
