11:15:52| --------------------------------------------------------------------------------
11:15:52| Primes: 1
11:15:52| 9638760730083 is prime
11:15:52|  
11:15:52| --------------------------------------------------------------------------------
11:15:52| Words: 2
11:15:52| philobiblical
 not found
11:15:52| ['philobiblical\n not found']
11:15:52|  
11:15:52| --------------------------------------------------------------------------------
11:15:52| Uppercase: 1
11:15:52| INJECT ==> uppercase version of inject
11:15:52|  
11:15:52| --------------------------------------------------------------------------------
11:15:52| Sums: 0
11:15:52|  
11:15:52| --------------------------------------------------------------------------------
11:15:52| Names: 1
11:15:52| 2
11:15:52|  
11:15:52| Number of Primes tasks: 1
11:15:52| Number of Words tasks: 2
11:15:52| Number of Uppercase tasks: 1
11:15:52| Number of Sums tasks: 0
11:15:52| Number of Names tasks: 1
11:15:52| Total time to process 5 tasks = 2.11702060
