10:45:09| --------------------------------------------------------------------------------
10:45:09| Primes: 1000
10:45:09| [10] is not prime
10:45:09| [12] is not prime
10:45:09| [18] is not prime
10:45:09| [19] is prime
10:45:09| [24] is not prime
10:45:09| [29] is prime
10:45:09| [30] is not prime
10:45:09| [35] is prime
10:45:09| [45] is prime
10:45:09| [46] is not prime
10:45:09| [57] is prime
10:45:09| [58] is not prime
10:45:09| [61] is prime
10:45:09| [66] is not prime
10:45:09| [68] is not prime
10:45:09| [70] is not prime
10:45:09| [71] is prime
10:45:09| [73] is prime
10:45:09| [74] is not prime
10:45:09| [82] is not prime
10:45:09| [87] is prime
10:45:09| [92] is not prime
10:45:09| [93] is prime
10:45:09| [95] is prime
10:45:09| [104] is not prime
10:45:09| [105] is prime
10:45:09| [109] is prime
10:45:09| [110] is not prime
10:45:09| [111] is prime
10:45:09| [112] is not prime
10:45:09| [115] is prime
10:45:09| [118] is not prime
10:45:09| [121] is prime
10:45:09| [127] is prime
10:45:09| [130] is not prime
10:45:09| [132] is not prime
10:45:09| [148] is not prime
10:45:09| [149] is prime
10:45:09| [151] is prime
10:45:09| [152] is not prime
10:45:09| [155] is prime
10:45:09| [157] is prime
10:45:09| [158] is not prime
10:45:09| [159] is prime
10:45:09| [164] is not prime
10:45:09| [183] is prime
10:45:09| [194] is not prime
10:45:09| [195] is prime
10:45:09| [201] is prime
10:45:09| [205] is prime
10:45:09| [206] is not prime
10:45:09| [211] is prime
10:45:09| [212] is not prime
10:45:09| [220] is not prime
10:45:09| [222] is not prime
10:45:09| [232] is not prime
10:45:09| [234] is not prime
10:45:09| [236] is not prime
10:45:09| [238] is not prime
10:45:09| [241] is prime
10:45:09| [242] is not prime
10:45:09| [244] is not prime
10:45:09| [245] is prime
10:45:09| [247] is prime
10:45:09| [249] is prime
10:45:09| [252] is not prime
10:45:09| [254] is not prime
10:45:09| [259] is prime
10:45:09| [262] is not prime
10:45:09| [278] is not prime
10:45:09| [285] is prime
10:45:09| [286] is not prime
10:45:09| [289] is prime
10:45:09| [294] is not prime
10:45:09| [299] is prime
10:45:09| [302] is not prime
10:45:09| [303] is prime
10:45:09| [308] is not prime
10:45:09| [315] is prime
10:45:09| [316] is not prime
10:45:09| [318] is not prime
10:45:09| [330] is not prime
10:45:09| [334] is not prime
10:45:09| [335] is prime
10:45:09| [340] is not prime
10:45:09| [346] is not prime
10:45:09| [350] is not prime
10:45:09| [356] is not prime
10:45:09| [357] is prime
10:45:09| [360] is not prime
10:45:09| [367] is prime
10:45:09| [377] is prime
10:45:09| [379] is prime
10:45:09| [380] is not prime
10:45:09| [381] is prime
10:45:09| [382] is not prime
10:45:09| [383] is prime
10:45:09| [385] is prime
10:45:09| [386] is not prime
10:45:09| [395] is prime
10:45:09| [396] is not prime
10:45:09| [400] is not prime
10:45:09| [401] is prime
10:45:09| [403] is prime
10:45:09| [404] is not prime
10:45:09| [407] is prime
10:45:09| [408] is not prime
10:45:09| [416] is not prime
10:45:09| [422] is not prime
10:45:09| [424] is not prime
10:45:09| [425] is prime
10:45:09| [427] is prime
10:45:09| [432] is not prime
10:45:09| [435] is prime
10:45:09| [440] is not prime
10:45:09| [443] is prime
10:45:09| [445] is prime
10:45:09| [447] is prime
10:45:09| [448] is not prime
10:45:09| [450] is not prime
10:45:09| [451] is prime
10:45:09| [460] is not prime
10:45:09| [462] is not prime
10:45:09| [465] is prime
10:45:09| [468] is not prime
10:45:09| [471] is prime
10:45:09| [475] is prime
10:45:09| [479] is prime
10:45:09| [480] is not prime
10:45:09| [481] is prime
10:45:09| [483] is prime
10:45:09| [490] is not prime
10:45:09| [491] is prime
10:45:09| [506] is not prime
10:45:09| [520] is not prime
10:45:09| [521] is prime
10:45:09| [526] is not prime
10:45:09| [527] is prime
10:45:09| [542] is not prime
10:45:09| [546] is not prime
10:45:09| [548] is not prime
10:45:09| [549] is prime
10:45:09| [551] is prime
10:45:09| [552] is not prime
10:45:09| [559] is prime
10:45:10| [567] is prime
10:45:10| [572] is not prime
10:45:10| [574] is not prime
10:45:10| [585] is prime
10:45:10| [586] is not prime
10:45:10| [603] is prime
10:45:10| [605] is prime
10:45:10| [610] is not prime
10:45:10| [611] is prime
10:45:10| [620] is not prime
10:45:10| [625] is prime
10:45:10| [627] is prime
10:45:10| [633] is prime
10:45:10| [640] is not prime
10:45:10| [642] is not prime
10:45:10| [655] is prime
10:45:10| [656] is not prime
10:45:10| [663] is prime
10:45:10| [668] is not prime
10:45:10| [670] is not prime
10:45:10| [674] is not prime
10:45:10| [677] is prime
10:45:10| [678] is not prime
10:45:10| [679] is prime
10:45:10| [685] is prime
10:45:10| [687] is prime
10:45:10| [690] is not prime
10:45:10| [691] is prime
10:45:10| [698] is not prime
10:45:10| [699] is prime
10:45:10| [700] is not prime
10:45:10| [706] is not prime
10:45:10| [707] is prime
10:45:10| [708] is not prime
10:45:10| [715] is prime
10:45:10| [716] is not prime
10:45:10| [717] is prime
10:45:10| [721] is prime
10:45:10| [722] is not prime
10:45:10| [723] is prime
10:45:10| [724] is not prime
10:45:10| [725] is prime
10:45:10| [727] is prime
10:45:10| [728] is not prime
10:45:10| [735] is prime
10:45:10| [743] is prime
10:45:10| [744] is not prime
10:45:10| [746] is not prime
10:45:10| [752] is not prime
10:45:10| [754] is not prime
10:45:10| [759] is prime
10:45:10| [760] is not prime
10:45:10| [767] is prime
10:45:10| [773] is prime
10:45:10| [774] is not prime
10:45:10| [776] is not prime
10:45:10| [780] is not prime
10:45:10| [782] is not prime
10:45:10| [798] is not prime
10:45:10| [808] is not prime
10:45:10| [816] is not prime
10:45:10| [818] is not prime
10:45:10| [819] is prime
10:45:10| [827] is prime
10:45:10| [837] is prime
10:45:10| [838] is not prime
10:45:10| [842] is not prime
10:45:10| [845] is prime
10:45:10| [846] is not prime
10:45:10| [851] is prime
10:45:10| [855] is prime
10:45:10| [858] is not prime
10:45:10| [859] is prime
10:45:10| [863] is prime
10:45:10| [868] is not prime
10:45:10| [876] is not prime
10:45:10| [882] is not prime
10:45:10| [887] is prime
10:45:10| [889] is prime
10:45:10| [894] is not prime
10:45:10| [897] is prime
10:45:10| [899] is prime
10:45:10| [906] is not prime
10:45:10| [907] is prime
10:45:10| [909] is prime
10:45:10| [912] is not prime
10:45:10| [919] is prime
10:45:10| [923] is prime
10:45:10| [932] is not prime
10:45:10| [933] is prime
10:45:10| [934] is not prime
10:45:10| [935] is prime
10:45:10| [937] is prime
10:45:10| [941] is prime
10:45:10| [949] is prime
10:45:10| [951] is prime
10:45:10| [954] is not prime
10:45:10| [962] is not prime
10:45:10| [963] is prime
10:45:10| [968] is not prime
10:45:10| [969] is prime
10:45:10| [975] is prime
10:45:10| [979] is prime
10:45:10| [981] is prime
10:45:10| [982] is not prime
10:45:10| [995] is prime
10:45:10| [999] is prime
10:45:10| [1002] is not prime
10:45:10| [1003] is prime
10:45:10| [1007] is prime
10:45:10| [1014] is not prime
10:45:10| [1015] is prime
10:45:10| [1020] is not prime
10:45:10| [1024] is not prime
10:45:10| [1026] is not prime
10:45:10| [1030] is not prime
10:45:10| [1034] is not prime
10:45:10| [1035] is prime
10:45:10| [1036] is not prime
10:45:10| [1037] is prime
10:45:10| [1041] is prime
10:45:10| [1047] is prime
10:45:10| [1048] is not prime
10:45:10| [1050] is not prime
10:45:10| [1051] is prime
10:45:10| [1052] is not prime
10:45:10| [1058] is not prime
10:45:10| [1065] is prime
10:45:10| [1066] is not prime
10:45:10| [1073] is prime
10:45:10| [1085] is prime
10:45:10| [1087] is prime
10:45:10| [1089] is prime
10:45:10| [1091] is prime
10:45:10| [1093] is prime
10:45:10| [1095] is prime
10:45:10| [1096] is not prime
10:45:10| [1097] is prime
10:45:10| [1105] is prime
10:45:10| [1106] is not prime
10:45:10| [1109] is prime
10:45:10| [1111] is prime
10:45:10| [1114] is not prime
10:45:10| [1117] is prime
10:45:10| [1118] is not prime
10:45:10| [1119] is prime
10:45:10| [1127] is prime
10:45:10| [1130] is not prime
10:45:10| [1135] is prime
10:45:10| [1139] is prime
10:45:10| [1140] is not prime
10:45:10| [1141] is prime
10:45:10| [1145] is prime
10:45:10| [1146] is not prime
10:45:10| [1147] is prime
10:45:10| [1148] is not prime
10:45:10| [1152] is not prime
10:45:10| [1156] is not prime
10:45:10| [1159] is prime
10:45:10| [1161] is prime
10:45:10| [1162] is not prime
10:45:10| [1163] is prime
10:45:10| [1168] is not prime
10:45:10| [1169] is prime
10:45:10| [1172] is not prime
10:45:10| [1173] is prime
10:45:10| [1174] is not prime
10:45:10| [1177] is prime
10:45:10| [1179] is prime
10:45:10| [1180] is not prime
10:45:10| [1182] is not prime
10:45:10| [1184] is not prime
10:45:10| [1192] is not prime
10:45:10| [1193] is prime
10:45:10| [1197] is prime
10:45:10| [1199] is prime
10:45:10| [1213] is prime
10:45:10| [1217] is prime
10:45:10| [1231] is prime
10:45:10| [1232] is not prime
10:45:10| [1237] is prime
10:45:10| [1240] is not prime
10:45:10| [1242] is not prime
10:45:10| [1253] is prime
10:45:10| [1254] is not prime
10:45:10| [1259] is prime
10:45:10| [1272] is not prime
10:45:10| [1283] is prime
10:45:10| [1289] is prime
10:45:10| [1291] is prime
10:45:10| [1303] is prime
10:45:10| [1309] is prime
10:45:10| [1310] is not prime
10:45:10| [1325] is prime
10:45:10| [1330] is not prime
10:45:10| [1334] is not prime
10:45:10| [1336] is not prime
10:45:10| [1344] is not prime
10:45:10| [1352] is not prime
10:45:10| [1357] is prime
10:45:10| [1364] is not prime
10:45:10| [1371] is prime
10:45:10| [1373] is prime
10:45:10| [1377] is prime
10:45:10| [1380] is not prime
10:45:10| [1388] is not prime
10:45:10| [1395] is prime
10:45:10| [1397] is prime
10:45:10| [1400] is not prime
10:45:10| [1403] is prime
10:45:10| [1408] is not prime
10:45:10| [1412] is not prime
10:45:10| [1414] is not prime
10:45:10| [1430] is not prime
10:45:10| [1432] is not prime
10:45:10| [1433] is prime
10:45:10| [1436] is not prime
10:45:10| [1445] is prime
10:45:10| [1448] is not prime
10:45:10| [1449] is prime
10:45:10| [1451] is prime
10:45:10| [1454] is not prime
10:45:10| [1464] is not prime
10:45:10| [1465] is prime
10:45:10| [1469] is prime
10:45:10| [1475] is prime
10:45:10| [1480] is not prime
10:45:10| [1491] is prime
10:45:10| [1496] is not prime
10:45:10| [1497] is prime
10:45:10| [1507] is prime
10:45:10| [1518] is not prime
10:45:10| [1520] is not prime
10:45:10| [1522] is not prime
10:45:10| [1523] is prime
10:45:10| [1534] is not prime
10:45:10| [1535] is prime
10:45:10| [1540] is not prime
10:45:10| [1543] is prime
10:45:10| [1544] is not prime
10:45:10| [1553] is prime
10:45:10| [1554] is not prime
10:45:10| [1557] is prime
10:45:10| [1570] is not prime
10:45:10| [1574] is not prime
10:45:10| [1577] is prime
10:45:10| [1585] is prime
10:45:10| [1586] is not prime
10:45:10| [1588] is not prime
10:45:10| [1589] is prime
10:45:10| [1591] is prime
10:45:10| [1592] is not prime
10:45:10| [1595] is prime
10:45:10| [1604] is not prime
10:45:10| [1606] is not prime
10:45:10| [1608] is not prime
10:45:10| [1612] is not prime
10:45:10| [1617] is prime
10:45:10| [1619] is prime
10:45:10| [1620] is not prime
10:45:10| [1621] is prime
10:45:10| [1623] is prime
10:45:10| [1628] is not prime
10:45:10| [1634] is not prime
10:45:10| [1637] is prime
10:45:10| [1643] is prime
10:45:10| [1645] is prime
10:45:10| [1658] is not prime
10:45:10| [1664] is not prime
10:45:10| [1668] is not prime
10:45:10| [1669] is prime
10:45:10| [1672] is not prime
10:45:10| [1678] is not prime
10:45:10| [1681] is prime
10:45:10| [1685] is prime
10:45:10| [1686] is not prime
10:45:10| [1688] is not prime
10:45:10| [1689] is prime
10:45:10| [1696] is not prime
10:45:10| [1697] is prime
10:45:10| [1700] is not prime
10:45:10| [1702] is not prime
10:45:10| [1706] is not prime
10:45:10| [1710] is not prime
10:45:10| [1719] is prime
10:45:10| [1720] is not prime
10:45:10| [1723] is prime
10:45:10| [1724] is not prime
10:45:10| [1730] is not prime
10:45:10| [1733] is prime
10:45:10| [1735] is prime
10:45:10| [1741] is prime
10:45:10| [1744] is not prime
10:45:10| [1747] is prime
10:45:10| [1749] is prime
10:45:10| [1750] is not prime
10:45:10| [1754] is not prime
10:45:10| [1764] is not prime
10:45:10| [1767] is prime
10:45:10| [1769] is prime
10:45:10| [1779] is prime
10:45:10| [1782] is not prime
10:45:10| [1786] is not prime
10:45:10| [1792] is not prime
10:45:10| [1798] is not prime
10:45:10| [1799] is prime
10:45:10| [1802] is not prime
10:45:10| [1805] is prime
10:45:10| [1817] is prime
10:45:10| [1828] is not prime
10:45:10| [1829] is prime
10:45:10| [1830] is not prime
10:45:10| [1842] is not prime
10:45:10| [1847] is prime
10:45:10| [1849] is prime
10:45:10| [1854] is not prime
10:45:10| [1857] is prime
10:45:10| [1864] is not prime
10:45:10| [1867] is prime
10:45:10| [1869] is prime
10:45:10| [1870] is not prime
10:45:10| [1873] is prime
10:45:10| [1875] is prime
10:45:10| [1882] is not prime
10:45:10| [1883] is prime
10:45:10| [1884] is not prime
10:45:10| [1885] is prime
10:45:10| [1887] is prime
10:45:10| [1889] is prime
10:45:10| [1896] is not prime
10:45:10| [1906] is not prime
10:45:10| [1910] is not prime
10:45:10| [1911] is prime
10:45:10| [1916] is not prime
10:45:10| [1921] is prime
10:45:10| [1923] is prime
10:45:10| [1924] is not prime
10:45:10| [1931] is prime
10:45:10| [1932] is not prime
10:45:10| [1934] is not prime
10:45:10| [1940] is not prime
10:45:10| [1944] is not prime
10:45:10| [1955] is prime
10:45:10| [1966] is not prime
10:45:10| [1968] is not prime
10:45:10| [1981] is prime
10:45:10| [1982] is not prime
10:45:10| [1983] is prime
10:45:10| [1991] is prime
10:45:10| [2006] is not prime
10:45:10| [2018] is not prime
10:45:10| [2021] is prime
10:45:10| [2029] is prime
10:45:10| [2032] is not prime
10:45:10| [2036] is not prime
10:45:10| [2040] is not prime
10:45:10| [2043] is prime
10:45:10| [2045] is prime
10:45:10| [2048] is not prime
10:45:10| [2049] is prime
10:45:10| [2050] is not prime
10:45:10| [2052] is not prime
10:45:10| [2053] is prime
10:45:10| [2055] is prime
10:45:10| [2060] is not prime
10:45:10| [2065] is prime
10:45:10| [2068] is not prime
10:45:10| [2074] is not prime
10:45:10| [2078] is not prime
10:45:10| [2081] is prime
10:45:10| [2088] is not prime
10:45:10| [2097] is prime
10:45:10| [2124] is not prime
10:45:10| [2126] is not prime
10:45:10| [2137] is prime
10:45:10| [2138] is not prime
10:45:10| [2141] is prime
10:45:10| [2143] is prime
10:45:10| [2153] is prime
10:45:10| [2160] is not prime
10:45:10| [2162] is not prime
10:45:10| [2170] is not prime
10:45:10| [2172] is not prime
10:45:10| [2177] is prime
10:45:10| [2180] is not prime
10:45:10| [2181] is prime
10:45:10| [2182] is not prime
10:45:10| [2191] is prime
10:45:10| [2201] is prime
10:45:10| [2205] is prime
10:45:10| [2207] is prime
10:45:10| [2209] is prime
10:45:10| [2215] is prime
10:45:10| [2218] is not prime
10:45:10| [2220] is not prime
10:45:10| [2224] is not prime
10:45:10| [2225] is prime
10:45:10| [2226] is not prime
10:45:10| [2228] is not prime
10:45:10| [2230] is not prime
10:45:10| [2233] is prime
10:45:10| [2234] is not prime
10:45:10| [2235] is prime
10:45:10| [2243] is prime
10:45:10| [2246] is not prime
10:45:10| [2252] is not prime
10:45:10| [2253] is prime
10:45:10| [2256] is not prime
10:45:10| [2261] is prime
10:45:10| [2271] is prime
10:45:10| [2272] is not prime
10:45:10| [2280] is not prime
10:45:10| [2286] is not prime
10:45:10| [2287] is prime
10:45:10| [2288] is not prime
10:45:10| [2290] is not prime
10:45:10| [2297] is prime
10:45:10| [2300] is not prime
10:45:10| [2302] is not prime
10:45:10| [2305] is prime
10:45:10| [2307] is prime
10:45:10| [2311] is prime
10:45:10| [2314] is not prime
10:45:10| [2318] is not prime
10:45:10| [2321] is prime
10:45:10| [2326] is not prime
10:45:10| [2328] is not prime
10:45:10| [2330] is not prime
10:45:10| [2333] is prime
10:45:10| [2347] is prime
10:45:10| [2349] is prime
10:45:10| [2351] is prime
10:45:10| [2354] is not prime
10:45:10| [2358] is not prime
10:45:10| [2374] is not prime
10:45:10| [2377] is prime
10:45:10| [2381] is prime
10:45:10| [2389] is prime
10:45:10| [2398] is not prime
10:45:10| [2399] is prime
10:45:10| [2400] is not prime
10:45:10| [2403] is prime
10:45:10| [2423] is prime
10:45:10| [2426] is not prime
10:45:10| [2435] is prime
10:45:10| [2436] is not prime
10:45:10| [2444] is not prime
10:45:10| [2446] is not prime
10:45:10| [2447] is prime
10:45:10| [2449] is prime
10:45:10| [2451] is prime
10:45:10| [2452] is not prime
10:45:10| [2468] is not prime
10:45:10| [2469] is prime
10:45:10| [2471] is prime
10:45:10| [2473] is prime
10:45:10| [2480] is not prime
10:45:10| [2482] is not prime
10:45:10| [2490] is not prime
10:45:10| [2491] is prime
10:45:10| [2493] is prime
10:45:10| [2494] is not prime
10:45:10| [2503] is prime
10:45:10| [2508] is not prime
10:45:10| [2510] is not prime
10:45:10| [2512] is not prime
10:45:10| [2513] is prime
10:45:10| [2522] is not prime
10:45:10| [2523] is prime
10:45:10| [2527] is prime
10:45:10| [2529] is prime
10:45:10| [2537] is prime
10:45:10| [2539] is prime
10:45:10| [2543] is prime
10:45:10| [2545] is prime
10:45:10| [2546] is not prime
10:45:10| [2551] is prime
10:45:10| [2552] is not prime
10:45:10| [2557] is prime
10:45:10| [2566] is not prime
10:45:10| [2569] is prime
10:45:10| [2570] is not prime
10:45:10| [2575] is prime
10:45:10| [2576] is not prime
10:45:10| [2577] is prime
10:45:10| [2581] is prime
10:45:10| [2589] is prime
10:45:10| [2590] is not prime
10:45:10| [2592] is not prime
10:45:10| [2593] is prime
10:45:10| [2594] is not prime
10:45:10| [2595] is prime
10:45:10| [2608] is not prime
10:45:10| [2609] is prime
10:45:10| [2614] is not prime
10:45:10| [2618] is not prime
10:45:10| [2625] is prime
10:45:10| [2626] is not prime
10:45:10| [2627] is prime
10:45:10| [2636] is not prime
10:45:10| [2641] is prime
10:45:10| [2642] is not prime
10:45:10| [2644] is not prime
10:45:10| [2647] is prime
10:45:10| [2652] is not prime
10:45:10| [2660] is not prime
10:45:10| [2672] is not prime
10:45:10| [2674] is not prime
10:45:10| [2680] is not prime
10:45:10| [2683] is prime
10:45:10| [2693] is prime
10:45:10| [2695] is prime
10:45:10| [2697] is prime
10:45:10| [2698] is not prime
10:45:10| [2706] is not prime
10:45:10| [2708] is not prime
10:45:10| [2711] is prime
10:45:10| [2719] is prime
10:45:10| [2721] is prime
10:45:10| [2724] is not prime
10:45:10| [2727] is prime
10:45:10| [2728] is not prime
10:45:10| [2732] is not prime
10:45:10| [2733] is prime
10:45:10| [2735] is prime
10:45:10| [2738] is not prime
10:45:10| [2748] is not prime
10:45:10| [2753] is prime
10:45:10| [2763] is prime
10:45:10| [2765] is prime
10:45:10| [2766] is not prime
10:45:10| [2770] is not prime
10:45:10| [2771] is prime
10:45:10| [2773] is prime
10:45:10| [2776] is not prime
10:45:10| [2777] is prime
10:45:10| [2778] is not prime
10:45:10| [2781] is prime
10:45:10| [2782] is not prime
10:45:10| [2783] is prime
10:45:10| [2785] is prime
10:45:10| [2786] is not prime
10:45:10| [2789] is prime
10:45:10| [2795] is prime
10:45:10| [2801] is prime
10:45:10| [2802] is not prime
10:45:10| [2804] is not prime
10:45:10| [2813] is prime
10:45:10| [2816] is not prime
10:45:10| [2828] is not prime
10:45:10| [2831] is prime
10:45:10| [2834] is not prime
10:45:10| [2838] is not prime
10:45:10| [2839] is prime
10:45:10| [2840] is not prime
10:45:10| [2849] is prime
10:45:10| [2852] is not prime
10:45:10| [2854] is not prime
10:45:10| [2857] is prime
10:45:10| [2861] is prime
10:45:10| [2864] is not prime
10:45:10| [2867] is prime
10:45:10| [2874] is not prime
10:45:10| [2879] is prime
10:45:10| [2890] is not prime
10:45:10| [2898] is not prime
10:45:10| [2900] is not prime
10:45:10| [2902] is not prime
10:45:10| [2908] is not prime
10:45:10| [2909] is prime
10:45:10| [2911] is prime
10:45:10| [2917] is prime
10:45:10| [2925] is prime
10:45:10| [2935] is prime
10:45:10| [2938] is not prime
10:45:10| [2939] is prime
10:45:10| [2942] is not prime
10:45:10| [2943] is prime
10:45:10| [2945] is prime
10:45:10| [2951] is prime
10:45:10| [2954] is not prime
10:45:10| [2957] is prime
10:45:10| [2960] is not prime
10:45:10| [2975] is prime
10:45:10| [2977] is prime
10:45:10| [2981] is prime
10:45:10| [2984] is not prime
10:45:10| [2988] is not prime
10:45:10| [2991] is prime
10:45:10| [3011] is prime
10:45:10| [3012] is not prime
10:45:10| [3020] is not prime
10:45:10| [3024] is not prime
10:45:10| [3028] is not prime
10:45:10| [3032] is not prime
10:45:10| [3041] is prime
10:45:10| [3044] is not prime
10:45:10| [3045] is prime
10:45:10| [3049] is prime
10:45:10| [3061] is prime
10:45:10| [3062] is not prime
10:45:10| [3066] is not prime
10:45:10| [3070] is not prime
10:45:10| [3071] is prime
10:45:10| [3079] is prime
10:45:10| [3080] is not prime
10:45:10| [3094] is not prime
10:45:10| [3095] is prime
10:45:10| [3097] is prime
10:45:10| [3098] is not prime
10:45:10| [3102] is not prime
10:45:10| [3104] is not prime
10:45:10| [3108] is not prime
10:45:10| [3111] is prime
10:45:10| [3122] is not prime
10:45:10| [3130] is not prime
10:45:10| [3131] is prime
10:45:10| [3134] is not prime
10:45:10| [3137] is prime
10:45:10| [3141] is prime
10:45:10| [3142] is not prime
10:45:10| [3145] is prime
10:45:10| [3147] is prime
10:45:10| [3154] is not prime
10:45:10| [3156] is not prime
10:45:10| [3158] is not prime
10:45:10| [3160] is not prime
10:45:10| [3164] is not prime
10:45:10| [3173] is prime
10:45:10| [3177] is prime
10:45:10| [3178] is not prime
10:45:10| [3200] is not prime
10:45:10| [3205] is prime
10:45:10| [3206] is not prime
10:45:10| [3209] is prime
10:45:10| [3210] is not prime
10:45:10| [3212] is not prime
10:45:10| [3214] is not prime
10:45:10| [3215] is prime
10:45:10| [3216] is not prime
10:45:10| [3220] is not prime
10:45:10| [3223] is prime
10:45:10| [3228] is not prime
10:45:10| [3232] is not prime
10:45:10| [3235] is prime
10:45:10| [3237] is prime
10:45:10| [3238] is not prime
10:45:10| [3240] is not prime
10:45:10| [3242] is not prime
10:45:10| [3249] is prime
10:45:10| [3255] is prime
10:45:10| [3258] is not prime
10:45:10| [3259] is prime
10:45:10| [3267] is prime
10:45:10| [3274] is not prime
10:45:10| [3278] is not prime
10:45:10| [3284] is not prime
10:45:10| [3285] is prime
10:45:10| [3290] is not prime
10:45:10| [3291] is prime
10:45:10| [3292] is not prime
10:45:10| [3319] is prime
10:45:10| [3322] is not prime
10:45:10| [3326] is not prime
10:45:10| [3336] is not prime
10:45:10| [3338] is not prime
10:45:10| [3340] is not prime
10:45:10| [3343] is prime
10:45:10| [3349] is prime
10:45:10| [3350] is not prime
10:45:10| [3369] is prime
10:45:10| [3371] is prime
10:45:10| [3376] is not prime
10:45:10| [3378] is not prime
10:45:10| [3380] is not prime
10:45:10| [3384] is not prime
10:45:10| [3389] is prime
10:45:10| [3393] is prime
10:45:10| [3394] is not prime
10:45:10| [3399] is prime
10:45:10| [3408] is not prime
10:45:10| [3412] is not prime
10:45:10| [3416] is not prime
10:45:10| [3420] is not prime
10:45:10| [3422] is not prime
10:45:10| [3423] is prime
10:45:10| [3428] is not prime
10:45:10| [3437] is prime
10:45:10| [3439] is prime
10:45:10| [3441] is prime
10:45:10| [3442] is not prime
10:45:10| [3450] is not prime
10:45:10| [3452] is not prime
10:45:10| [3459] is prime
10:45:10| [3462] is not prime
10:45:10| [3463] is prime
10:45:10| [3464] is not prime
10:45:10| [3465] is prime
10:45:10| [3466] is not prime
10:45:10| [3472] is not prime
10:45:10| [3476] is not prime
10:45:10| [3479] is prime
10:45:10| [3480] is not prime
10:45:10| [3484] is not prime
10:45:10| [3486] is not prime
10:45:10| [3490] is not prime
10:45:10| [3494] is not prime
10:45:10| [3500] is not prime
10:45:10| [3501] is prime
10:45:10| [3503] is prime
10:45:10| [3504] is not prime
10:45:10| [3507] is prime
10:45:10| [3513] is prime
10:45:10| [3515] is prime
10:45:10| [3519] is prime
10:45:10| [3524] is not prime
10:45:10| [3528] is not prime
10:45:10| [3530] is not prime
10:45:10| [3531] is prime
10:45:10| [3532] is not prime
10:45:10| [3534] is not prime
10:45:10| [3536] is not prime
10:45:10| [3539] is prime
10:45:10| [3542] is not prime
10:45:10| [3550] is not prime
10:45:10| [3552] is not prime
10:45:10| [3554] is not prime
10:45:10| [3555] is prime
10:45:10| [3557] is prime
10:45:10| [3559] is prime
10:45:10| [3572] is not prime
10:45:10| [3573] is prime
10:45:10| [3593] is prime
10:45:10| [3598] is not prime
10:45:10| [3599] is prime
10:45:10| [3601] is prime
10:45:10| [3603] is prime
10:45:10| [3611] is prime
10:45:10| [3612] is not prime
10:45:10| [3614] is not prime
10:45:10| [3617] is prime
10:45:10| [3618] is not prime
10:45:10| [3623] is prime
10:45:10| [3624] is not prime
10:45:10| [3628] is not prime
10:45:10| [3640] is not prime
10:45:10| [3644] is not prime
10:45:10| [3646] is not prime
10:45:10| [3647] is prime
10:45:10| [3649] is prime
10:45:10| [3662] is not prime
10:45:10| [3670] is not prime
10:45:10| [3671] is prime
10:45:10| [3679] is prime
10:45:10| [3680] is not prime
10:45:10| [3686] is not prime
10:45:10| [3690] is not prime
10:45:10| [3693] is prime
10:45:10| [3698] is not prime
10:45:10| [3700] is not prime
10:45:10| [3703] is prime
10:45:10| [3704] is not prime
10:45:10| [3707] is prime
10:45:10| [3708] is not prime
10:45:10| [3713] is prime
10:45:10| [3714] is not prime
10:45:10| [3716] is not prime
10:45:10| [3718] is not prime
10:45:10| [3722] is not prime
10:45:10| [3723] is prime
10:45:10| [3727] is prime
10:45:10| [3730] is not prime
10:45:10| [3733] is prime
10:45:10| [3734] is not prime
10:45:10| [3735] is prime
10:45:10| [3736] is not prime
10:45:10| [3738] is not prime
10:45:10| [3739] is prime
10:45:10| [3745] is prime
10:45:10| [3750] is not prime
10:45:10| [3751] is prime
10:45:10| [3757] is prime
10:45:10| [3764] is not prime
10:45:10| [3769] is prime
10:45:10| [3773] is prime
10:45:10| [3776] is not prime
10:45:10| [3779] is prime
10:45:10| [3782] is not prime
10:45:10| [3784] is not prime
10:45:10| [3785] is prime
10:45:10| [3788] is not prime
10:45:10| [3791] is prime
10:45:10| [3794] is not prime
10:45:10| [3801] is prime
10:45:10| [3804] is not prime
10:45:10| [3817] is prime
10:45:10| [3818] is not prime
10:45:10| [3820] is not prime
10:45:10| [3824] is not prime
10:45:10| [3826] is not prime
10:45:10| [3834] is not prime
10:45:10| [3837] is prime
10:45:10| [3849] is prime
10:45:10| [3857] is prime
10:45:10| [3860] is not prime
10:45:10| [3863] is prime
10:45:10| [3864] is not prime
10:45:10| [3866] is not prime
10:45:10| [3867] is prime
10:45:10| [3872] is not prime
10:45:10| [3875] is prime
10:45:10| [3876] is not prime
10:45:10| [3880] is not prime
10:45:10| [3881] is prime
10:45:10| [3888] is not prime
10:45:10| [3894] is not prime
10:45:10| [3895] is prime
10:45:10| [3905] is prime
10:45:10| [3906] is not prime
10:45:10| [3907] is prime
10:45:10| [3909] is prime
10:45:10| [3914] is not prime
10:45:10| [3919] is prime
10:45:10| [3923] is prime
10:45:10| [3935] is prime
10:45:10| [3938] is not prime
10:45:10| [3941] is prime
10:45:10| [3946] is not prime
10:45:10| [3947] is prime
10:45:10| [3948] is not prime
10:45:10| [3955] is prime
10:45:10| [3961] is prime
10:45:10| [3965] is prime
10:45:10| [3968] is not prime
10:45:10| [3970] is not prime
10:45:10| [3971] is prime
10:45:10| [3974] is not prime
10:45:10| [3979] is prime
10:45:10| [3983] is prime
10:45:10| [3992] is not prime
10:45:10| [3995] is prime
10:45:10| [3997] is prime
10:45:10| [4001] is prime
10:45:10| [4004] is not prime
10:45:10| [4008] is not prime
10:45:10| [4018] is not prime
10:45:10| [4020] is not prime
10:45:10| [4022] is not prime
10:45:10| [4024] is not prime
10:45:10| [4026] is not prime
10:45:10| [4029] is prime
10:45:10| [4030] is not prime
10:45:10| [4031] is prime
10:45:10| [4032] is not prime
10:45:10| [4033] is prime
10:45:10|  
10:45:10| --------------------------------------------------------------------------------
10:45:10| Words: 1000
10:45:10| 3 not found
10:45:10| 4 not found
10:45:10| 5 not found
10:45:10| 8 not found
10:45:10| 17 not found
10:45:10| 28 not found
10:45:10| 31 not found
10:45:10| 33 not found
10:45:10| 37 not found
10:45:10| 38 not found
10:45:10| 39 not found
10:45:10| 42 not found
10:45:10| 49 not found
10:45:10| 50 not found
10:45:10| 51 not found
10:45:10| 53 not found
10:45:10| 60 not found
10:45:10| 62 not found
10:45:10| 63 not found
10:45:10| 65 not found
10:45:10| 67 not found
10:45:10| 75 not found
10:45:10| 78 not found
10:45:10| 80 not found
10:45:10| 84 not found
10:45:10| 88 not found
10:45:10| 98 not found
10:45:10| 101 not found
10:45:10| 107 not found
10:45:10| 108 not found
10:45:10| 114 not found
10:45:10| 120 not found
10:45:10| 125 not found
10:45:10| 126 not found
10:45:10| 128 not found
10:45:10| 142 not found
10:45:10| 160 not found
10:45:10| 161 not found
10:45:10| 162 not found
10:45:10| 165 not found
10:45:10| 166 not found
10:45:10| 171 not found
10:45:10| 172 not found
10:45:10| 189 not found
10:45:10| 190 not found
10:45:10| 191 not found
10:45:10| 197 not found
10:45:10| 198 not found
10:45:10| 202 not found
10:45:10| 203 not found
10:45:10| 214 not found
10:45:10| 215 not found
10:45:10| 217 not found
10:45:10| 225 not found
10:45:10| 227 not found
10:45:10| 229 not found
10:45:10| 237 not found
10:45:10| 265 not found
10:45:10| 272 not found
10:45:10| 274 not found
10:45:10| 282 not found
10:45:10| 283 not found
10:45:10| 284 not found
10:45:10| 290 not found
10:45:10| 292 not found
10:45:10| 295 not found
10:45:10| 296 not found
10:45:10| 298 not found
10:45:10| 300 not found
10:45:10| 304 not found
10:45:10| 306 not found
10:45:10| 311 not found
10:45:10| 312 not found
10:45:10| 314 not found
10:45:10| 317 not found
10:45:10| 331 not found
10:45:10| 337 not found
10:45:10| 339 not found
10:45:10| 341 not found
10:45:10| 344 not found
10:45:10| 348 not found
10:45:10| 362 not found
10:45:10| 366 not found
10:45:10| 369 not found
10:45:10| 371 not found
10:45:10| 372 not found
10:45:10| 378 not found
10:45:10| 389 not found
10:45:10| 402 not found
10:45:10| 411 not found
10:45:10| 413 not found
10:45:10| 415 not found
10:45:10| 418 not found
10:45:10| 421 not found
10:45:10| 423 not found
10:45:10| 428 not found
10:45:10| 429 not found
10:45:10| 433 not found
10:45:10| 436 not found
10:45:10| 439 not found
10:45:10| 441 not found
10:45:10| 452 not found
10:45:10| 458 not found
10:45:10| 466 not found
10:45:10| 469 not found
10:45:10| 470 not found
10:45:10| 472 not found
10:45:10| 474 not found
10:45:10| 476 not found
10:45:10| 477 not found
10:45:10| 482 not found
10:45:10| 484 not found
10:45:10| 485 not found
10:45:10| 486 not found
10:45:10| 492 not found
10:45:10| 493 not found
10:45:10| 495 not found
10:45:10| 496 not found
10:45:10| 497 not found
10:45:10| 502 not found
10:45:10| 505 not found
10:45:10| 507 not found
10:45:10| 509 not found
10:45:10| 512 not found
10:45:10| 513 not found
10:45:10| 516 not found
10:45:10| 519 not found
10:45:10| 528 not found
10:45:10| 529 not found
10:45:10| 530 not found
10:45:10| 531 not found
10:45:10| 533 not found
10:45:10| 534 not found
10:45:10| 535 not found
10:45:10| 537 not found
10:45:10| 540 not found
10:45:10| 543 not found
10:45:10| 544 not found
10:45:10| 553 not found
10:45:10| 556 not found
10:45:10| 560 not found
10:45:10| 561 not found
10:45:10| 566 not found
10:45:10| 569 not found
10:45:10| 573 not found
10:45:10| 580 not found
10:45:10| 582 not found
10:45:10| 587 not found
10:45:10| 591 not found
10:45:10| 592 not found
10:45:10| 596 not found
10:45:10| 604 not found
10:45:10| 607 not found
10:45:10| 608 not found
10:45:10| 609 not found
10:45:10| 616 not found
10:45:10| 618 not found
10:45:10| 623 not found
10:45:10| 626 not found
10:45:10| 637 not found
10:45:10| 639 not found
10:45:10| 641 not found
10:45:10| 643 not found
10:45:10| 653 not found
10:45:10| 658 not found
10:45:10| 662 not found
10:45:10| 664 not found
10:45:10| 667 not found
10:45:10| 671 not found
10:45:10| 672 not found
10:45:10| 675 not found
10:45:10| 676 not found
10:45:10| 681 not found
10:45:10| 686 not found
10:45:10| 688 not found
10:45:10| 692 not found
10:45:10| 694 not found
10:45:10| 697 not found
10:45:10| 704 not found
10:45:10| 705 not found
10:45:10| 710 not found
10:45:10| 712 not found
10:45:10| 729 not found
10:45:10| 730 not found
10:45:10| 731 not found
10:45:10| 734 not found
10:45:10| 742 not found
10:45:10| 745 not found
10:45:10| 750 not found
10:45:10| 751 not found
10:45:10| 753 not found
10:45:10| 755 not found
10:45:10| 756 not found
10:45:10| 758 not found
10:45:10| 762 not found
10:45:10| 764 not found
10:45:10| 770 not found
10:45:10| 771 not found
10:45:10| 772 not found
10:45:10| 778 not found
10:45:10| 779 not found
10:45:10| 784 not found
10:45:10| 791 not found
10:45:10| 792 not found
10:45:10| 809 not found
10:45:10| 814 not found
10:45:10| 820 not found
10:45:10| 826 not found
10:45:10| 828 not found
10:45:10| 832 not found
10:45:10| 833 not found
10:45:10| 834 not found
10:45:10| 835 not found
10:45:10| 840 not found
10:45:10| 841 not found
10:45:10| 847 not found
10:45:10| 848 not found
10:45:10| 850 not found
10:45:10| 853 not found
10:45:10| 862 not found
10:45:10| 867 not found
10:45:10| 870 not found
10:45:10| 873 not found
10:45:10| 875 not found
10:45:10| 878 not found
10:45:10| 879 not found
10:45:10| 880 not found
10:45:10| 883 not found
10:45:10| 885 not found
10:45:10| 886 not found
10:45:10| 888 not found
10:45:10| 893 not found
10:45:10| 895 not found
10:45:10| 904 not found
10:45:10| 908 not found
10:45:10| 910 not found
10:45:10| 911 not found
10:45:10| 914 not found
10:45:10| 917 not found
10:45:10| 918 not found
10:45:10| 920 not found
10:45:10| 921 not found
10:45:10| 922 not found
10:45:10| 929 not found
10:45:10| 931 not found
10:45:10| 942 not found
10:45:10| 945 not found
10:45:10| 947 not found
10:45:10| 948 not found
10:45:10| 965 not found
10:45:10| 966 not found
10:45:10| 974 not found
10:45:10| 977 not found
10:45:10| 983 not found
10:45:10| 988 not found
10:45:10| 990 not found
10:45:10| 992 not found
10:45:10| 996 not found
10:45:10| 997 not found
10:45:10| 1004 not found
10:45:10| 1011 not found
10:45:10| 1016 not found
10:45:10| 1017 not found
10:45:10| 1022 not found
10:45:10| 1023 not found
10:45:10| 1027 not found
10:45:10| 1031 not found
10:45:10| 1033 not found
10:45:10| 1049 not found
10:45:10| 1053 not found
10:45:10| 1054 not found
10:45:10| 1057 not found
10:45:10| 1064 not found
10:45:10| 1067 not found
10:45:10| 1078 not found
10:45:10| 1083 not found
10:45:10| 1088 not found
10:45:10| 1092 not found
10:45:10| 1094 not found
10:45:10| 1099 not found
10:45:10| 1101 not found
10:45:10| 1102 not found
10:45:10| 1116 not found
10:45:10| 1125 not found
10:45:10| 1129 not found
10:45:10| 1132 not found
10:45:10| 1137 not found
10:45:10| 1142 not found
10:45:10| 1166 not found
10:45:10| 1186 not found
10:45:10| 1189 not found
10:45:10| 1195 not found
10:45:10| 1196 not found
10:45:10| 1201 not found
10:45:10| 1205 not found
10:45:10| 1212 not found
10:45:10| 1214 not found
10:45:10| 1215 not found
10:45:10| 1222 not found
10:45:10| 1223 not found
10:45:10| 1226 not found
10:45:10| 1227 not found
10:45:10| 1228 not found
10:45:10| 1229 not found
10:45:10| 1238 not found
10:45:10| 1239 not found
10:45:10| 1241 not found
10:45:10| 1245 not found
10:45:10| 1246 not found
10:45:10| 1251 not found
10:45:10| 1255 not found
10:45:10| 1258 not found
10:45:10| 1262 not found
10:45:10| 1266 not found
10:45:10| 1267 not found
10:45:10| 1270 not found
10:45:10| 1271 not found
10:45:10| 1275 not found
10:45:10| 1278 not found
10:45:10| 1284 not found
10:45:10| 1290 not found
10:45:10| 1293 not found
10:45:10| 1294 not found
10:45:10| 1295 not found
10:45:10| 1298 not found
10:45:10| 1301 not found
10:45:10| 1302 not found
10:45:10| 1306 not found
10:45:10| 1308 not found
10:45:10| 1311 not found
10:45:10| 1313 not found
10:45:10| 1317 not found
10:45:10| 1321 not found
10:45:10| 1324 not found
10:45:10| 1328 not found
10:45:10| 1335 not found
10:45:10| 1337 not found
10:45:10| 1339 not found
10:45:10| 1340 not found
10:45:10| 1343 not found
10:45:10| 1346 not found
10:45:10| 1351 not found
10:45:10| 1356 not found
10:45:10| 1360 not found
10:45:10| 1361 not found
10:45:10| 1363 not found
10:45:10| 1367 not found
10:45:10| 1369 not found
10:45:10| 1379 not found
10:45:10| 1381 not found
10:45:10| 1382 not found
10:45:10| 1383 not found
10:45:10| 1384 not found
10:45:10| 1391 not found
10:45:10| 1394 not found
10:45:10| 1398 not found
10:45:10| 1404 not found
10:45:10| 1405 not found
10:45:10| 1406 not found
10:45:10| 1415 not found
10:45:10| 1417 not found
10:45:10| 1418 not found
10:45:10| 1423 not found
10:45:10| 1424 not found
10:45:10| 1427 not found
10:45:10| 1431 not found
10:45:10| 1435 not found
10:45:10| 1440 not found
10:45:10| 1442 not found
10:45:10| 1444 not found
10:45:10| 1450 not found
10:45:10| 1453 not found
10:45:10| 1463 not found
10:45:10| 1467 not found
10:45:10| 1468 not found
10:45:10| 1473 not found
10:45:10| 1474 not found
10:45:10| 1477 not found
10:45:10| 1478 not found
10:45:10| 1483 not found
10:45:10| 1486 not found
10:45:10| 1488 not found
10:45:10| 1502 not found
10:45:10| 1505 not found
10:45:10| 1512 not found
10:45:10| 1513 not found
10:45:10| 1515 not found
10:45:10| 1519 not found
10:45:10| 1526 not found
10:45:10| 1528 not found
10:45:10| 1536 not found
10:45:10| 1539 not found
10:45:10| 1545 not found
10:45:10| 1550 not found
10:45:10| 1555 not found
10:45:10| 1563 not found
10:45:10| 1565 not found
10:45:10| 1568 not found
10:45:10| 1569 not found
10:45:10| 1571 not found
10:45:10| 1576 not found
10:45:10| 1578 not found
10:45:10| 1579 not found
10:45:10| 1587 not found
10:45:10| 1593 not found
10:45:10| 1594 not found
10:45:10| 1597 not found
10:45:10| 1603 not found
10:45:10| 1616 not found
10:45:10| 1622 not found
10:45:10| 1630 not found
10:45:10| 1632 not found
10:45:10| 1635 not found
10:45:10| 1639 not found
10:45:10| 1641 not found
10:45:10| 1644 not found
10:45:10| 1647 not found
10:45:10| 1652 not found
10:45:10| 1654 not found
10:45:10| 1659 not found
10:45:10| 1662 not found
10:45:10| 1663 not found
10:45:10| 1665 not found
10:45:10| 1666 not found
10:45:10| 1670 not found
10:45:10| 1674 not found
10:45:10| 1677 not found
10:45:10| 1679 not found
10:45:10| 1680 not found
10:45:10| 1682 not found
10:45:10| 1693 not found
10:45:10| 1695 not found
10:45:10| 1698 not found
10:45:10| 1704 not found
10:45:10| 1708 not found
10:45:10| 1713 not found
10:45:10| 1714 not found
10:45:10| 1715 not found
10:45:10| 1721 not found
10:45:10| 1725 not found
10:45:10| 1731 not found
10:45:10| 1737 not found
10:45:10| 1739 not found
10:45:10| 1740 not found
10:45:10| 1745 not found
10:45:10| 1746 not found
10:45:10| 1755 not found
10:45:10| 1757 not found
10:45:10| 1758 not found
10:45:10| 1760 not found
10:45:10| 1761 not found
10:45:10| 1763 not found
10:45:10| 1765 not found
10:45:10| 1774 not found
10:45:10| 1777 not found
10:45:10| 1784 not found
10:45:10| 1785 not found
10:45:10| 1791 not found
10:45:10| 1796 not found
10:45:10| 1803 not found
10:45:10| 1804 not found
10:45:10| 1808 not found
10:45:10| 1810 not found
10:45:10| 1813 not found
10:45:10| 1818 not found
10:45:10| 1820 not found
10:45:10| 1822 not found
10:45:10| 1831 not found
10:45:10| 1833 not found
10:45:10| 1835 not found
10:45:10| 1838 not found
10:45:10| 1839 not found
10:45:10| 1848 not found
10:45:10| 1856 not found
10:45:10| 1859 not found
10:45:10| 1863 not found
10:45:10| 1871 not found
10:45:10| 1876 not found
10:45:10| 1880 not found
10:45:10| 1888 not found
10:45:10| 1890 not found
10:45:10| 1904 not found
10:45:10| 1907 not found
10:45:10| 1908 not found
10:45:10| 1909 not found
10:45:10| 1913 not found
10:45:10| 1919 not found
10:45:10| 1925 not found
10:45:10| 1926 not found
10:45:10| 1928 not found
10:45:10| 1930 not found
10:45:10| 1937 not found
10:45:10| 1938 not found
10:45:10| 1939 not found
10:45:10| 1941 not found
10:45:10| 1946 not found
10:45:10| 1951 not found
10:45:10| 1952 not found
10:45:10| 1960 not found
10:45:10| 1961 not found
10:45:10| 1964 not found
10:45:10| 1967 not found
10:45:10| 1969 not found
10:45:10| 1977 not found
10:45:10| 1978 not found
10:45:10| 1979 not found
10:45:10| 1980 not found
10:45:10| 1984 not found
10:45:10| 1985 not found
10:45:10| 1987 not found
10:45:10| 1994 not found
10:45:10| 1995 not found
10:45:10| 1996 not found
10:45:10| 1998 not found
10:45:10| 1999 not found
10:45:10| 2000 not found
10:45:10| 2008 not found
10:45:10| 2009 not found
10:45:10| 2010 not found
10:45:10| 2012 not found
10:45:10| 2013 not found
10:45:10| 2015 not found
10:45:10| 2034 not found
10:45:10| 2037 not found
10:45:10| 2044 not found
10:45:10| 2047 not found
10:45:10| 2057 not found
10:45:10| 2067 not found
10:45:10| 2070 not found
10:45:10| 2077 not found
10:45:10| 2079 not found
10:45:10| 2080 not found
10:45:10| 2083 not found
10:45:10| 2085 not found
10:45:10| 2087 not found
10:45:10| 2098 not found
10:45:10| 2099 not found
10:45:10| 2101 not found
10:45:10| 2103 not found
10:45:10| 2105 not found
10:45:10| 2107 not found
10:45:10| 2109 not found
10:45:10| 2110 not found
10:45:10| 2111 not found
10:45:10| 2121 not found
10:45:10| 2131 not found
10:45:10| 2147 not found
10:45:10| 2151 not found
10:45:10| 2152 not found
10:45:10| 2156 not found
10:45:10| 2158 not found
10:45:10| 2159 not found
10:45:10| 2161 not found
10:45:10| 2179 not found
10:45:10| 2183 not found
10:45:10| 2184 not found
10:45:10| 2186 not found
10:45:10| 2187 not found
10:45:10| 2188 not found
10:45:10| 2190 not found
10:45:10| 2192 not found
10:45:10| 2195 not found
10:45:10| 2196 not found
10:45:10| 2198 not found
10:45:10| 2199 not found
10:45:10| 2200 not found
10:45:10| 2203 not found
10:45:10| 2208 not found
10:45:10| 2210 not found
10:45:10| 2211 not found
10:45:10| 2213 not found
10:45:10| 2214 not found
10:45:10| 2216 not found
10:45:10| 2219 not found
10:45:10| 2221 not found
10:45:10| 2223 not found
10:45:10| 2227 not found
10:45:10| 2229 not found
10:45:10| 2239 not found
10:45:10| 2244 not found
10:45:10| 2251 not found
10:45:10| 2255 not found
10:45:10| 2258 not found
10:45:10| 2262 not found
10:45:10| 2264 not found
10:45:10| 2266 not found
10:45:10| 2273 not found
10:45:10| 2276 not found
10:45:10| 2277 not found
10:45:10| 2279 not found
10:45:10| 2282 not found
10:45:10| 2283 not found
10:45:10| 2284 not found
10:45:10| 2285 not found
10:45:10| 2291 not found
10:45:10| 2294 not found
10:45:10| 2295 not found
10:45:10| 2312 not found
10:45:10| 2322 not found
10:45:10| 2323 not found
10:45:10| 2324 not found
10:45:10| 2327 not found
10:45:10| 2329 not found
10:45:10| 2331 not found
10:45:10| 2334 not found
10:45:10| 2339 not found
10:45:10| 2344 not found
10:45:10| 2350 not found
10:45:10| 2353 not found
10:45:10| 2359 not found
10:45:10| 2362 not found
10:45:10| 2363 not found
10:45:10| 2364 not found
10:45:10| 2365 not found
10:45:10| 2367 not found
10:45:10| 2370 not found
10:45:10| 2372 not found
10:45:10| 2378 not found
10:45:10| 2380 not found
10:45:10| 2382 not found
10:45:10| 2386 not found
10:45:10| 2390 not found
10:45:10| 2396 not found
10:45:10| 2401 not found
10:45:10| 2406 not found
10:45:10| 2409 not found
10:45:10| 2412 not found
10:45:10| 2413 not found
10:45:10| 2414 not found
10:45:10| 2419 not found
10:45:10| 2420 not found
10:45:10| 2428 not found
10:45:10| 2432 not found
10:45:10| 2433 not found
10:45:10| 2437 not found
10:45:10| 2443 not found
10:45:10| 2445 not found
10:45:10| 2454 not found
10:45:10| 2457 not found
10:45:10| 2459 not found
10:45:10| 2460 not found
10:45:10| 2465 not found
10:45:10| 2467 not found
10:45:10| 2470 not found
10:45:10| 2475 not found
10:45:10| 2488 not found
10:45:10| 2495 not found
10:45:10| 2497 not found
10:45:10| 2498 not found
10:45:10| 2499 not found
10:45:10| 2501 not found
10:45:10| 2506 not found
10:45:10| 2511 not found
10:45:10| 2514 not found
10:45:10| 2517 not found
10:45:10| 2526 not found
10:45:10| 2528 not found
10:45:10| 2531 not found
10:45:10| 2534 not found
10:45:10| 2540 not found
10:45:10| 2544 not found
10:45:10| 2547 not found
10:45:10| 2559 not found
10:45:10| 2562 not found
10:45:10| 2571 not found
10:45:10| 2574 not found
10:45:10| 2578 not found
10:45:10| 2582 not found
10:45:10| 2584 not found
10:45:10| 2587 not found
10:45:10| 2588 not found
10:45:10| 2596 not found
10:45:10| 2599 not found
10:45:10| 2602 not found
10:45:10| 2610 not found
10:45:10| 2613 not found
10:45:10| 2616 not found
10:45:10| 2621 not found
10:45:10| 2629 not found
10:45:10| 2631 not found
10:45:10| 2635 not found
10:45:10| 2638 not found
10:45:10| 2643 not found
10:45:10| 2651 not found
10:45:10| 2661 not found
10:45:10| 2671 not found
10:45:10| 2673 not found
10:45:10| 2676 not found
10:45:10| 2677 not found
10:45:10| 2678 not found
10:45:10| 2679 not found
10:45:10| 2681 not found
10:45:10| 2685 not found
10:45:10| 2686 not found
10:45:10| 2687 not found
10:45:10| 2703 not found
10:45:10| 2704 not found
10:45:10| 2705 not found
10:45:10| 2707 not found
10:45:10| 2709 not found
10:45:10| 2710 not found
10:45:10| 2713 not found
10:45:10| 2714 not found
10:45:10| 2717 not found
10:45:10| 2722 not found
10:45:10| 2723 not found
10:45:10| 2726 not found
10:45:10| 2730 not found
10:45:10| 2742 not found
10:45:10| 2746 not found
10:45:10| 2749 not found
10:45:10| 2751 not found
10:45:10| 2754 not found
10:45:10| 2757 not found
10:45:10| 2759 not found
10:45:10| 2760 not found
10:45:10| 2764 not found
10:45:10| 2769 not found
10:45:10| 2787 not found
10:45:10| 2788 not found
10:45:10| 2793 not found
10:45:10| 2796 not found
10:45:10| 2797 not found
10:45:10| 2799 not found
10:45:10| 2803 not found
10:45:10| 2807 not found
10:45:10| 2809 not found
10:45:10| 2810 not found
10:45:10| 2811 not found
10:45:10| 2815 not found
10:45:10| 2818 not found
10:45:10| 2820 not found
10:45:10| 2830 not found
10:45:10| 2837 not found
10:45:10| 2844 not found
10:45:10| 2846 not found
10:45:10| 2848 not found
10:45:10| 2853 not found
10:45:10| 2862 not found
10:45:10| 2865 not found
10:45:10| 2866 not found
10:45:10| 2868 not found
10:45:10| 2869 not found
10:45:10| 2871 not found
10:45:10| 2876 not found
10:45:10| 2877 not found
10:45:10| 2878 not found
10:45:10| 2892 not found
10:45:10| 2894 not found
10:45:10| 2895 not found
10:45:10| 2905 not found
10:45:10| 2910 not found
10:45:10| 2918 not found
10:45:10| 2924 not found
10:45:10| 2927 not found
10:45:10| 2930 not found
10:45:10| 2932 not found
10:45:10| 2934 not found
10:45:10| 2946 not found
10:45:10| 2952 not found
10:45:10| 2953 not found
10:45:10| 2955 not found
10:45:10| 2966 not found
10:45:10| 2967 not found
10:45:10| 2968 not found
10:45:10| 2971 not found
10:45:10| 2974 not found
10:45:10| 2980 not found
10:45:10| 2982 not found
10:45:10| 2986 not found
10:45:10| 2995 not found
10:45:10| 2996 not found
10:45:10| 2997 not found
10:45:10| 3000 not found
10:45:10| 3001 not found
10:45:10| 3003 not found
10:45:10| 3004 not found
10:45:10| 3005 not found
10:45:10| 3016 not found
10:45:10| 3018 not found
10:45:10| 3019 not found
10:45:10| 3027 not found
10:45:10| 3031 not found
10:45:10| 3035 not found
10:45:10| 3038 not found
10:45:10| 3039 not found
10:45:10| 3040 not found
10:45:10| 3043 not found
10:45:10| 3046 not found
10:45:10| 3059 not found
10:45:10| 3063 not found
10:45:10| 3065 not found
10:45:10| 3067 not found
10:45:10| 3076 not found
10:45:10| 3078 not found
10:45:10| 3081 not found
10:45:10| 3086 not found
10:45:10| 3115 not found
10:45:10| 3118 not found
10:45:10| 3125 not found
10:45:10| 3128 not found
10:45:10| 3136 not found
10:45:10| 3140 not found
10:45:10| 3143 not found
10:45:10| 3146 not found
10:45:10| 3148 not found
10:45:10| 3157 not found
10:45:10| 3161 not found
10:45:10| 3179 not found
10:45:10| 3182 not found
10:45:10| 3201 not found
10:45:10| 3203 not found
10:45:10| 3208 not found
10:45:10| 3222 not found
10:45:10| 3224 not found
10:45:10| 3227 not found
10:45:10| 3229 not found
10:45:10| 3230 not found
10:45:10| 3233 not found
10:45:10| 3239 not found
10:45:10| 3248 not found
10:45:10| 3252 not found
10:45:10| 3254 not found
10:45:10| 3257 not found
10:45:10| 3260 not found
10:45:10| 3261 not found
10:45:10| 3262 not found
10:45:10| 3263 not found
10:45:10| 3264 not found
10:45:10| 3268 not found
10:45:10| 3276 not found
10:45:10| 3280 not found
10:45:10| 3288 not found
10:45:10| 3294 not found
10:45:10| 3300 not found
10:45:10| 3302 not found
10:45:10| 3306 not found
10:45:10| 3316 not found
10:45:10| 3317 not found
10:45:10| 3321 not found
10:45:10| 3323 not found
10:45:10| 3332 not found
10:45:10| 3339 not found
10:45:10| 3341 not found
10:45:10| 3342 not found
10:45:10| 3348 not found
10:45:10| 3351 not found
10:45:10| 3365 not found
10:45:10| 3366 not found
10:45:10| 3374 not found
10:45:10| 3375 not found
10:45:10| 3377 not found
10:45:10| 3379 not found
10:45:10| 3381 not found
10:45:10| 3383 not found
10:45:10| 3386 not found
10:45:10| 3392 not found
10:45:10| 3395 not found
10:45:10| 3405 not found
10:45:10| 3409 not found
10:45:10| 3411 not found
10:45:10| 3414 not found
10:45:10| 3417 not found
10:45:10| 3418 not found
10:45:10| 3424 not found
10:45:10| 3429 not found
10:45:10| 3431 not found
10:45:10| 3433 not found
10:45:10| 3435 not found
10:45:10| 3445 not found
10:45:10| 3454 not found
10:45:10| 3460 not found
10:45:10| 3467 not found
10:45:10| 3470 not found
10:45:10| 3475 not found
10:45:10| 3477 not found
10:45:10| 3482 not found
10:45:10| 3485 not found
10:45:10| 3489 not found
10:45:10| 3493 not found
10:45:10| 3495 not found
10:45:10| 3498 not found
10:45:10| 3502 not found
10:45:10| 3510 not found
10:45:10| 3516 not found
10:45:10| 3518 not found
10:45:10| 3520 not found
10:45:10| 3526 not found
10:45:10| 3533 not found
10:45:10| 3535 not found
10:45:10| 3540 not found
10:45:10| 3541 not found
10:45:10| 3544 not found
10:45:10| 3547 not found
10:45:10| 3560 not found
10:45:10| 3561 not found
10:45:10| 3562 not found
10:45:10| 3567 not found
10:45:10| 3570 not found
10:45:10| 3580 not found
10:45:10| 3583 not found
10:45:10| 3585 not found
10:45:10| 3588 not found
10:45:10| 3602 not found
10:45:10| 3604 not found
10:45:10| 3607 not found
10:45:10| 3608 not found
10:45:10| 3610 not found
10:45:10| 3615 not found
10:45:10| 3620 not found
10:45:10| 3621 not found
10:45:10| 3632 not found
10:45:10| 3635 not found
10:45:10| 3637 not found
10:45:10| 3638 not found
10:45:10| 3648 not found
10:45:10| 3658 not found
10:45:10| 3659 not found
10:45:10| 3664 not found
10:45:10| 3676 not found
10:45:10| 3682 not found
10:45:10| 3688 not found
10:45:10| 3692 not found
10:45:10| 3696 not found
10:45:10| 3697 not found
10:45:10| 3699 not found
10:45:10| 3701 not found
10:45:10| 3705 not found
10:45:10| 3710 not found
10:45:10| 3711 not found
10:45:10| 3712 not found
10:45:10| 3728 not found
10:45:10| 3729 not found
10:45:10| 3740 not found
10:45:10| 3742 not found
10:45:10| 3753 not found
10:45:10| 3758 not found
10:45:10| 3761 not found
10:45:10| 3763 not found
10:45:10| 3768 not found
10:45:10| 3770 not found
10:45:10| 3775 not found
10:45:10| 3778 not found
10:45:10| 3786 not found
10:45:10| 3787 not found
10:45:10| 3789 not found
10:45:10| 3795 not found
10:45:10| 3796 not found
10:45:10| 3807 not found
10:45:10| 3809 not found
10:45:10| 3811 not found
10:45:10| 3812 not found
10:45:10| 3813 not found
10:45:10| 3814 not found
10:45:10| 3821 not found
10:45:10| 3827 not found
10:45:10| 3831 not found
10:45:10| 3836 not found
10:45:10| 3841 not found
10:45:10| 3842 not found
10:45:10| 3856 not found
10:45:10| 3859 not found
10:45:10| 3868 not found
10:45:10| 3883 not found
10:45:10| 3884 not found
10:45:10| 3885 not found
10:45:10| 3889 not found
10:45:10| 3893 not found
10:45:10| 3901 not found
10:45:10| 3912 not found
10:45:10| 3918 not found
10:45:10| 3921 not found
10:45:10| 3922 not found
10:45:10| 3929 not found
10:45:10| 3934 not found
10:45:10| 3937 not found
10:45:10| 3940 not found
10:45:10| 3943 not found
10:45:10| 3952 not found
10:45:10| 3958 not found
10:45:10| 3959 not found
10:45:10| 3960 not found
10:45:10| 3962 not found
10:45:10| 3963 not found
10:45:10| 3966 not found
10:45:10| 3969 not found
10:45:10| 3978 not found
10:45:10| 3985 not found
10:45:10| 3988 not found
10:45:10| 3989 not found
10:45:10| 3994 not found
10:45:10| 3996 not found
10:45:10| 4000 not found
10:45:10| 4002 not found
10:45:10| 4003 not found
10:45:10| 4010 not found
10:45:10| 4011 not found
10:45:10| 4013 not found
10:45:10| 4014 not found
10:45:10| 4028 not found
10:45:10|  
10:45:10| --------------------------------------------------------------------------------
10:45:10| Uppercase: 0
10:45:10|  
10:45:10| --------------------------------------------------------------------------------
10:45:10| Sums: 0
10:45:10|  
10:45:10| --------------------------------------------------------------------------------
10:45:10| Names: 34
10:45:10| 392
10:45:10| 504
10:45:10| 571
10:45:10| 579
10:45:10| 581
10:45:10| 650
10:45:10| 684
10:45:10| 795
10:45:10| 1136
10:45:10| 1509
10:45:10| 1780
10:45:10| 1975
10:45:10| 2001
10:45:10| 2064
10:45:10| 2142
10:45:10| 2148
10:45:10| 2150
10:45:10| 2320
10:45:10| 2341
10:45:10| 2391
10:45:10| 2407
10:45:10| 2700
10:45:10| 2969
10:45:10| 3180
10:45:10| 3333
10:45:10| 3565
10:45:10| 3600
10:45:10| 3625
10:45:10| 3737
10:45:10| 3808
10:45:10| 3902
10:45:10| 3964
10:45:10| 3976
10:45:10| 4006
10:45:10|  
10:45:10| Number of Primes tasks: 1000
10:45:10| Number of Words tasks: 1000
10:45:10| Number of Uppercase tasks: 0
10:45:10| Number of Sums tasks: 0
10:45:10| Number of Names tasks: 34
10:45:10| Total time to process 4034 tasks = 79.08532780
