11:14:49| --------------------------------------------------------------------------------
11:14:49| Primes: 1
11:14:49| 9638760730083 is prime
11:14:49|  
11:14:49| --------------------------------------------------------------------------------
11:14:49| Words: 2
11:14:49| philobiblical
 not found
11:14:49| ['philobiblical\n not found']
11:14:49|  
11:14:49| --------------------------------------------------------------------------------
11:14:49| Uppercase: 0
11:14:49|  
11:14:49| --------------------------------------------------------------------------------
11:14:49| Sums: 0
11:14:49|  
11:14:49| --------------------------------------------------------------------------------
11:14:49| Names: 1
11:14:49| 2
11:14:49|  
11:14:49| Number of Primes tasks: 1
11:14:49| Number of Words tasks: 2
11:14:49| Number of Uppercase tasks: 0
11:14:49| Number of Sums tasks: 0
11:14:49| Number of Names tasks: 1
11:14:49| Total time to process 5 tasks = 2.12211460
