10:21:27| --------------------------------------------------------------------------------
10:21:27| Primes: 1
10:21:27| 4 is not prime
10:21:27|  
10:21:27| --------------------------------------------------------------------------------
10:21:27| Words: 1
10:21:27| 3 not found
10:21:27|  
10:21:27| --------------------------------------------------------------------------------
10:21:27| Uppercase: 0
10:21:27|  
10:21:27| --------------------------------------------------------------------------------
10:21:27| Sums: 0
10:21:27|  
10:21:27| --------------------------------------------------------------------------------
10:21:27| Names: 1
10:21:27| 2
10:21:27|  
10:21:27| Number of Primes tasks: 1
10:21:27| Number of Words tasks: 1
10:21:27| Number of Uppercase tasks: 0
10:21:27| Number of Sums tasks: 0
10:21:27| Number of Names tasks: 1
10:21:27| Total time to process 5 tasks = 2.14205430
