10:25:04| --------------------------------------------------------------------------------
10:25:04| Primes: 1
10:25:04| 4 is not prime
10:25:04|  
10:25:04| --------------------------------------------------------------------------------
10:25:04| Words: 1
10:25:04| 3 not found
10:25:04|  
10:25:04| --------------------------------------------------------------------------------
10:25:04| Uppercase: 0
10:25:04|  
10:25:04| --------------------------------------------------------------------------------
10:25:04| Sums: 0
10:25:04|  
10:25:04| --------------------------------------------------------------------------------
10:25:04| Names: 1
10:25:04| 2
10:25:04|  
10:25:04| Number of Primes tasks: 1
10:25:04| Number of Words tasks: 1
10:25:04| Number of Uppercase tasks: 0
10:25:04| Number of Sums tasks: 0
10:25:04| Number of Names tasks: 1
10:25:04| Total time to process 5 tasks = 2.31915620
