10:42:50| --------------------------------------------------------------------------------
10:42:50| Primes: 1
10:42:50| [4] is not prime
10:42:50|  
10:42:50| --------------------------------------------------------------------------------
10:42:50| Words: 1
10:42:50| 3 not found
10:42:50|  
10:42:50| --------------------------------------------------------------------------------
10:42:50| Uppercase: 0
10:42:50|  
10:42:50| --------------------------------------------------------------------------------
10:42:50| Sums: 0
10:42:50|  
10:42:50| --------------------------------------------------------------------------------
10:42:51| Names: 1
10:42:51| 2
10:42:51|  
10:42:51| Number of Primes tasks: 1
10:42:51| Number of Words tasks: 1
10:42:51| Number of Uppercase tasks: 0
10:42:51| Number of Sums tasks: 0
10:42:51| Number of Names tasks: 1
10:42:51| Total time to process 5 tasks = 2.12602230
