10:32:35| --------------------------------------------------------------------------------
10:32:35| Primes: 1
10:32:35| 4 is not prime
10:32:35|  
10:32:35| --------------------------------------------------------------------------------
10:32:35| Words: 1
10:32:35| 3 not found
10:32:35|  
10:32:35| --------------------------------------------------------------------------------
10:32:35| Uppercase: 0
10:32:35|  
10:32:35| --------------------------------------------------------------------------------
10:32:35| Sums: 0
10:32:35|  
10:32:35| --------------------------------------------------------------------------------
10:32:35| Names: 1
10:32:35| 2
10:32:35|  
10:32:35| Number of Primes tasks: 1
10:32:35| Number of Words tasks: 1
10:32:35| Number of Uppercase tasks: 0
10:32:35| Number of Sums tasks: 0
10:32:35| Number of Names tasks: 1
10:32:35| Total time to process 5 tasks = 2.16905990
