10:56:26| --------------------------------------------------------------------------------
10:56:26| Primes: 1
10:56:26| ['[] is not prime']
10:56:26|  
10:56:26| --------------------------------------------------------------------------------
10:56:26| Words: 1
10:56:26| philobiblical
 not found
10:56:26|  
10:56:26| --------------------------------------------------------------------------------
10:56:26| Uppercase: 0
10:56:26|  
10:56:26| --------------------------------------------------------------------------------
10:56:26| Sums: 0
10:56:26|  
10:56:26| --------------------------------------------------------------------------------
10:56:26| Names: 1
10:56:26| 2
10:56:26|  
10:56:26| Number of Primes tasks: 1
10:56:26| Number of Words tasks: 1
10:56:26| Number of Uppercase tasks: 0
10:56:26| Number of Sums tasks: 0
10:56:26| Number of Names tasks: 1
10:56:26| Total time to process 5 tasks = 2.09759980
