11:01:40| --------------------------------------------------------------------------------
11:01:40| Primes: 0
11:01:40|  
11:01:40| --------------------------------------------------------------------------------
11:01:40| Words: 1
11:01:40| philobiblical
 not found
11:01:40|  
11:01:40| --------------------------------------------------------------------------------
11:01:40| Uppercase: 0
11:01:40|  
11:01:40| --------------------------------------------------------------------------------
11:01:40| Sums: 0
11:01:40|  
11:01:40| --------------------------------------------------------------------------------
11:01:41| Names: 1
11:01:41| 2
11:01:41|  
11:01:41| Number of Primes tasks: 0
11:01:41| Number of Words tasks: 1
11:01:41| Number of Uppercase tasks: 0
11:01:41| Number of Sums tasks: 0
11:01:41| Number of Names tasks: 1
11:01:41| Total time to process 5 tasks = 2.11867550
