11:03:38| --------------------------------------------------------------------------------
11:03:38| Primes: 1
11:03:38| ['[] is not prime']
11:03:38|  
11:03:38| --------------------------------------------------------------------------------
11:03:38| Words: 1
11:03:38| philobiblical
 not found
11:03:38|  
11:03:38| --------------------------------------------------------------------------------
11:03:38| Uppercase: 0
11:03:38|  
11:03:38| --------------------------------------------------------------------------------
11:03:38| Sums: 0
11:03:38|  
11:03:38| --------------------------------------------------------------------------------
11:03:38| Names: 1
11:03:38| 2
11:03:38|  
11:03:38| Number of Primes tasks: 1
11:03:38| Number of Words tasks: 1
11:03:38| Number of Uppercase tasks: 0
11:03:38| Number of Sums tasks: 0
11:03:38| Number of Names tasks: 1
11:03:38| Total time to process 5 tasks = 2.20646920
