11:19:02| --------------------------------------------------------------------------------
11:19:02| Primes: 1
11:19:02| 9638760730083 is prime
11:19:02|  
11:19:02| --------------------------------------------------------------------------------
11:19:02| Words: 2
11:19:02| amusement not found
11:19:02| ["['amusement not found'] not found"]
11:19:02|  
11:19:02| --------------------------------------------------------------------------------
11:19:02| Uppercase: 1
11:19:02| INJECT ==> uppercase version of inject
11:19:02|  
11:19:02| --------------------------------------------------------------------------------
11:19:02| Sums: 1
11:19:02| 424 to 694,818 = 695,241
11:19:02|  
11:19:02| --------------------------------------------------------------------------------
11:19:02| Names: 2
11:19:02| http://127.0.0.1:8790/people/2/
11:19:02| [['http://127.0.0.1:8790/people/2/']]
11:19:02|  
11:19:02| Number of Primes tasks: 1
11:19:02| Number of Words tasks: 2
11:19:02| Number of Uppercase tasks: 1
11:19:02| Number of Sums tasks: 1
11:19:02| Number of Names tasks: 2
11:19:02| Total time to process 5 tasks = 2.10094440
