10:21:13| --------------------------------------------------------------------------------
10:21:13| Primes: 1
10:21:13| 4 is not prime
10:21:13|  
10:21:13| --------------------------------------------------------------------------------
10:21:13| Words: 1
10:21:13| 3 not found
10:21:13|  
10:21:13| --------------------------------------------------------------------------------
10:21:13| Uppercase: 0
10:21:13|  
10:21:13| --------------------------------------------------------------------------------
10:21:13| Sums: 0
10:21:13|  
10:21:13| --------------------------------------------------------------------------------
10:21:13| Names: 1
10:21:13| 2
10:21:13|  
10:21:13| Number of Primes tasks: 1
10:21:13| Number of Words tasks: 1
10:21:13| Number of Uppercase tasks: 0
10:21:13| Number of Sums tasks: 0
10:21:13| Number of Names tasks: 1
10:21:13| Total time to process 5 tasks = 2.16271570
