10:33:36| --------------------------------------------------------------------------------
10:33:36| Primes: 1
10:33:36| 4 is not prime
10:33:36|  
10:33:36| --------------------------------------------------------------------------------
10:33:36| Words: 1
10:33:36| 3 not found
10:33:36|  
10:33:36| --------------------------------------------------------------------------------
10:33:36| Uppercase: 0
10:33:36|  
10:33:36| --------------------------------------------------------------------------------
10:33:36| Sums: 0
10:33:36|  
10:33:36| --------------------------------------------------------------------------------
10:33:36| Names: 1
10:33:36| 2
10:33:36|  
10:33:36| Number of Primes tasks: 1
10:33:36| Number of Words tasks: 1
10:33:36| Number of Uppercase tasks: 0
10:33:36| Number of Sums tasks: 0
10:33:36| Number of Names tasks: 1
10:33:36| Total time to process 5 tasks = 34.87649130
