15:20:50| --------------------------------------------------------------------------------
15:20:50| Primes: 0
15:20:50|  
15:20:50| --------------------------------------------------------------------------------
15:20:50| Words: 1
15:20:50| p not found
15:20:50|  
15:20:50| --------------------------------------------------------------------------------
15:20:50| Uppercase: 0
15:20:50|  
15:20:50| --------------------------------------------------------------------------------
15:20:50| Sums: 0
15:20:50|  
15:20:50| --------------------------------------------------------------------------------
15:20:50| Names: 0
15:20:50|  
15:20:50| Number of Primes tasks: 0
15:20:50| Number of Words tasks: 1
15:20:50| Number of Uppercase tasks: 0
15:20:50| Number of Sums tasks: 0
15:20:50| Number of Names tasks: 0
15:20:50| Total time to process 5 tasks = 1.28021710
