15:20:31| --------------------------------------------------------------------------------
15:20:31| Primes: 0
15:20:31|  
15:20:31| --------------------------------------------------------------------------------
15:20:31| Words: 1
15:20:31| None
15:20:31|  
15:20:31| --------------------------------------------------------------------------------
15:20:31| Uppercase: 0
15:20:31|  
15:20:31| --------------------------------------------------------------------------------
15:20:31| Sums: 0
15:20:31|  
15:20:31| --------------------------------------------------------------------------------
15:20:31| Names: 0
15:20:31|  
15:20:31| Number of Primes tasks: 0
15:20:31| Number of Words tasks: 1
15:20:31| Number of Uppercase tasks: 0
15:20:31| Number of Sums tasks: 0
15:20:31| Number of Names tasks: 0
15:20:31| Total time to process 5 tasks = 1.24208660
