15:20:19| --------------------------------------------------------------------------------
15:20:19| Primes: 0
15:20:19|  
15:20:19| --------------------------------------------------------------------------------
15:20:19| Words: 1
15:20:19| None
15:20:19|  
15:20:19| --------------------------------------------------------------------------------
15:20:19| Uppercase: 0
15:20:19|  
15:20:19| --------------------------------------------------------------------------------
15:20:19| Sums: 0
15:20:19|  
15:20:19| --------------------------------------------------------------------------------
15:20:19| Names: 0
15:20:19|  
15:20:19| Number of Primes tasks: 0
15:20:19| Number of Words tasks: 1
15:20:19| Number of Uppercase tasks: 0
15:20:19| Number of Sums tasks: 0
15:20:19| Number of Names tasks: 0
15:20:19| Total time to process 5 tasks = 1.24805250
