15:19:49| --------------------------------------------------------------------------------
15:19:49| Primes: 0
15:19:49|  
15:19:49| --------------------------------------------------------------------------------
15:19:49| Words: 1
15:19:49| philobiblical
 not found
15:19:49|  
15:19:49| --------------------------------------------------------------------------------
15:19:49| Uppercase: 0
15:19:49|  
15:19:49| --------------------------------------------------------------------------------
15:19:49| Sums: 0
15:19:49|  
15:19:49| --------------------------------------------------------------------------------
15:19:49| Names: 0
15:19:49|  
15:19:49| Number of Primes tasks: 0
15:19:49| Number of Words tasks: 1
15:19:49| Number of Uppercase tasks: 0
15:19:49| Number of Sums tasks: 0
15:19:49| Number of Names tasks: 0
15:19:49| Total time to process 5 tasks = 1.25166340
