15:19:03| --------------------------------------------------------------------------------
15:19:03| Primes: 0
15:19:03|  
15:19:03| --------------------------------------------------------------------------------
15:19:03| Words: 1
15:19:03| {word} not found
15:19:03|  
15:19:03| --------------------------------------------------------------------------------
15:19:03| Uppercase: 0
15:19:03|  
15:19:03| --------------------------------------------------------------------------------
15:19:03| Sums: 0
15:19:03|  
15:19:03| --------------------------------------------------------------------------------
15:19:03| Names: 0
15:19:03|  
15:19:03| Number of Primes tasks: 0
15:19:03| Number of Words tasks: 1
15:19:03| Number of Uppercase tasks: 0
15:19:03| Number of Sums tasks: 0
15:19:03| Number of Names tasks: 0
15:19:03| Total time to process 5 tasks = 1.24949840
