12:02:12| --------------------------------------------------------------------------------
12:02:12| Primes: 0
12:02:12|  
12:02:12| --------------------------------------------------------------------------------
12:02:12| Words: 0
12:02:12|  
12:02:12| --------------------------------------------------------------------------------
12:02:12| Uppercase: 0
12:02:12|  
12:02:12| --------------------------------------------------------------------------------
12:02:12| Sums: 0
12:02:12|  
12:02:12| --------------------------------------------------------------------------------
12:02:12| Names: 0
12:02:12|  
12:02:12| Number of Primes tasks: 0
12:02:12| Number of Words tasks: 0
12:02:12| Number of Uppercase tasks: 0
12:02:12| Number of Sums tasks: 0
12:02:12| Number of Names tasks: 0
12:02:12| Total time to process 0 tasks = 75.28337970
