12:02:22| --------------------------------------------------------------------------------
12:02:22| Primes: 0
12:02:22|  
12:02:22| --------------------------------------------------------------------------------
12:02:22| Words: 0
12:02:22|  
12:02:22| --------------------------------------------------------------------------------
12:02:22| Uppercase: 0
12:02:22|  
12:02:22| --------------------------------------------------------------------------------
12:02:22| Sums: 0
12:02:22|  
12:02:22| --------------------------------------------------------------------------------
12:02:22| Names: 0
12:02:22|  
12:02:22| Number of Primes tasks: 0
12:02:22| Number of Words tasks: 0
12:02:22| Number of Uppercase tasks: 0
12:02:22| Number of Sums tasks: 0
12:02:22| Number of Names tasks: 0
12:02:22| Total time to process 0 tasks = 3.42877000
